[ 2016-08-02T09:35:23+08:00 ] ::1 /quwanba1/index.php/Admin
INFO: [ app_init ] --START--
INFO: Run Behavior\BuildLiteBehavior [ RunTime:0.000096s ]
INFO: [ app_init ] --END-- [ RunTime:0.001985s ]

[ 2016-08-02T09:35:23+08:00 ] ::1 /quwanba1/index.php/Admin/Index/main.html
INFO: [ app_init ] --START--
INFO: Run Behavior\BuildLiteBehavior [ RunTime:0.000090s ]
INFO: [ app_init ] --END-- [ RunTime:0.000796s ]

[ 2016-08-02T09:35:27+08:00 ] ::1 /quwanba1/index.php/Admin/Shop/index/admin_id/1.html
INFO: [ app_init ] --START--
INFO: Run Behavior\BuildLiteBehavior [ RunTime:0.000096s ]
INFO: [ app_init ] --END-- [ RunTime:0.000932s ]

[ 2016-08-02T09:35:28+08:00 ] ::1 /quwanba1/index.php/Admin/Index/check_login.html
INFO: [ app_init ] --START--
INFO: Run Behavior\BuildLiteBehavior [ RunTime:0.000170s ]
INFO: [ app_init ] --END-- [ RunTime:0.001090s ]
INFO: [ app_begin ] --START--
INFO: Run Behavior\ReadHtmlCacheBehavior [ RunTime:0.000660s ]
INFO: [ app_begin ] --END-- [ RunTime:0.001002s ]
SQL: SHOW COLUMNS FROM `qwb_admin` [ RunTime:0.0156s ]

[ 2016-08-02T09:35:30+08:00 ] ::1 /quwanba1/index.php/Admin/Shop/goods_detail/id/1.html
INFO: [ app_init ] --START--
INFO: Run Behavior\BuildLiteBehavior [ RunTime:0.000109s ]
INFO: [ app_init ] --END-- [ RunTime:0.000979s ]

[ 2016-08-02T09:35:31+08:00 ] ::1 /quwanba1/index.php/Admin/Index/check_login.html
INFO: [ app_init ] --START--
INFO: Run Behavior\BuildLiteBehavior [ RunTime:0.000084s ]
INFO: [ app_init ] --END-- [ RunTime:0.000754s ]
INFO: [ app_begin ] --START--
INFO: Run Behavior\ReadHtmlCacheBehavior [ RunTime:0.000987s ]
INFO: [ app_begin ] --END-- [ RunTime:0.001537s ]
SQL: SHOW COLUMNS FROM `qwb_admin` [ RunTime:0.0142s ]

[ 2016-08-02T09:35:53+08:00 ] ::1 /quwanba1/index.php/Admin/Shop/index/admin_id/1.html
INFO: [ app_init ] --START--
INFO: Run Behavior\BuildLiteBehavior [ RunTime:0.000092s ]
INFO: [ app_init ] --END-- [ RunTime:0.000990s ]

[ 2016-08-02T09:35:54+08:00 ] ::1 /quwanba1/index.php/Admin/Index/check_login.html
INFO: [ app_init ] --START--
INFO: Run Behavior\BuildLiteBehavior [ RunTime:0.000094s ]
INFO: [ app_init ] --END-- [ RunTime:0.001141s ]
INFO: [ app_begin ] --START--
INFO: Run Behavior\ReadHtmlCacheBehavior [ RunTime:0.000621s ]
INFO: [ app_begin ] --END-- [ RunTime:0.000941s ]
SQL: SHOW COLUMNS FROM `qwb_admin` [ RunTime:0.0090s ]

[ 2016-08-02T09:41:17+08:00 ] ::1 /quwanba1/index.php/Admin/index/aa
INFO: [ app_init ] --START--
INFO: Run Behavior\BuildLiteBehavior [ RunTime:0.000085s ]
INFO: [ app_init ] --END-- [ RunTime:0.000894s ]

[ 2016-08-02T09:41:33+08:00 ] ::1 /quwanba1/index.php/Admin/index/aa
INFO: [ app_init ] --START--
INFO: Run Behavior\BuildLiteBehavior [ RunTime:0.000101s ]
INFO: [ app_init ] --END-- [ RunTime:0.000958s ]

[ 2016-08-02T09:42:43+08:00 ] ::1 /quwanba1/index.php/Admin/index/aa
INFO: [ app_init ] --START--
INFO: Run Behavior\BuildLiteBehavior [ RunTime:0.000087s ]
INFO: [ app_init ] --END-- [ RunTime:0.000940s ]
ERR: 不存在的图像文件

[ 2016-08-02T09:43:21+08:00 ] ::1 /quwanba1/index.php/Admin/index/aa
INFO: [ app_init ] --START--
INFO: Run Behavior\BuildLiteBehavior [ RunTime:0.000081s ]
INFO: [ app_init ] --END-- [ RunTime:0.000797s ]

[ 2016-08-02T09:43:50+08:00 ] ::1 /quwanba1/index.php/Admin/index/aa
INFO: [ app_init ] --START--
INFO: Run Behavior\BuildLiteBehavior [ RunTime:0.000087s ]
INFO: [ app_init ] --END-- [ RunTime:0.000838s ]
ERR: 不存在的图像文件

[ 2016-08-02T09:43:51+08:00 ] ::1 /quwanba1/index.php/Admin/index/aa
INFO: [ app_init ] --START--
INFO: Run Behavior\BuildLiteBehavior [ RunTime:0.000107s ]
INFO: [ app_init ] --END-- [ RunTime:0.001032s ]
ERR: 不存在的图像文件

[ 2016-08-02T09:45:17+08:00 ] ::1 /quwanba1/index.php/Admin/index/aa
INFO: [ app_init ] --START--
INFO: Run Behavior\BuildLiteBehavior [ RunTime:0.000083s ]
INFO: [ app_init ] --END-- [ RunTime:0.000741s ]
ERR: 不存在的图像文件

[ 2016-08-02T09:45:18+08:00 ] ::1 /quwanba1/index.php/Admin/index/aa
INFO: [ app_init ] --START--
INFO: Run Behavior\BuildLiteBehavior [ RunTime:0.000083s ]
INFO: [ app_init ] --END-- [ RunTime:0.000769s ]
ERR: 不存在的图像文件

[ 2016-08-02T09:45:26+08:00 ] ::1 /quwanba1/index.php/Admin/index/aa
INFO: [ app_init ] --START--
INFO: Run Behavior\BuildLiteBehavior [ RunTime:0.000104s ]
INFO: [ app_init ] --END-- [ RunTime:0.001041s ]
ERR: 不存在的图像文件

[ 2016-08-02T09:45:27+08:00 ] ::1 /quwanba1/index.php/Admin/index/aa
INFO: [ app_init ] --START--
INFO: Run Behavior\BuildLiteBehavior [ RunTime:0.000094s ]
INFO: [ app_init ] --END-- [ RunTime:0.000779s ]
ERR: 不存在的图像文件

[ 2016-08-02T09:45:28+08:00 ] ::1 /quwanba1/index.php/Admin/index/aa
INFO: [ app_init ] --START--
INFO: Run Behavior\BuildLiteBehavior [ RunTime:0.000086s ]
INFO: [ app_init ] --END-- [ RunTime:0.000764s ]
ERR: 不存在的图像文件

[ 2016-08-02T09:46:46+08:00 ] ::1 /quwanba1/index.php/Admin/index/aa
INFO: [ app_init ] --START--
INFO: Run Behavior\BuildLiteBehavior [ RunTime:0.000095s ]
INFO: [ app_init ] --END-- [ RunTime:0.001143s ]

[ 2016-08-02T09:47:05+08:00 ] ::1 /quwanba1/index.php/Admin/index/aa
INFO: [ app_init ] --START--
INFO: Run Behavior\BuildLiteBehavior [ RunTime:0.000093s ]
INFO: [ app_init ] --END-- [ RunTime:0.000930s ]

[ 2016-08-02T09:54:54+08:00 ] ::1 /quwanba1/index.php/Admin/Ad/index/admin_id/1.html
INFO: [ app_init ] --START--
INFO: Run Behavior\BuildLiteBehavior [ RunTime:0.000094s ]
INFO: [ app_init ] --END-- [ RunTime:0.000886s ]

[ 2016-08-02T09:54:55+08:00 ] ::1 /quwanba1/index.php/Admin/Index/check_login.html
INFO: [ app_init ] --START--
INFO: Run Behavior\BuildLiteBehavior [ RunTime:0.000094s ]
INFO: [ app_init ] --END-- [ RunTime:0.000874s ]
INFO: [ app_begin ] --START--
INFO: Run Behavior\ReadHtmlCacheBehavior [ RunTime:0.000728s ]
INFO: [ app_begin ] --END-- [ RunTime:0.001054s ]
SQL: SHOW COLUMNS FROM `qwb_admin` [ RunTime:0.0126s ]

[ 2016-08-02T09:54:56+08:00 ] ::1 /quwanba1/index.php/Admin/Ad/ad_add_page.html
INFO: [ app_init ] --START--
INFO: Run Behavior\BuildLiteBehavior [ RunTime:0.000089s ]
INFO: [ app_init ] --END-- [ RunTime:0.000845s ]

[ 2016-08-02T09:54:56+08:00 ] ::1 /quwanba1/index.php/Admin/Index/check_login.html
INFO: [ app_init ] --START--
INFO: Run Behavior\BuildLiteBehavior [ RunTime:0.000100s ]
INFO: [ app_init ] --END-- [ RunTime:0.001039s ]
INFO: [ app_begin ] --START--
INFO: Run Behavior\ReadHtmlCacheBehavior [ RunTime:0.000965s ]
INFO: [ app_begin ] --END-- [ RunTime:0.001444s ]
SQL: SHOW COLUMNS FROM `qwb_admin` [ RunTime:0.0090s ]

[ 2016-08-02T09:55:08+08:00 ] ::1 /quwanba1/index.php/Admin/Ad/ad_add.html
INFO: [ app_init ] --START--
INFO: Run Behavior\BuildLiteBehavior [ RunTime:0.000092s ]
INFO: [ app_init ] --END-- [ RunTime:0.000804s ]

[ 2016-08-02T09:55:08+08:00 ] ::1 /quwanba1/index.php/Admin/Ad/ad_add_page.html
INFO: [ app_init ] --START--
INFO: Run Behavior\BuildLiteBehavior [ RunTime:0.000097s ]
INFO: [ app_init ] --END-- [ RunTime:0.000860s ]

[ 2016-08-02T09:55:08+08:00 ] ::1 /quwanba1/index.php/Admin/Index/check_login.html
INFO: [ app_init ] --START--
INFO: Run Behavior\BuildLiteBehavior [ RunTime:0.000088s ]
INFO: [ app_init ] --END-- [ RunTime:0.000900s ]
INFO: [ app_begin ] --START--
INFO: Run Behavior\ReadHtmlCacheBehavior [ RunTime:0.000776s ]
INFO: [ app_begin ] --END-- [ RunTime:0.001314s ]
SQL: SHOW COLUMNS FROM `qwb_admin` [ RunTime:0.0150s ]

[ 2016-08-02T09:55:13+08:00 ] ::1 /quwanba1/index.php/Admin/Ad/index/admin_id/1.html
INFO: [ app_init ] --START--
INFO: Run Behavior\BuildLiteBehavior [ RunTime:0.000094s ]
INFO: [ app_init ] --END-- [ RunTime:0.000897s ]

[ 2016-08-02T09:55:13+08:00 ] ::1 /quwanba1/index.php/Admin/Index/check_login.html
INFO: [ app_init ] --START--
INFO: Run Behavior\BuildLiteBehavior [ RunTime:0.000100s ]
INFO: [ app_init ] --END-- [ RunTime:0.000780s ]
INFO: [ app_begin ] --START--
INFO: Run Behavior\ReadHtmlCacheBehavior [ RunTime:0.000660s ]
INFO: [ app_begin ] --END-- [ RunTime:0.001028s ]
SQL: SHOW COLUMNS FROM `qwb_admin` [ RunTime:0.0122s ]

[ 2016-08-02T09:55:15+08:00 ] ::1 /quwanba1/index.php/Admin/Ad/ad_detail/id/3.html
INFO: [ app_init ] --START--
INFO: Run Behavior\BuildLiteBehavior [ RunTime:0.000084s ]
INFO: [ app_init ] --END-- [ RunTime:0.000739s ]

[ 2016-08-02T09:55:15+08:00 ] ::1 /quwanba1/index.php/Admin/Index/check_login.html
INFO: [ app_init ] --START--
INFO: Run Behavior\BuildLiteBehavior [ RunTime:0.000085s ]
INFO: [ app_init ] --END-- [ RunTime:0.000787s ]
INFO: [ app_begin ] --START--
INFO: Run Behavior\ReadHtmlCacheBehavior [ RunTime:0.000617s ]
INFO: [ app_begin ] --END-- [ RunTime:0.000933s ]
SQL: SHOW COLUMNS FROM `qwb_admin` [ RunTime:0.0082s ]

[ 2016-08-02T09:55:17+08:00 ] ::1 /quwanba1/index.php/Admin/Ad/index.html
INFO: [ app_init ] --START--
INFO: Run Behavior\BuildLiteBehavior [ RunTime:0.000084s ]
INFO: [ app_init ] --END-- [ RunTime:0.000754s ]

[ 2016-08-02T09:55:18+08:00 ] ::1 /quwanba1/index.php/Admin/Index/check_login.html
INFO: [ app_init ] --START--
INFO: Run Behavior\BuildLiteBehavior [ RunTime:0.000087s ]
INFO: [ app_init ] --END-- [ RunTime:0.000794s ]
INFO: [ app_begin ] --START--
INFO: Run Behavior\ReadHtmlCacheBehavior [ RunTime:0.000664s ]
INFO: [ app_begin ] --END-- [ RunTime:0.001011s ]
SQL: SHOW COLUMNS FROM `qwb_admin` [ RunTime:0.0203s ]

[ 2016-08-02T10:02:19+08:00 ] ::1 /quwanba1/index.php/Admin
INFO: [ app_init ] --START--
INFO: Run Behavior\BuildLiteBehavior [ RunTime:0.000119s ]
INFO: [ app_init ] --END-- [ RunTime:0.001137s ]

[ 2016-08-02T10:02:19+08:00 ] ::1 /quwanba1/index.php/Admin/Index/main.html
INFO: [ app_init ] --START--
INFO: Run Behavior\BuildLiteBehavior [ RunTime:0.000085s ]
INFO: [ app_init ] --END-- [ RunTime:0.000763s ]

[ 2016-08-02T10:02:23+08:00 ] ::1 /quwanba1/index.php/Admin/Ad/index
INFO: [ app_init ] --START--
INFO: Run Behavior\BuildLiteBehavior [ RunTime:0.000126s ]
INFO: [ app_init ] --END-- [ RunTime:0.001175s ]

[ 2016-08-02T10:02:24+08:00 ] ::1 /quwanba1/index.php/Admin/Index/check_login.html
INFO: [ app_init ] --START--
INFO: Run Behavior\BuildLiteBehavior [ RunTime:0.000096s ]
INFO: [ app_init ] --END-- [ RunTime:0.000787s ]
INFO: [ app_begin ] --START--
INFO: Run Behavior\ReadHtmlCacheBehavior [ RunTime:0.000967s ]
INFO: [ app_begin ] --END-- [ RunTime:0.001617s ]
SQL: SHOW COLUMNS FROM `qwb_admin` [ RunTime:0.0157s ]

[ 2016-08-02T10:02:25+08:00 ] ::1 /quwanba1/index.php/Admin/Ad/ad_detail/id/3.html
INFO: [ app_init ] --START--
INFO: Run Behavior\BuildLiteBehavior [ RunTime:0.000096s ]
INFO: [ app_init ] --END-- [ RunTime:0.000859s ]

[ 2016-08-02T10:02:28+08:00 ] ::1 /quwanba1/index.php/Admin/Ad/ad_detail/id/3.html
INFO: [ app_init ] --START--
INFO: Run Behavior\BuildLiteBehavior [ RunTime:0.000091s ]
INFO: [ app_init ] --END-- [ RunTime:0.000797s ]

[ 2016-08-02T10:03:33+08:00 ] ::1 /quwanba1/index.php/Admin/Ad/ad_detail/id/3.html
INFO: [ app_init ] --START--
INFO: Run Behavior\BuildLiteBehavior [ RunTime:0.000084s ]
INFO: [ app_init ] --END-- [ RunTime:0.000819s ]

[ 2016-08-02T10:03:36+08:00 ] ::1 /quwanba1/index.php/Admin/Ad/ad_detail/id/3.html
INFO: [ app_init ] --START--
INFO: Run Behavior\BuildLiteBehavior [ RunTime:0.000097s ]
INFO: [ app_init ] --END-- [ RunTime:0.000855s ]

[ 2016-08-02T10:03:36+08:00 ] ::1 /quwanba1/index.php/Admin/Index/check_login.html
INFO: [ app_init ] --START--
INFO: Run Behavior\BuildLiteBehavior [ RunTime:0.000101s ]
INFO: [ app_init ] --END-- [ RunTime:0.001036s ]
INFO: [ app_begin ] --START--
INFO: Run Behavior\ReadHtmlCacheBehavior [ RunTime:0.000762s ]
INFO: [ app_begin ] --END-- [ RunTime:0.001144s ]
SQL: SHOW COLUMNS FROM `qwb_admin` [ RunTime:0.0114s ]

[ 2016-08-02T10:04:34+08:00 ] ::1 /quwanba1/index.php/Admin/Ad/ad_detail/id/3.html
INFO: [ app_init ] --START--
INFO: Run Behavior\BuildLiteBehavior [ RunTime:0.000084s ]
INFO: [ app_init ] --END-- [ RunTime:0.000772s ]

[ 2016-08-02T10:04:35+08:00 ] ::1 /quwanba1/index.php/Admin/Index/check_login.html
INFO: [ app_init ] --START--
INFO: Run Behavior\BuildLiteBehavior [ RunTime:0.000201s ]
INFO: [ app_init ] --END-- [ RunTime:0.001520s ]
INFO: [ app_begin ] --START--
INFO: Run Behavior\ReadHtmlCacheBehavior [ RunTime:0.000893s ]
INFO: [ app_begin ] --END-- [ RunTime:0.001408s ]
SQL: SHOW COLUMNS FROM `qwb_admin` [ RunTime:0.0120s ]

[ 2016-08-02T10:04:35+08:00 ] ::1 /quwanba1/index.php/Admin/Ad/ad_detail/id/index.js.map
INFO: [ app_init ] --START--
INFO: Run Behavior\BuildLiteBehavior [ RunTime:0.000195s ]
INFO: [ app_init ] --END-- [ RunTime:0.001587s ]

[ 2016-08-02T10:04:37+08:00 ] ::1 /quwanba1/index.php/Admin/Ad/ad_detail/id/3.html
INFO: [ app_init ] --START--
INFO: Run Behavior\BuildLiteBehavior [ RunTime:0.000081s ]
INFO: [ app_init ] --END-- [ RunTime:0.000727s ]

[ 2016-08-02T10:04:37+08:00 ] ::1 /quwanba1/index.php/Admin/Index/check_login.html
INFO: [ app_init ] --START--
INFO: Run Behavior\BuildLiteBehavior [ RunTime:0.000124s ]
INFO: [ app_init ] --END-- [ RunTime:0.000931s ]
INFO: [ app_begin ] --START--
INFO: Run Behavior\ReadHtmlCacheBehavior [ RunTime:0.000636s ]
INFO: [ app_begin ] --END-- [ RunTime:0.001050s ]
SQL: SHOW COLUMNS FROM `qwb_admin` [ RunTime:0.0069s ]

[ 2016-08-02T10:04:37+08:00 ] ::1 /quwanba1/index.php/Admin/Ad/ad_detail/id/index.js.map
INFO: [ app_init ] --START--
INFO: Run Behavior\BuildLiteBehavior [ RunTime:0.000089s ]
INFO: [ app_init ] --END-- [ RunTime:0.000930s ]

[ 2016-08-02T10:04:38+08:00 ] ::1 /quwanba1/index.php/Admin/Ad/ad_detail/id/3.html
INFO: [ app_init ] --START--
INFO: Run Behavior\BuildLiteBehavior [ RunTime:0.000100s ]
INFO: [ app_init ] --END-- [ RunTime:0.001078s ]

[ 2016-08-02T10:04:38+08:00 ] ::1 /quwanba1/index.php/Admin/Index/check_login.html
INFO: [ app_init ] --START--
INFO: Run Behavior\BuildLiteBehavior [ RunTime:0.000093s ]
INFO: [ app_init ] --END-- [ RunTime:0.001049s ]
INFO: [ app_begin ] --START--
INFO: Run Behavior\ReadHtmlCacheBehavior [ RunTime:0.000646s ]
INFO: [ app_begin ] --END-- [ RunTime:0.001040s ]
SQL: SHOW COLUMNS FROM `qwb_admin` [ RunTime:0.0447s ]

[ 2016-08-02T10:04:39+08:00 ] ::1 /quwanba1/index.php/Admin/Ad/ad_detail/id/index.js.map
INFO: [ app_init ] --START--
INFO: Run Behavior\BuildLiteBehavior [ RunTime:0.000085s ]
INFO: [ app_init ] --END-- [ RunTime:0.000769s ]

[ 2016-08-02T10:05:31+08:00 ] ::1 /quwanba1/index.php/Admin/Ad/ad_detail/id/3.html
INFO: [ app_init ] --START--
INFO: Run Behavior\BuildLiteBehavior [ RunTime:0.000106s ]
INFO: [ app_init ] --END-- [ RunTime:0.001000s ]

[ 2016-08-02T10:05:31+08:00 ] ::1 /quwanba1/index.php/Admin/Index/check_login.html
INFO: [ app_init ] --START--
INFO: Run Behavior\BuildLiteBehavior [ RunTime:0.000092s ]
INFO: [ app_init ] --END-- [ RunTime:0.000862s ]
INFO: [ app_begin ] --START--
INFO: Run Behavior\ReadHtmlCacheBehavior [ RunTime:0.000630s ]
INFO: [ app_begin ] --END-- [ RunTime:0.000954s ]
SQL: SHOW COLUMNS FROM `qwb_admin` [ RunTime:0.0100s ]

[ 2016-08-02T10:05:31+08:00 ] ::1 /quwanba1/index.php/Admin/Ad/ad_detail/id/index.js.map
INFO: [ app_init ] --START--
INFO: Run Behavior\BuildLiteBehavior [ RunTime:0.000101s ]
INFO: [ app_init ] --END-- [ RunTime:0.000780s ]

[ 2016-08-02T10:06:11+08:00 ] ::1 /quwanba1/index.php/Admin/Ad/ad_detail/id/3.html
INFO: [ app_init ] --START--
INFO: Run Behavior\BuildLiteBehavior [ RunTime:0.000097s ]
INFO: [ app_init ] --END-- [ RunTime:0.000919s ]

[ 2016-08-02T10:06:11+08:00 ] ::1 /quwanba1/index.php/Admin/Index/check_login.html
INFO: [ app_init ] --START--
INFO: Run Behavior\BuildLiteBehavior [ RunTime:0.000095s ]
INFO: [ app_init ] --END-- [ RunTime:0.001000s ]
INFO: [ app_begin ] --START--
INFO: Run Behavior\ReadHtmlCacheBehavior [ RunTime:0.000682s ]
INFO: [ app_begin ] --END-- [ RunTime:0.001027s ]
SQL: SHOW COLUMNS FROM `qwb_admin` [ RunTime:0.0082s ]

[ 2016-08-02T10:06:11+08:00 ] ::1 /quwanba1/index.php/Admin/Ad/ad_detail/id/index.js.map
INFO: [ app_init ] --START--
INFO: Run Behavior\BuildLiteBehavior [ RunTime:0.000087s ]
INFO: [ app_init ] --END-- [ RunTime:0.000772s ]

[ 2016-08-02T10:06:17+08:00 ] ::1 /quwanba1/index.php/Admin/Ad/ad_detail/id/3.html
INFO: [ app_init ] --START--
INFO: Run Behavior\BuildLiteBehavior [ RunTime:0.000081s ]
INFO: [ app_init ] --END-- [ RunTime:0.000740s ]

[ 2016-08-02T10:06:17+08:00 ] ::1 /quwanba1/index.php/Admin/Index/check_login.html
INFO: [ app_init ] --START--
INFO: Run Behavior\BuildLiteBehavior [ RunTime:0.000102s ]
INFO: [ app_init ] --END-- [ RunTime:0.000957s ]
INFO: [ app_begin ] --START--
INFO: Run Behavior\ReadHtmlCacheBehavior [ RunTime:0.000782s ]
INFO: [ app_begin ] --END-- [ RunTime:0.001146s ]
SQL: SHOW COLUMNS FROM `qwb_admin` [ RunTime:0.0115s ]

[ 2016-08-02T10:06:17+08:00 ] ::1 /quwanba1/index.php/Admin/Ad/ad_detail/id/index.js.map
INFO: [ app_init ] --START--
INFO: Run Behavior\BuildLiteBehavior [ RunTime:0.000114s ]
INFO: [ app_init ] --END-- [ RunTime:0.000970s ]

[ 2016-08-02T10:06:51+08:00 ] ::1 /quwanba1/index.php/Admin/Ad/ad_detail/id/3.html
INFO: [ app_init ] --START--
INFO: Run Behavior\BuildLiteBehavior [ RunTime:0.000085s ]
INFO: [ app_init ] --END-- [ RunTime:0.000801s ]

[ 2016-08-02T10:06:51+08:00 ] ::1 /quwanba1/index.php/Admin/Public/login.html
INFO: [ app_init ] --START--
INFO: Run Behavior\BuildLiteBehavior [ RunTime:0.000091s ]
INFO: [ app_init ] --END-- [ RunTime:0.000795s ]

[ 2016-08-02T10:06:58+08:00 ] ::1 /quwanba1/index.php/Admin/Public/login.html
INFO: [ app_init ] --START--
INFO: Run Behavior\BuildLiteBehavior [ RunTime:0.000091s ]
INFO: [ app_init ] --END-- [ RunTime:0.000816s ]

[ 2016-08-02T10:07:00+08:00 ] ::1 /quwanba1/index.php/Admin/Index/index.html
INFO: [ app_init ] --START--
INFO: Run Behavior\BuildLiteBehavior [ RunTime:0.000086s ]
INFO: [ app_init ] --END-- [ RunTime:0.000755s ]

[ 2016-08-02T10:07:01+08:00 ] ::1 /quwanba1/index.php/Admin/Index/index.html
INFO: [ app_init ] --START--
INFO: Run Behavior\BuildLiteBehavior [ RunTime:0.000098s ]
INFO: [ app_init ] --END-- [ RunTime:0.000942s ]

[ 2016-08-02T10:07:01+08:00 ] ::1 /quwanba1/index.php/Admin/Index/main.html
INFO: [ app_init ] --START--
INFO: Run Behavior\BuildLiteBehavior [ RunTime:0.000085s ]
INFO: [ app_init ] --END-- [ RunTime:0.000825s ]

[ 2016-08-02T10:07:03+08:00 ] ::1 /quwanba1/index.php/Admin/Ad/ad_detail/id/3.html
INFO: [ app_init ] --START--
INFO: Run Behavior\BuildLiteBehavior [ RunTime:0.000086s ]
INFO: [ app_init ] --END-- [ RunTime:0.000745s ]

[ 2016-08-02T10:07:04+08:00 ] ::1 /quwanba1/index.php/Admin/Index/check_login.html
INFO: [ app_init ] --START--
INFO: Run Behavior\BuildLiteBehavior [ RunTime:0.000087s ]
INFO: [ app_init ] --END-- [ RunTime:0.000774s ]
INFO: [ app_begin ] --START--
INFO: Run Behavior\ReadHtmlCacheBehavior [ RunTime:0.000687s ]
INFO: [ app_begin ] --END-- [ RunTime:0.001103s ]
SQL: SHOW COLUMNS FROM `qwb_admin` [ RunTime:0.0116s ]

[ 2016-08-02T10:07:18+08:00 ] ::1 /quwanba1/index.php/Admin/Ad/ad_detail/id/3.html
INFO: [ app_init ] --START--
INFO: Run Behavior\BuildLiteBehavior [ RunTime:0.000089s ]
INFO: [ app_init ] --END-- [ RunTime:0.000844s ]

[ 2016-08-02T10:07:19+08:00 ] ::1 /quwanba1/index.php/Admin/Index/check_login.html
INFO: [ app_init ] --START--
INFO: Run Behavior\BuildLiteBehavior [ RunTime:0.000092s ]
INFO: [ app_init ] --END-- [ RunTime:0.000809s ]
INFO: [ app_begin ] --START--
INFO: Run Behavior\ReadHtmlCacheBehavior [ RunTime:0.000622s ]
INFO: [ app_begin ] --END-- [ RunTime:0.000946s ]
SQL: SHOW COLUMNS FROM `qwb_admin` [ RunTime:0.0102s ]

[ 2016-08-02T10:07:22+08:00 ] ::1 /quwanba1/index.php/Admin/Ad/ad_detail/id/3.html
INFO: [ app_init ] --START--
INFO: Run Behavior\BuildLiteBehavior [ RunTime:0.000100s ]
INFO: [ app_init ] --END-- [ RunTime:0.000936s ]

[ 2016-08-02T10:07:23+08:00 ] ::1 /quwanba1/index.php/Admin/Index/check_login.html
INFO: [ app_init ] --START--
INFO: Run Behavior\BuildLiteBehavior [ RunTime:0.000084s ]
INFO: [ app_init ] --END-- [ RunTime:0.000769s ]
INFO: [ app_begin ] --START--
INFO: Run Behavior\ReadHtmlCacheBehavior [ RunTime:0.000596s ]
INFO: [ app_begin ] --END-- [ RunTime:0.000907s ]
SQL: SHOW COLUMNS FROM `qwb_admin` [ RunTime:0.0116s ]

[ 2016-08-02T10:08:23+08:00 ] ::1 /quwanba1/index.php/Admin/Index/check_login.html
INFO: [ app_init ] --START--
INFO: Run Behavior\BuildLiteBehavior [ RunTime:0.000129s ]
INFO: [ app_init ] --END-- [ RunTime:0.001066s ]
INFO: [ app_begin ] --START--
INFO: Run Behavior\ReadHtmlCacheBehavior [ RunTime:0.000717s ]
INFO: [ app_begin ] --END-- [ RunTime:0.001162s ]
SQL: SHOW COLUMNS FROM `qwb_admin` [ RunTime:0.0090s ]

[ 2016-08-02T10:08:26+08:00 ] ::1 /quwanba1/index.php/Admin/Ad/ad_add_page.html
INFO: [ app_init ] --START--
INFO: Run Behavior\BuildLiteBehavior [ RunTime:0.000114s ]
INFO: [ app_init ] --END-- [ RunTime:0.000918s ]

[ 2016-08-02T10:08:26+08:00 ] ::1 /quwanba1/index.php/Admin/Index/check_login.html
INFO: [ app_init ] --START--
INFO: Run Behavior\BuildLiteBehavior [ RunTime:0.000119s ]
INFO: [ app_init ] --END-- [ RunTime:0.000981s ]
INFO: [ app_begin ] --START--
INFO: Run Behavior\ReadHtmlCacheBehavior [ RunTime:0.000757s ]
INFO: [ app_begin ] --END-- [ RunTime:0.001234s ]
SQL: SHOW COLUMNS FROM `qwb_admin` [ RunTime:0.0079s ]

[ 2016-08-02T10:13:03+08:00 ] ::1 /quwanba1/index.php/Admin/Ad/ad_add.html
INFO: [ app_init ] --START--
INFO: Run Behavior\BuildLiteBehavior [ RunTime:0.000142s ]
INFO: [ app_init ] --END-- [ RunTime:0.001201s ]

[ 2016-08-02T10:15:56+08:00 ] ::1 /quwanba1/index.php/Admin/Index/check_login.html
INFO: [ app_init ] --START--
INFO: Run Behavior\BuildLiteBehavior [ RunTime:0.000119s ]
INFO: [ app_init ] --END-- [ RunTime:0.000967s ]
INFO: [ app_begin ] --START--
INFO: Run Behavior\ReadHtmlCacheBehavior [ RunTime:0.000756s ]
INFO: [ app_begin ] --END-- [ RunTime:0.001193s ]
SQL: SHOW COLUMNS FROM `qwb_admin` [ RunTime:0.0261s ]

[ 2016-08-02T10:18:04+08:00 ] ::1 /quwanba1/index.php/Admin/Ad/ad_add.html
INFO: [ app_init ] --START--
INFO: Run Behavior\BuildLiteBehavior [ RunTime:0.000136s ]
INFO: [ app_init ] --END-- [ RunTime:0.001062s ]

[ 2016-08-02T10:18:18+08:00 ] ::1 /quwanba1/index.php/Admin/Index/check_login.html
INFO: [ app_init ] --START--
INFO: Run Behavior\BuildLiteBehavior [ RunTime:0.000090s ]
INFO: [ app_init ] --END-- [ RunTime:0.000779s ]
INFO: [ app_begin ] --START--
INFO: Run Behavior\ReadHtmlCacheBehavior [ RunTime:0.000645s ]
INFO: [ app_begin ] --END-- [ RunTime:0.000972s ]
SQL: SHOW COLUMNS FROM `qwb_admin` [ RunTime:0.0857s ]

[ 2016-08-02T10:18:19+08:00 ] ::1 /quwanba1/index.php/Admin/Ad/ad_add.html
INFO: [ app_init ] --START--
INFO: Run Behavior\BuildLiteBehavior [ RunTime:0.000131s ]
INFO: [ app_init ] --END-- [ RunTime:0.001007s ]

[ 2016-08-02T10:18:20+08:00 ] ::1 /quwanba1/index.php/Admin/Ad/ad_add_page.html
INFO: [ app_init ] --START--
INFO: Run Behavior\BuildLiteBehavior [ RunTime:0.000083s ]
INFO: [ app_init ] --END-- [ RunTime:0.000737s ]

[ 2016-08-02T10:18:21+08:00 ] ::1 /quwanba1/index.php/Admin/Index/check_login.html
INFO: [ app_init ] --START--
INFO: Run Behavior\BuildLiteBehavior [ RunTime:0.000101s ]
INFO: [ app_init ] --END-- [ RunTime:0.000887s ]
INFO: [ app_begin ] --START--
INFO: Run Behavior\ReadHtmlCacheBehavior [ RunTime:0.000789s ]
INFO: [ app_begin ] --END-- [ RunTime:0.001217s ]
SQL: SHOW COLUMNS FROM `qwb_admin` [ RunTime:0.0500s ]

[ 2016-08-02T10:19:05+08:00 ] ::1 /quwanba1/index.php/Admin/Ad/ad_add_page.html
INFO: [ app_init ] --START--
INFO: Run Behavior\BuildLiteBehavior [ RunTime:0.000101s ]
INFO: [ app_init ] --END-- [ RunTime:0.000899s ]

[ 2016-08-02T10:19:05+08:00 ] ::1 /quwanba1/index.php/Admin/Index/check_login.html
INFO: [ app_init ] --START--
INFO: Run Behavior\BuildLiteBehavior [ RunTime:0.000087s ]
INFO: [ app_init ] --END-- [ RunTime:0.000773s ]
INFO: [ app_begin ] --START--
INFO: Run Behavior\ReadHtmlCacheBehavior [ RunTime:0.000648s ]
INFO: [ app_begin ] --END-- [ RunTime:0.000973s ]
SQL: SHOW COLUMNS FROM `qwb_admin` [ RunTime:0.0151s ]

[ 2016-08-02T10:19:15+08:00 ] ::1 /quwanba1/index.php/Admin/Ad/ad_add.html
INFO: [ app_init ] --START--
INFO: Run Behavior\BuildLiteBehavior [ RunTime:0.000085s ]
INFO: [ app_init ] --END-- [ RunTime:0.000770s ]

[ 2016-08-02T10:19:15+08:00 ] ::1 /quwanba1/index.php/Admin/Ad/ad_add_page.html
INFO: [ app_init ] --START--
INFO: Run Behavior\BuildLiteBehavior [ RunTime:0.000082s ]
INFO: [ app_init ] --END-- [ RunTime:0.000792s ]

[ 2016-08-02T10:19:15+08:00 ] ::1 /quwanba1/index.php/Admin/Index/check_login.html
INFO: [ app_init ] --START--
INFO: Run Behavior\BuildLiteBehavior [ RunTime:0.000095s ]
INFO: [ app_init ] --END-- [ RunTime:0.000893s ]
INFO: [ app_begin ] --START--
INFO: Run Behavior\ReadHtmlCacheBehavior [ RunTime:0.000609s ]
INFO: [ app_begin ] --END-- [ RunTime:0.000939s ]
SQL: SHOW COLUMNS FROM `qwb_admin` [ RunTime:0.0072s ]

[ 2016-08-02T10:19:25+08:00 ] ::1 /quwanba1/index.php/Admin/Ad/ad_add_page.html
INFO: [ app_init ] --START--
INFO: Run Behavior\BuildLiteBehavior [ RunTime:0.000118s ]
INFO: [ app_init ] --END-- [ RunTime:0.000942s ]

[ 2016-08-02T10:19:25+08:00 ] ::1 /quwanba1/index.php/Admin/Index/check_login.html
INFO: [ app_init ] --START--
INFO: Run Behavior\BuildLiteBehavior [ RunTime:0.000242s ]
INFO: [ app_init ] --END-- [ RunTime:0.001274s ]
INFO: [ app_begin ] --START--
INFO: Run Behavior\ReadHtmlCacheBehavior [ RunTime:0.000788s ]
INFO: [ app_begin ] --END-- [ RunTime:0.001248s ]
SQL: SHOW COLUMNS FROM `qwb_admin` [ RunTime:0.0143s ]

[ 2016-08-02T10:20:45+08:00 ] ::1 /quwanba1/index.php/Admin/Ad/ad_add.html
INFO: [ app_init ] --START--
INFO: Run Behavior\BuildLiteBehavior [ RunTime:0.000174s ]
INFO: [ app_init ] --END-- [ RunTime:0.001398s ]

[ 2016-08-02T10:23:45+08:00 ] ::1 /quwanba1/index.php/Admin/Ad/ad_add.html
INFO: [ app_init ] --START--
INFO: Run Behavior\BuildLiteBehavior [ RunTime:0.000105s ]
INFO: [ app_init ] --END-- [ RunTime:0.000774s ]

[ 2016-08-02T10:23:45+08:00 ] ::1 /quwanba1/index.php/Admin/Ad/ad_add_page.html
INFO: [ app_init ] --START--
INFO: Run Behavior\BuildLiteBehavior [ RunTime:0.000085s ]
INFO: [ app_init ] --END-- [ RunTime:0.000757s ]

[ 2016-08-02T10:23:45+08:00 ] ::1 /quwanba1/index.php/Admin/Index/check_login.html
INFO: [ app_init ] --START--
INFO: Run Behavior\BuildLiteBehavior [ RunTime:0.000086s ]
INFO: [ app_init ] --END-- [ RunTime:0.000754s ]
INFO: [ app_begin ] --START--
INFO: Run Behavior\ReadHtmlCacheBehavior [ RunTime:0.000633s ]
INFO: [ app_begin ] --END-- [ RunTime:0.000967s ]
SQL: SHOW COLUMNS FROM `qwb_admin` [ RunTime:0.0136s ]

[ 2016-08-02T10:23:58+08:00 ] ::1 /quwanba1/index.php/Admin/Ad/ad_add_page.html
INFO: [ app_init ] --START--
INFO: Run Behavior\BuildLiteBehavior [ RunTime:0.000088s ]
INFO: [ app_init ] --END-- [ RunTime:0.000771s ]

[ 2016-08-02T10:23:58+08:00 ] ::1 /quwanba1/index.php/Admin/Index/check_login.html
INFO: [ app_init ] --START--
INFO: Run Behavior\BuildLiteBehavior [ RunTime:0.000187s ]
INFO: [ app_init ] --END-- [ RunTime:0.001032s ]
INFO: [ app_begin ] --START--
INFO: Run Behavior\ReadHtmlCacheBehavior [ RunTime:0.000705s ]
INFO: [ app_begin ] --END-- [ RunTime:0.001034s ]
SQL: SHOW COLUMNS FROM `qwb_admin` [ RunTime:0.0081s ]

[ 2016-08-02T10:24:05+08:00 ] ::1 /quwanba1/index.php/Admin/Ad/ad_add.html
INFO: [ app_init ] --START--
INFO: Run Behavior\BuildLiteBehavior [ RunTime:0.000140s ]
INFO: [ app_init ] --END-- [ RunTime:0.001130s ]

[ 2016-08-02T10:24:05+08:00 ] ::1 /quwanba1/index.php/Admin/Ad/ad_add_page.html
INFO: [ app_init ] --START--
INFO: Run Behavior\BuildLiteBehavior [ RunTime:0.000091s ]
INFO: [ app_init ] --END-- [ RunTime:0.000876s ]

[ 2016-08-02T10:24:06+08:00 ] ::1 /quwanba1/index.php/Admin/Index/check_login.html
INFO: [ app_init ] --START--
INFO: Run Behavior\BuildLiteBehavior [ RunTime:0.000106s ]
INFO: [ app_init ] --END-- [ RunTime:0.000911s ]
INFO: [ app_begin ] --START--
INFO: Run Behavior\ReadHtmlCacheBehavior [ RunTime:0.000616s ]
INFO: [ app_begin ] --END-- [ RunTime:0.000938s ]
SQL: SHOW COLUMNS FROM `qwb_admin` [ RunTime:0.0105s ]

[ 2016-08-02T10:24:59+08:00 ] ::1 /quwanba1/index.php/Admin/Ad/aa.html
INFO: [ app_init ] --START--
INFO: Run Behavior\BuildLiteBehavior [ RunTime:0.000084s ]
INFO: [ app_init ] --END-- [ RunTime:0.000758s ]

[ 2016-08-02T10:25:32+08:00 ] ::1 /quwanba1/index.php/Admin/Ad/aa.html
INFO: [ app_init ] --START--
INFO: Run Behavior\BuildLiteBehavior [ RunTime:0.000078s ]
INFO: [ app_init ] --END-- [ RunTime:0.000758s ]

[ 2016-08-02T10:25:56+08:00 ] ::1 /quwanba1/index.php/Admin/Ad/aa.html
INFO: [ app_init ] --START--
INFO: Run Behavior\BuildLiteBehavior [ RunTime:0.000085s ]
INFO: [ app_init ] --END-- [ RunTime:0.000754s ]

[ 2016-08-02T10:25:58+08:00 ] ::1 /quwanba1/index.php/Admin/Ad/aa.html
INFO: [ app_init ] --START--
INFO: Run Behavior\BuildLiteBehavior [ RunTime:0.000082s ]
INFO: [ app_init ] --END-- [ RunTime:0.000754s ]

[ 2016-08-02T10:26:18+08:00 ] ::1 /quwanba1/index.php/Admin/Ad/aa.html
INFO: [ app_init ] --START--
INFO: Run Behavior\BuildLiteBehavior [ RunTime:0.000097s ]
INFO: [ app_init ] --END-- [ RunTime:0.000749s ]

[ 2016-08-02T10:26:19+08:00 ] ::1 /quwanba1/index.php/Admin/Ad/aa.html
INFO: [ app_init ] --START--
INFO: Run Behavior\BuildLiteBehavior [ RunTime:0.000082s ]
INFO: [ app_init ] --END-- [ RunTime:0.000755s ]

[ 2016-08-02T10:26:19+08:00 ] ::1 /quwanba1/index.php/Admin/Ad/aa.html
INFO: [ app_init ] --START--
INFO: Run Behavior\BuildLiteBehavior [ RunTime:0.000086s ]
INFO: [ app_init ] --END-- [ RunTime:0.000822s ]

[ 2016-08-02T10:26:40+08:00 ] ::1 /quwanba1/index.php/Admin/Ad/aa.html
INFO: [ app_init ] --START--
INFO: Run Behavior\BuildLiteBehavior [ RunTime:0.000121s ]
INFO: [ app_init ] --END-- [ RunTime:0.001165s ]

[ 2016-08-02T10:26:41+08:00 ] ::1 /quwanba1/index.php/Admin/Ad/aa.html
INFO: [ app_init ] --START--
INFO: Run Behavior\BuildLiteBehavior [ RunTime:0.000082s ]
INFO: [ app_init ] --END-- [ RunTime:0.000744s ]

[ 2016-08-02T10:27:27+08:00 ] ::1 /quwanba1/index.php/Admin/Index/check_login.html
INFO: [ app_init ] --START--
INFO: Run Behavior\BuildLiteBehavior [ RunTime:0.000087s ]
INFO: [ app_init ] --END-- [ RunTime:0.000772s ]
INFO: [ app_begin ] --START--
INFO: Run Behavior\ReadHtmlCacheBehavior [ RunTime:0.000655s ]
INFO: [ app_begin ] --END-- [ RunTime:0.000989s ]
SQL: SHOW COLUMNS FROM `qwb_admin` [ RunTime:0.0077s ]

[ 2016-08-02T10:27:29+08:00 ] ::1 /quwanba1/index.php/Admin/Ad/ad_add_page.html
INFO: [ app_init ] --START--
INFO: Run Behavior\BuildLiteBehavior [ RunTime:0.000085s ]
INFO: [ app_init ] --END-- [ RunTime:0.000755s ]

[ 2016-08-02T10:27:29+08:00 ] ::1 /quwanba1/index.php/Admin/Index/check_login.html
INFO: [ app_init ] --START--
INFO: Run Behavior\BuildLiteBehavior [ RunTime:0.000087s ]
INFO: [ app_init ] --END-- [ RunTime:0.000784s ]
INFO: [ app_begin ] --START--
INFO: Run Behavior\ReadHtmlCacheBehavior [ RunTime:0.000644s ]
INFO: [ app_begin ] --END-- [ RunTime:0.000972s ]
SQL: SHOW COLUMNS FROM `qwb_admin` [ RunTime:0.0087s ]

[ 2016-08-02T10:27:39+08:00 ] ::1 /quwanba1/index.php/Admin/Ad/ad_add.html
INFO: [ app_init ] --START--
INFO: Run Behavior\BuildLiteBehavior [ RunTime:0.000088s ]
INFO: [ app_init ] --END-- [ RunTime:0.000789s ]

[ 2016-08-02T10:27:39+08:00 ] ::1 /quwanba1/index.php/Admin/Ad/ad_add_page.html
INFO: [ app_init ] --START--
INFO: Run Behavior\BuildLiteBehavior [ RunTime:0.000087s ]
INFO: [ app_init ] --END-- [ RunTime:0.000780s ]

[ 2016-08-02T10:27:39+08:00 ] ::1 /quwanba1/index.php/Admin/Index/check_login.html
INFO: [ app_init ] --START--
INFO: Run Behavior\BuildLiteBehavior [ RunTime:0.000130s ]
INFO: [ app_init ] --END-- [ RunTime:0.000871s ]
INFO: [ app_begin ] --START--
INFO: Run Behavior\ReadHtmlCacheBehavior [ RunTime:0.000699s ]
INFO: [ app_begin ] --END-- [ RunTime:0.001036s ]
SQL: SHOW COLUMNS FROM `qwb_admin` [ RunTime:0.0090s ]

[ 2016-08-02T10:28:48+08:00 ] ::1 /quwanba1/index.php/Admin/Index/check_login.html
INFO: [ app_init ] --START--
INFO: Run Behavior\BuildLiteBehavior [ RunTime:0.000089s ]
INFO: [ app_init ] --END-- [ RunTime:0.000860s ]
INFO: [ app_begin ] --START--
INFO: Run Behavior\ReadHtmlCacheBehavior [ RunTime:0.000585s ]
INFO: [ app_begin ] --END-- [ RunTime:0.000891s ]
SQL: SHOW COLUMNS FROM `qwb_admin` [ RunTime:0.0128s ]

[ 2016-08-02T10:29:16+08:00 ] ::1 /quwanba1/index.php/Admin/Index/check_login.html
INFO: [ app_init ] --START--
INFO: Run Behavior\BuildLiteBehavior [ RunTime:0.000086s ]
INFO: [ app_init ] --END-- [ RunTime:0.000845s ]
INFO: [ app_begin ] --START--
INFO: Run Behavior\ReadHtmlCacheBehavior [ RunTime:0.000641s ]
INFO: [ app_begin ] --END-- [ RunTime:0.000966s ]
SQL: SHOW COLUMNS FROM `qwb_admin` [ RunTime:0.0117s ]

[ 2016-08-02T10:29:19+08:00 ] ::1 /quwanba1/index.php/Admin/Ad/index
INFO: [ app_init ] --START--
INFO: Run Behavior\BuildLiteBehavior [ RunTime:0.000121s ]
INFO: [ app_init ] --END-- [ RunTime:0.001092s ]

[ 2016-08-02T10:29:19+08:00 ] ::1 /quwanba1/index.php/Admin/Index/check_login.html
INFO: [ app_init ] --START--
INFO: Run Behavior\BuildLiteBehavior [ RunTime:0.000083s ]
INFO: [ app_init ] --END-- [ RunTime:0.000777s ]
INFO: [ app_begin ] --START--
INFO: Run Behavior\ReadHtmlCacheBehavior [ RunTime:0.000707s ]
INFO: [ app_begin ] --END-- [ RunTime:0.001068s ]
SQL: SHOW COLUMNS FROM `qwb_admin` [ RunTime:0.0144s ]

[ 2016-08-02T10:29:51+08:00 ] ::1 /quwanba1/index.php/Admin/Ad/index/p/2.html
INFO: [ app_init ] --START--
INFO: Run Behavior\BuildLiteBehavior [ RunTime:0.000115s ]
INFO: [ app_init ] --END-- [ RunTime:0.001090s ]

[ 2016-08-02T10:29:52+08:00 ] ::1 /quwanba1/index.php/Admin/Index/check_login.html
INFO: [ app_init ] --START--
INFO: Run Behavior\BuildLiteBehavior [ RunTime:0.000152s ]
INFO: [ app_init ] --END-- [ RunTime:0.001332s ]
INFO: [ app_begin ] --START--
INFO: Run Behavior\ReadHtmlCacheBehavior [ RunTime:0.000619s ]
INFO: [ app_begin ] --END-- [ RunTime:0.000956s ]
SQL: SHOW COLUMNS FROM `qwb_admin` [ RunTime:0.0095s ]

[ 2016-08-02T10:29:53+08:00 ] ::1 /quwanba1/index.php/Admin/Ad/index/p/3.html
INFO: [ app_init ] --START--
INFO: Run Behavior\BuildLiteBehavior [ RunTime:0.000123s ]
INFO: [ app_init ] --END-- [ RunTime:0.001104s ]

[ 2016-08-02T10:29:53+08:00 ] ::1 /quwanba1/index.php/Admin/Index/check_login.html
INFO: [ app_init ] --START--
INFO: Run Behavior\BuildLiteBehavior [ RunTime:0.000085s ]
INFO: [ app_init ] --END-- [ RunTime:0.000774s ]
INFO: [ app_begin ] --START--
INFO: Run Behavior\ReadHtmlCacheBehavior [ RunTime:0.000679s ]
INFO: [ app_begin ] --END-- [ RunTime:0.001023s ]
SQL: SHOW COLUMNS FROM `qwb_admin` [ RunTime:0.0085s ]

[ 2016-08-02T10:32:09+08:00 ] ::1 /quwanba1/index.php/Admin/Ad/index/p/3.html
INFO: [ app_init ] --START--
INFO: Run Behavior\BuildLiteBehavior [ RunTime:0.000089s ]
INFO: [ app_init ] --END-- [ RunTime:0.000809s ]

[ 2016-08-02T10:32:09+08:00 ] ::1 /quwanba1/index.php/Admin/Index/check_login.html
INFO: [ app_init ] --START--
INFO: Run Behavior\BuildLiteBehavior [ RunTime:0.000159s ]
INFO: [ app_init ] --END-- [ RunTime:0.001157s ]
INFO: [ app_begin ] --START--
INFO: Run Behavior\ReadHtmlCacheBehavior [ RunTime:0.001048s ]
INFO: [ app_begin ] --END-- [ RunTime:0.001510s ]
SQL: SHOW COLUMNS FROM `qwb_admin` [ RunTime:0.0218s ]

[ 2016-08-02T10:37:25+08:00 ] ::1 /quwanba1/index.php/Admin/Ad/index.html
INFO: [ app_init ] --START--
INFO: Run Behavior\BuildLiteBehavior [ RunTime:0.000086s ]
INFO: [ app_init ] --END-- [ RunTime:0.000752s ]

[ 2016-08-02T10:37:25+08:00 ] ::1 /quwanba1/index.php/Admin/Index/check_login.html
INFO: [ app_init ] --START--
INFO: Run Behavior\BuildLiteBehavior [ RunTime:0.000086s ]
INFO: [ app_init ] --END-- [ RunTime:0.000786s ]
INFO: [ app_begin ] --START--
INFO: Run Behavior\ReadHtmlCacheBehavior [ RunTime:0.000632s ]
INFO: [ app_begin ] --END-- [ RunTime:0.000955s ]
SQL: SHOW COLUMNS FROM `qwb_admin` [ RunTime:0.0239s ]

[ 2016-08-02T10:37:30+08:00 ] ::1 /quwanba1/index.php/Admin
INFO: [ app_init ] --START--
INFO: Run Behavior\BuildLiteBehavior [ RunTime:0.000086s ]
INFO: [ app_init ] --END-- [ RunTime:0.000785s ]

[ 2016-08-02T10:37:31+08:00 ] ::1 /quwanba1/index.php/Admin/Index/main.html
INFO: [ app_init ] --START--
INFO: Run Behavior\BuildLiteBehavior [ RunTime:0.000099s ]
INFO: [ app_init ] --END-- [ RunTime:0.000862s ]

[ 2016-08-02T10:37:35+08:00 ] ::1 /quwanba1/index.php/Admin/Shop/index/admin_id/1.html
INFO: [ app_init ] --START--
INFO: Run Behavior\BuildLiteBehavior [ RunTime:0.000139s ]
INFO: [ app_init ] --END-- [ RunTime:0.000841s ]

[ 2016-08-02T10:37:35+08:00 ] ::1 /quwanba1/index.php/Admin/Index/check_login.html
INFO: [ app_init ] --START--
INFO: Run Behavior\BuildLiteBehavior [ RunTime:0.000090s ]
INFO: [ app_init ] --END-- [ RunTime:0.000817s ]
INFO: [ app_begin ] --START--
INFO: Run Behavior\ReadHtmlCacheBehavior [ RunTime:0.000685s ]
INFO: [ app_begin ] --END-- [ RunTime:0.001108s ]
SQL: SHOW COLUMNS FROM `qwb_admin` [ RunTime:0.0090s ]

[ 2016-08-02T10:37:41+08:00 ] ::1 /quwanba1/index.php/Admin/Shop/goods_edit_page/id/1.html
INFO: [ app_init ] --START--
INFO: Run Behavior\BuildLiteBehavior [ RunTime:0.000091s ]
INFO: [ app_init ] --END-- [ RunTime:0.000900s ]

[ 2016-08-02T10:37:42+08:00 ] ::1 /quwanba1/index.php/Admin/Index/check_login.html
INFO: [ app_init ] --START--
INFO: Run Behavior\BuildLiteBehavior [ RunTime:0.000082s ]
INFO: [ app_init ] --END-- [ RunTime:0.000743s ]
INFO: [ app_begin ] --START--
INFO: Run Behavior\ReadHtmlCacheBehavior [ RunTime:0.000592s ]
INFO: [ app_begin ] --END-- [ RunTime:0.000898s ]
SQL: SHOW COLUMNS FROM `qwb_admin` [ RunTime:0.0167s ]

[ 2016-08-02T10:37:49+08:00 ] ::1 /quwanba1/index.php/Admin/Shop/index/admin_id/1.html
INFO: [ app_init ] --START--
INFO: Run Behavior\BuildLiteBehavior [ RunTime:0.000133s ]
INFO: [ app_init ] --END-- [ RunTime:0.001173s ]

[ 2016-08-02T10:37:49+08:00 ] ::1 /quwanba1/index.php/Admin/Index/check_login.html
INFO: [ app_init ] --START--
INFO: Run Behavior\BuildLiteBehavior [ RunTime:0.000085s ]
INFO: [ app_init ] --END-- [ RunTime:0.000772s ]
INFO: [ app_begin ] --START--
INFO: Run Behavior\ReadHtmlCacheBehavior [ RunTime:0.000670s ]
INFO: [ app_begin ] --END-- [ RunTime:0.001015s ]
SQL: SHOW COLUMNS FROM `qwb_admin` [ RunTime:0.0095s ]

[ 2016-08-02T10:37:54+08:00 ] ::1 /quwanba1/index.php/Admin/Shop/goods_add_page.html
INFO: [ app_init ] --START--
INFO: Run Behavior\BuildLiteBehavior [ RunTime:0.000084s ]
INFO: [ app_init ] --END-- [ RunTime:0.000747s ]

[ 2016-08-02T10:37:54+08:00 ] ::1 /quwanba1/index.php/Admin/Index/check_login.html
INFO: [ app_init ] --START--
INFO: Run Behavior\BuildLiteBehavior [ RunTime:0.000086s ]
INFO: [ app_init ] --END-- [ RunTime:0.000844s ]
INFO: [ app_begin ] --START--
INFO: Run Behavior\ReadHtmlCacheBehavior [ RunTime:0.000602s ]
INFO: [ app_begin ] --END-- [ RunTime:0.000940s ]
SQL: SHOW COLUMNS FROM `qwb_admin` [ RunTime:0.0069s ]

[ 2016-08-02T10:38:16+08:00 ] ::1 /quwanba1/index.php/Admin/Shop/Specification
INFO: [ app_init ] --START--
INFO: Run Behavior\BuildLiteBehavior [ RunTime:0.000115s ]
INFO: [ app_init ] --END-- [ RunTime:0.001060s ]
INFO: [ app_begin ] --START--
INFO: Run Behavior\ReadHtmlCacheBehavior [ RunTime:0.001013s ]
INFO: [ app_begin ] --END-- [ RunTime:0.001476s ]
SQL: SHOW COLUMNS FROM `qwb_admin` [ RunTime:0.0087s ]
SQL: SHOW COLUMNS FROM `qwb_goods` [ RunTime:0.0085s ]
SQL: SHOW COLUMNS FROM `qwb_order` [ RunTime:0.0103s ]
INFO: [ view_parse ] --START--
INFO: [ template_filter ] --START--
INFO: Run Behavior\ContentReplaceBehavior [ RunTime:0.000312s ]
INFO: [ template_filter ] --END-- [ RunTime:0.000617s ]
NOTIC: [8] Undefined variable: _page /Users/zhangxiang/PhpstormProjects/quwanba1/Application/Runtime/Cache/Admin/2dcb828b84b832081faf05baf739eacf.php 第 42 行.
INFO: Run Behavior\ParseTemplateBehavior [ RunTime:0.014949s ]
INFO: [ view_parse ] --END-- [ RunTime:0.015399s ]
INFO: [ view_filter ] --START--
INFO: Run Behavior\WriteHtmlCacheBehavior [ RunTime:0.000505s ]
INFO: [ view_filter ] --END-- [ RunTime:0.000913s ]
INFO: [ app_end ] --START--
INFO: Run Behavior\ShowPageTraceBehavior [ RunTime:0.000842s ]
INFO: [ app_end ] --END-- [ RunTime:0.001208s ]

[ 2016-08-02T10:38:18+08:00 ] ::1 /quwanba1/index.php/Admin/Shop/Specification
INFO: [ app_init ] --START--
INFO: Run Behavior\BuildLiteBehavior [ RunTime:0.000085s ]
INFO: [ app_init ] --END-- [ RunTime:0.000752s ]
INFO: [ app_begin ] --START--
INFO: Run Behavior\ReadHtmlCacheBehavior [ RunTime:0.000623s ]
INFO: [ app_begin ] --END-- [ RunTime:0.000953s ]
SQL: SHOW COLUMNS FROM `qwb_admin` [ RunTime:0.0124s ]
SQL: SHOW COLUMNS FROM `qwb_goods` [ RunTime:0.0095s ]
SQL: SHOW COLUMNS FROM `qwb_order` [ RunTime:0.0137s ]
INFO: [ view_parse ] --START--
INFO: [ template_filter ] --START--
INFO: Run Behavior\ContentReplaceBehavior [ RunTime:0.000295s ]
INFO: [ template_filter ] --END-- [ RunTime:0.000603s ]
NOTIC: [8] Undefined variable: _page /Users/zhangxiang/PhpstormProjects/quwanba1/Application/Runtime/Cache/Admin/2dcb828b84b832081faf05baf739eacf.php 第 42 行.
INFO: Run Behavior\ParseTemplateBehavior [ RunTime:0.012059s ]
INFO: [ view_parse ] --END-- [ RunTime:0.012420s ]
INFO: [ view_filter ] --START--
INFO: Run Behavior\WriteHtmlCacheBehavior [ RunTime:0.000318s ]
INFO: [ view_filter ] --END-- [ RunTime:0.000672s ]
INFO: [ app_end ] --START--
INFO: Run Behavior\ShowPageTraceBehavior [ RunTime:0.000671s ]
INFO: [ app_end ] --END-- [ RunTime:0.000979s ]

[ 2016-08-02T10:38:21+08:00 ] ::1 /quwanba1/index.php/Admin/Shop/search_shop.html
INFO: [ app_init ] --START--
INFO: Run Behavior\BuildLiteBehavior [ RunTime:0.000084s ]
INFO: [ app_init ] --END-- [ RunTime:0.000745s ]
INFO: [ app_begin ] --START--
INFO: Run Behavior\ReadHtmlCacheBehavior [ RunTime:0.000825s ]
INFO: [ app_begin ] --END-- [ RunTime:0.001243s ]
SQL: SHOW COLUMNS FROM `qwb_admin` [ RunTime:0.0118s ]
SQL: SHOW COLUMNS FROM `qwb_goods` [ RunTime:0.0105s ]
SQL: SHOW COLUMNS FROM `qwb_order` [ RunTime:0.0111s ]
SQL: SHOW COLUMNS FROM `qwb_shop` [ RunTime:0.0101s ]
SQL: SELECT `id`,`shop_name`,`conditions`,`province_id`,`city_id`,`district_id` FROM `qwb_shop` WHERE `id` = 1 LIMIT 1   [ RunTime:0.0088s ]
SQL: SHOW COLUMNS FROM `qwb_province` [ RunTime:0.0198s ]
SQL: SELECT `name` FROM `qwb_province` WHERE `id` = 5 LIMIT 1   [ RunTime:0.0121s ]
SQL: SHOW COLUMNS FROM `qwb_city` [ RunTime:0.0082s ]
SQL: SELECT `name` FROM `qwb_city` WHERE `id` = 61 LIMIT 1   [ RunTime:0.0074s ]
SQL: SHOW COLUMNS FROM `qwb_district` [ RunTime:0.0105s ]
SQL: SELECT `name` FROM `qwb_district` WHERE `id` = 680 LIMIT 1   [ RunTime:0.0083s ]

[ 2016-08-02T10:38:43+08:00 ] ::1 /quwanba1/index.php/Admin/Shop/goods_add.html
INFO: [ app_init ] --START--
INFO: Run Behavior\BuildLiteBehavior [ RunTime:0.000094s ]
INFO: [ app_init ] --END-- [ RunTime:0.000887s ]

[ 2016-08-02T10:38:43+08:00 ] ::1 /quwanba1/index.php/Admin/Shop/goods_add_page.html
INFO: [ app_init ] --START--
INFO: Run Behavior\BuildLiteBehavior [ RunTime:0.000106s ]
INFO: [ app_init ] --END-- [ RunTime:0.000949s ]

[ 2016-08-02T10:38:44+08:00 ] ::1 /quwanba1/index.php/Admin/Index/check_login.html
INFO: [ app_init ] --START--
INFO: Run Behavior\BuildLiteBehavior [ RunTime:0.000087s ]
INFO: [ app_init ] --END-- [ RunTime:0.000754s ]
INFO: [ app_begin ] --START--
INFO: Run Behavior\ReadHtmlCacheBehavior [ RunTime:0.000603s ]
INFO: [ app_begin ] --END-- [ RunTime:0.000918s ]
SQL: SHOW COLUMNS FROM `qwb_admin` [ RunTime:0.0154s ]

[ 2016-08-02T10:38:49+08:00 ] ::1 /quwanba1/index.php/Admin/Shop/index/admin_id/1.html
INFO: [ app_init ] --START--
INFO: Run Behavior\BuildLiteBehavior [ RunTime:0.000085s ]
INFO: [ app_init ] --END-- [ RunTime:0.000755s ]

[ 2016-08-02T10:38:49+08:00 ] ::1 /quwanba1/index.php/Admin/Index/check_login.html
INFO: [ app_init ] --START--
INFO: Run Behavior\BuildLiteBehavior [ RunTime:0.000088s ]
INFO: [ app_init ] --END-- [ RunTime:0.000758s ]
INFO: [ app_begin ] --START--
INFO: Run Behavior\ReadHtmlCacheBehavior [ RunTime:0.000949s ]
INFO: [ app_begin ] --END-- [ RunTime:0.001326s ]
SQL: SHOW COLUMNS FROM `qwb_admin` [ RunTime:0.0154s ]

[ 2016-08-02T10:38:58+08:00 ] ::1 /quwanba1/index.php/Admin/Shop/goods_edit_page/id/2.html
INFO: [ app_init ] --START--
INFO: Run Behavior\BuildLiteBehavior [ RunTime:0.000084s ]
INFO: [ app_init ] --END-- [ RunTime:0.000791s ]

[ 2016-08-02T10:38:58+08:00 ] ::1 /quwanba1/index.php/Admin/Index/check_login.html
INFO: [ app_init ] --START--
INFO: Run Behavior\BuildLiteBehavior [ RunTime:0.000083s ]
INFO: [ app_init ] --END-- [ RunTime:0.000759s ]
INFO: [ app_begin ] --START--
INFO: Run Behavior\ReadHtmlCacheBehavior [ RunTime:0.000636s ]
INFO: [ app_begin ] --END-- [ RunTime:0.000958s ]
SQL: SHOW COLUMNS FROM `qwb_admin` [ RunTime:0.0107s ]

[ 2016-08-02T10:47:08+08:00 ] ::1 /quwanba1/index.php/Admin
INFO: [ app_init ] --START--
INFO: Run Behavior\BuildLiteBehavior [ RunTime:0.000154s ]
INFO: [ app_init ] --END-- [ RunTime:0.001284s ]

[ 2016-08-02T10:47:09+08:00 ] ::1 /quwanba1/index.php/Admin/Index/main.html
INFO: [ app_init ] --START--
INFO: Run Behavior\BuildLiteBehavior [ RunTime:0.000115s ]
INFO: [ app_init ] --END-- [ RunTime:0.001079s ]

[ 2016-08-02T10:47:11+08:00 ] ::1 /quwanba1/index.php/Admin/Shop/index/admin_id/1.html
INFO: [ app_init ] --START--
INFO: Run Behavior\BuildLiteBehavior [ RunTime:0.000094s ]
INFO: [ app_init ] --END-- [ RunTime:0.000852s ]

[ 2016-08-02T10:47:11+08:00 ] ::1 /quwanba1/index.php/Admin/Index/check_login.html
INFO: [ app_init ] --START--
INFO: Run Behavior\BuildLiteBehavior [ RunTime:0.000089s ]
INFO: [ app_init ] --END-- [ RunTime:0.000817s ]
INFO: [ app_begin ] --START--
INFO: Run Behavior\ReadHtmlCacheBehavior [ RunTime:0.000685s ]
INFO: [ app_begin ] --END-- [ RunTime:0.001015s ]
SQL: SHOW COLUMNS FROM `qwb_admin` [ RunTime:0.0161s ]

[ 2016-08-02T10:47:14+08:00 ] ::1 /quwanba1/index.php/Admin/Shop/goods_detail/id/1.html
INFO: [ app_init ] --START--
INFO: Run Behavior\BuildLiteBehavior [ RunTime:0.000111s ]
INFO: [ app_init ] --END-- [ RunTime:0.001105s ]

[ 2016-08-02T10:47:20+08:00 ] ::1 /quwanba1/index.php/Admin/Index/check_login.html
INFO: [ app_init ] --START--
INFO: Run Behavior\BuildLiteBehavior [ RunTime:0.000195s ]
INFO: [ app_init ] --END-- [ RunTime:0.001039s ]
INFO: [ app_begin ] --START--
INFO: Run Behavior\ReadHtmlCacheBehavior [ RunTime:0.000676s ]
INFO: [ app_begin ] --END-- [ RunTime:0.001019s ]
SQL: SHOW COLUMNS FROM `qwb_admin` [ RunTime:0.0106s ]

[ 2016-08-02T10:47:37+08:00 ] ::1 /quwanba1/index.php/Admin/Shop/index
INFO: [ app_init ] --START--
INFO: Run Behavior\BuildLiteBehavior [ RunTime:0.000099s ]
INFO: [ app_init ] --END-- [ RunTime:0.000835s ]

[ 2016-08-02T10:47:37+08:00 ] ::1 /quwanba1/index.php/Admin/Index/check_login.html
INFO: [ app_init ] --START--
INFO: Run Behavior\BuildLiteBehavior [ RunTime:0.000084s ]
INFO: [ app_init ] --END-- [ RunTime:0.000767s ]
INFO: [ app_begin ] --START--
INFO: Run Behavior\ReadHtmlCacheBehavior [ RunTime:0.000592s ]
INFO: [ app_begin ] --END-- [ RunTime:0.000918s ]
SQL: SHOW COLUMNS FROM `qwb_admin` [ RunTime:0.0082s ]

[ 2016-08-02T10:47:40+08:00 ] ::1 /quwanba1/index.php/Admin/Shop/goods_detail/id/1.html
INFO: [ app_init ] --START--
INFO: Run Behavior\BuildLiteBehavior [ RunTime:0.000099s ]
INFO: [ app_init ] --END-- [ RunTime:0.000861s ]

[ 2016-08-02T10:48:39+08:00 ] ::1 /quwanba1/index.php/Admin/Shop/goods_detail/id/1.html
INFO: [ app_init ] --START--
INFO: Run Behavior\BuildLiteBehavior [ RunTime:0.000084s ]
INFO: [ app_init ] --END-- [ RunTime:0.000800s ]

[ 2016-08-02T10:48:56+08:00 ] ::1 /quwanba1/index.php/Admin/Shop/goods_detail/id/1.html
INFO: [ app_init ] --START--
INFO: Run Behavior\BuildLiteBehavior [ RunTime:0.000123s ]
INFO: [ app_init ] --END-- [ RunTime:0.001098s ]
ERR: SQLSTATE[HY000] [2002] Operation timed out

[ 2016-08-02T10:48:56+08:00 ] ::1 /quwanba1/index.php/Admin/Shop/goods_detail/id/1.html
INFO: [ app_init ] --START--
INFO: Run Behavior\BuildLiteBehavior [ RunTime:0.000121s ]
INFO: [ app_init ] --END-- [ RunTime:0.001115s ]

[ 2016-08-02T10:48:56+08:00 ] ::1 /quwanba1/index.php/Admin/Shop/goods_detail/id/1.html
INFO: [ app_init ] --START--
INFO: Run Behavior\BuildLiteBehavior [ RunTime:0.000097s ]
INFO: [ app_init ] --END-- [ RunTime:0.000831s ]

[ 2016-08-02T10:48:57+08:00 ] ::1 /quwanba1/index.php/Admin/Shop/goods_detail/id/1.html
INFO: [ app_init ] --START--
INFO: Run Behavior\BuildLiteBehavior [ RunTime:0.000082s ]
INFO: [ app_init ] --END-- [ RunTime:0.000766s ]

[ 2016-08-02T10:48:57+08:00 ] ::1 /quwanba1/index.php/Admin/Shop/goods_detail/id/1.html
INFO: [ app_init ] --START--
INFO: Run Behavior\BuildLiteBehavior [ RunTime:0.000086s ]
INFO: [ app_init ] --END-- [ RunTime:0.000804s ]

[ 2016-08-02T10:48:57+08:00 ] ::1 /quwanba1/index.php/Admin/Shop/goods_detail/id/1.html
INFO: [ app_init ] --START--
INFO: Run Behavior\BuildLiteBehavior [ RunTime:0.000087s ]
INFO: [ app_init ] --END-- [ RunTime:0.000764s ]

[ 2016-08-02T10:48:57+08:00 ] ::1 /quwanba1/index.php/Admin/Shop/goods_detail/id/1.html
INFO: [ app_init ] --START--
INFO: Run Behavior\BuildLiteBehavior [ RunTime:0.000084s ]
INFO: [ app_init ] --END-- [ RunTime:0.000786s ]

[ 2016-08-02T10:49:03+08:00 ] ::1 /quwanba1/index.php/Admin/Index/check_login.html
INFO: [ app_init ] --START--
INFO: Run Behavior\BuildLiteBehavior [ RunTime:0.000097s ]
INFO: [ app_init ] --END-- [ RunTime:0.000882s ]
INFO: [ app_begin ] --START--
INFO: Run Behavior\ReadHtmlCacheBehavior [ RunTime:0.000914s ]
INFO: [ app_begin ] --END-- [ RunTime:0.001318s ]
SQL: SHOW COLUMNS FROM `qwb_admin` [ RunTime:0.0119s ]

[ 2016-08-02T10:49:09+08:00 ] ::1 /quwanba1/index.php/Admin/Shop/goods_edit_page/id/2.html
INFO: [ app_init ] --START--
INFO: Run Behavior\BuildLiteBehavior [ RunTime:0.000114s ]
INFO: [ app_init ] --END-- [ RunTime:0.001059s ]

[ 2016-08-02T10:49:09+08:00 ] ::1 /quwanba1/index.php/Admin/Index/check_login.html
INFO: [ app_init ] --START--
INFO: Run Behavior\BuildLiteBehavior [ RunTime:0.000084s ]
INFO: [ app_init ] --END-- [ RunTime:0.000752s ]
INFO: [ app_begin ] --START--
INFO: Run Behavior\ReadHtmlCacheBehavior [ RunTime:0.000633s ]
INFO: [ app_begin ] --END-- [ RunTime:0.001051s ]
SQL: SHOW COLUMNS FROM `qwb_admin` [ RunTime:0.0118s ]

[ 2016-08-02T10:49:13+08:00 ] ::1 /quwanba1/index.php/Admin/Index/check_login.html
INFO: [ app_init ] --START--
INFO: Run Behavior\BuildLiteBehavior [ RunTime:0.000090s ]
INFO: [ app_init ] --END-- [ RunTime:0.000839s ]
INFO: [ app_begin ] --START--
INFO: Run Behavior\ReadHtmlCacheBehavior [ RunTime:0.000618s ]
INFO: [ app_begin ] --END-- [ RunTime:0.000945s ]
SQL: SHOW COLUMNS FROM `qwb_admin` [ RunTime:0.0454s ]

[ 2016-08-02T10:49:15+08:00 ] ::1 /quwanba1/index.php/Admin/Shop/goods_detail/id/2.html
INFO: [ app_init ] --START--
INFO: Run Behavior\BuildLiteBehavior [ RunTime:0.000095s ]
INFO: [ app_init ] --END-- [ RunTime:0.000902s ]

[ 2016-08-02T10:49:39+08:00 ] ::1 /quwanba1/index.php/Admin/Shop/goods_detail/id/2.html
INFO: [ app_init ] --START--
INFO: Run Behavior\BuildLiteBehavior [ RunTime:0.000174s ]
INFO: [ app_init ] --END-- [ RunTime:0.001586s ]

[ 2016-08-02T10:49:40+08:00 ] ::1 /quwanba1/index.php/Admin/Shop/goods_detail/id/2.html
INFO: [ app_init ] --START--
INFO: Run Behavior\BuildLiteBehavior [ RunTime:0.000107s ]
INFO: [ app_init ] --END-- [ RunTime:0.000908s ]

[ 2016-08-02T10:49:41+08:00 ] ::1 /quwanba1/index.php/Admin/Shop/goods_detail/id/2.html
INFO: [ app_init ] --START--
INFO: Run Behavior\BuildLiteBehavior [ RunTime:0.000087s ]
INFO: [ app_init ] --END-- [ RunTime:0.000774s ]

[ 2016-08-02T10:49:42+08:00 ] ::1 /quwanba1/index.php/Admin/Shop/goods_detail/id/2.html
INFO: [ app_init ] --START--
INFO: Run Behavior\BuildLiteBehavior [ RunTime:0.000091s ]
INFO: [ app_init ] --END-- [ RunTime:0.000821s ]

[ 2016-08-02T10:49:52+08:00 ] ::1 /quwanba1/index.php/Admin/Shop/goods_detail/id/2.html
INFO: [ app_init ] --START--
INFO: Run Behavior\BuildLiteBehavior [ RunTime:0.000111s ]
INFO: [ app_init ] --END-- [ RunTime:0.000815s ]

[ 2016-08-02T10:49:53+08:00 ] ::1 /quwanba1/index.php/Admin/Shop/goods_detail/id/2.html
INFO: [ app_init ] --START--
INFO: Run Behavior\BuildLiteBehavior [ RunTime:0.000094s ]
INFO: [ app_init ] --END-- [ RunTime:0.000911s ]

[ 2016-08-02T10:50:31+08:00 ] ::1 /quwanba1/index.php/Admin/Shop/goods_detail/id/2.html
INFO: [ app_init ] --START--
INFO: Run Behavior\BuildLiteBehavior [ RunTime:0.000097s ]
INFO: [ app_init ] --END-- [ RunTime:0.000891s ]

[ 2016-08-02T10:50:33+08:00 ] ::1 /quwanba1/index.php/Admin/Shop/goods_detail/id/2.html
INFO: [ app_init ] --START--
INFO: Run Behavior\BuildLiteBehavior [ RunTime:0.000123s ]
INFO: [ app_init ] --END-- [ RunTime:0.000895s ]

[ 2016-08-02T10:50:34+08:00 ] ::1 /quwanba1/index.php/Admin/Shop/goods_detail/id/2.html
INFO: [ app_init ] --START--
INFO: Run Behavior\BuildLiteBehavior [ RunTime:0.000087s ]
INFO: [ app_init ] --END-- [ RunTime:0.000815s ]

[ 2016-08-02T10:50:34+08:00 ] ::1 /quwanba1/index.php/Admin/Shop/goods_detail/id/2.html
INFO: [ app_init ] --START--
INFO: Run Behavior\BuildLiteBehavior [ RunTime:0.000109s ]
INFO: [ app_init ] --END-- [ RunTime:0.000964s ]

[ 2016-08-02T10:50:36+08:00 ] ::1 /quwanba1/index.php/Admin/Shop/goods_detail/id/2.html
INFO: [ app_init ] --START--
INFO: Run Behavior\BuildLiteBehavior [ RunTime:0.000087s ]
INFO: [ app_init ] --END-- [ RunTime:0.000806s ]

[ 2016-08-02T10:50:37+08:00 ] ::1 /quwanba1/index.php/Admin/Shop/goods_detail/id/2.html
INFO: [ app_init ] --START--
INFO: Run Behavior\BuildLiteBehavior [ RunTime:0.000085s ]
INFO: [ app_init ] --END-- [ RunTime:0.000787s ]

[ 2016-08-02T10:50:42+08:00 ] ::1 /quwanba1/index.php/Admin/Index/check_login.html
INFO: [ app_init ] --START--
INFO: Run Behavior\BuildLiteBehavior [ RunTime:0.000082s ]
INFO: [ app_init ] --END-- [ RunTime:0.000798s ]
INFO: [ app_begin ] --START--
INFO: Run Behavior\ReadHtmlCacheBehavior [ RunTime:0.000626s ]
INFO: [ app_begin ] --END-- [ RunTime:0.000944s ]
SQL: SHOW COLUMNS FROM `qwb_admin` [ RunTime:0.0088s ]

[ 2016-08-02T10:50:44+08:00 ] ::1 /quwanba1/index.php/Admin/Shop/goods_detail/id/1.html
INFO: [ app_init ] --START--
INFO: Run Behavior\BuildLiteBehavior [ RunTime:0.000100s ]
INFO: [ app_init ] --END-- [ RunTime:0.000895s ]

[ 2016-08-02T10:52:22+08:00 ] ::1 /quwanba1/index.php/Admin/Shop/goods_detail/id/1.html
INFO: [ app_init ] --START--
INFO: Run Behavior\BuildLiteBehavior [ RunTime:0.000126s ]
INFO: [ app_init ] --END-- [ RunTime:0.001157s ]

[ 2016-08-02T10:52:24+08:00 ] ::1 /quwanba1/index.php/Admin/Shop/goods_detail/id/1.html
INFO: [ app_init ] --START--
INFO: Run Behavior\BuildLiteBehavior [ RunTime:0.000090s ]
INFO: [ app_init ] --END-- [ RunTime:0.000823s ]

[ 2016-08-02T10:52:25+08:00 ] ::1 /quwanba1/index.php/Admin/Index/check_login.html
INFO: [ app_init ] --START--
INFO: Run Behavior\BuildLiteBehavior [ RunTime:0.000084s ]
INFO: [ app_init ] --END-- [ RunTime:0.000764s ]
INFO: [ app_begin ] --START--
INFO: Run Behavior\ReadHtmlCacheBehavior [ RunTime:0.000746s ]
INFO: [ app_begin ] --END-- [ RunTime:0.001158s ]
SQL: SHOW COLUMNS FROM `qwb_admin` [ RunTime:0.1097s ]

[ 2016-08-02T10:52:31+08:00 ] ::1 /quwanba1/index.php/Admin/Index/check_login.html
INFO: [ app_init ] --START--
INFO: Run Behavior\BuildLiteBehavior [ RunTime:0.000102s ]
INFO: [ app_init ] --END-- [ RunTime:0.001107s ]
INFO: [ app_begin ] --START--
INFO: Run Behavior\ReadHtmlCacheBehavior [ RunTime:0.000652s ]
INFO: [ app_begin ] --END-- [ RunTime:0.001002s ]
SQL: SHOW COLUMNS FROM `qwb_admin` [ RunTime:0.0149s ]

[ 2016-08-02T10:52:33+08:00 ] ::1 /quwanba1/index.php/Admin/Shop/index
INFO: [ app_init ] --START--
INFO: Run Behavior\BuildLiteBehavior [ RunTime:0.000082s ]
INFO: [ app_init ] --END-- [ RunTime:0.001076s ]

[ 2016-08-02T10:52:34+08:00 ] ::1 /quwanba1/index.php/Admin/Index/check_login.html
INFO: [ app_init ] --START--
INFO: Run Behavior\BuildLiteBehavior [ RunTime:0.000094s ]
INFO: [ app_init ] --END-- [ RunTime:0.000784s ]
INFO: [ app_begin ] --START--
INFO: Run Behavior\ReadHtmlCacheBehavior [ RunTime:0.000623s ]
INFO: [ app_begin ] --END-- [ RunTime:0.001000s ]
SQL: SHOW COLUMNS FROM `qwb_admin` [ RunTime:0.0241s ]

[ 2016-08-02T10:52:36+08:00 ] ::1 /quwanba1/index.php/Admin/Shop/goods_detail/id/2.html
INFO: [ app_init ] --START--
INFO: Run Behavior\BuildLiteBehavior [ RunTime:0.000092s ]
INFO: [ app_init ] --END-- [ RunTime:0.000812s ]

[ 2016-08-02T10:52:36+08:00 ] ::1 /quwanba1/index.php/Admin/Index/check_login.html
INFO: [ app_init ] --START--
INFO: Run Behavior\BuildLiteBehavior [ RunTime:0.000083s ]
INFO: [ app_init ] --END-- [ RunTime:0.000763s ]
INFO: [ app_begin ] --START--
INFO: Run Behavior\ReadHtmlCacheBehavior [ RunTime:0.000595s ]
INFO: [ app_begin ] --END-- [ RunTime:0.000922s ]
SQL: SHOW COLUMNS FROM `qwb_admin` [ RunTime:0.0103s ]

[ 2016-08-02T10:52:52+08:00 ] ::1 /quwanba1/index.php/Admin/Index/check_login.html
INFO: [ app_init ] --START--
INFO: Run Behavior\BuildLiteBehavior [ RunTime:0.000092s ]
INFO: [ app_init ] --END-- [ RunTime:0.000822s ]
INFO: [ app_begin ] --START--
INFO: Run Behavior\ReadHtmlCacheBehavior [ RunTime:0.000609s ]
INFO: [ app_begin ] --END-- [ RunTime:0.000916s ]
SQL: SHOW COLUMNS FROM `qwb_admin` [ RunTime:0.0171s ]

[ 2016-08-02T10:53:05+08:00 ] ::1 /quwanba1/index.php/Admin/Shop/goods_edit_page/id/2.html
INFO: [ app_init ] --START--
INFO: Run Behavior\BuildLiteBehavior [ RunTime:0.000086s ]
INFO: [ app_init ] --END-- [ RunTime:0.000783s ]

[ 2016-08-02T10:53:44+08:00 ] ::1 /quwanba1/index.php/Admin/Shop/goods_edit_page/id/2.html
INFO: [ app_init ] --START--
INFO: Run Behavior\BuildLiteBehavior [ RunTime:0.000169s ]
INFO: [ app_init ] --END-- [ RunTime:0.000945s ]

[ 2016-08-02T10:53:45+08:00 ] ::1 /quwanba1/index.php/Admin/Shop/goods_edit_page/id/2.html
INFO: [ app_init ] --START--
INFO: Run Behavior\BuildLiteBehavior [ RunTime:0.000091s ]
INFO: [ app_init ] --END-- [ RunTime:0.000869s ]

[ 2016-08-02T10:53:47+08:00 ] ::1 /quwanba1/index.php/Admin/Shop/goods_edit_page/id/2.html
INFO: [ app_init ] --START--
INFO: Run Behavior\BuildLiteBehavior [ RunTime:0.000106s ]
INFO: [ app_init ] --END-- [ RunTime:0.000891s ]

[ 2016-08-02T14:18:24+08:00 ] ::1 /quwanba1/index.php/Admin/Index/index.html
INFO: [ app_init ] --START--
INFO: Run Behavior\BuildLiteBehavior [ RunTime:0.000103s ]
INFO: [ app_init ] --END-- [ RunTime:0.001239s ]

[ 2016-08-02T14:18:25+08:00 ] ::1 /quwanba1/index.php/Admin/Index/main.html
INFO: [ app_init ] --START--
INFO: Run Behavior\BuildLiteBehavior [ RunTime:0.000085s ]
INFO: [ app_init ] --END-- [ RunTime:0.000782s ]

[ 2016-08-02T23:57:31+08:00 ] ::1 /quwanba1/index.php/Admin
INFO: [ app_init ] --START--
INFO: Run Behavior\BuildLiteBehavior [ RunTime:0.000094s ]
INFO: [ app_init ] --END-- [ RunTime:0.001000s ]

[ 2016-08-02T23:57:31+08:00 ] ::1 /quwanba1/index.php/Admin/Public/login.html
INFO: [ app_init ] --START--
INFO: Run Behavior\BuildLiteBehavior [ RunTime:0.000108s ]
INFO: [ app_init ] --END-- [ RunTime:0.000954s ]

[ 2016-08-02T23:57:32+08:00 ] ::1 /quwanba1/index.php/Admin/Public/login.html
INFO: [ app_init ] --START--
INFO: Run Behavior\BuildLiteBehavior [ RunTime:0.000092s ]
INFO: [ app_init ] --END-- [ RunTime:0.000859s ]

[ 2016-08-02T23:57:34+08:00 ] ::1 /quwanba1/index.php/Admin/Index/index.html
INFO: [ app_init ] --START--
INFO: Run Behavior\BuildLiteBehavior [ RunTime:0.000087s ]
INFO: [ app_init ] --END-- [ RunTime:0.000789s ]

[ 2016-08-02T23:57:34+08:00 ] ::1 /quwanba1/index.php/Admin/Index/index.html
INFO: [ app_init ] --START--
INFO: Run Behavior\BuildLiteBehavior [ RunTime:0.000088s ]
INFO: [ app_init ] --END-- [ RunTime:0.000765s ]

[ 2016-08-02T23:57:34+08:00 ] ::1 /quwanba1/index.php/Admin/Index/main.html
INFO: [ app_init ] --START--
INFO: Run Behavior\BuildLiteBehavior [ RunTime:0.000087s ]
INFO: [ app_init ] --END-- [ RunTime:0.000768s ]

[ 2016-08-02T23:57:37+08:00 ] ::1 /quwanba1/index.php/Admin/Shop/index/admin_id/1.html
INFO: [ app_init ] --START--
INFO: Run Behavior\BuildLiteBehavior [ RunTime:0.000147s ]
INFO: [ app_init ] --END-- [ RunTime:0.000978s ]

[ 2016-08-02T23:57:37+08:00 ] ::1 /quwanba1/index.php/Admin/Index/check_login.html
INFO: [ app_init ] --START--
INFO: Run Behavior\BuildLiteBehavior [ RunTime:0.000082s ]
INFO: [ app_init ] --END-- [ RunTime:0.000736s ]
INFO: [ app_begin ] --START--
INFO: Run Behavior\ReadHtmlCacheBehavior [ RunTime:0.000723s ]
INFO: [ app_begin ] --END-- [ RunTime:0.001121s ]
SQL: SHOW COLUMNS FROM `qwb_admin` [ RunTime:0.0075s ]

[ 2016-08-02T23:57:39+08:00 ] ::1 /quwanba1/index.php/Admin/Shop/goods_add_page.html
INFO: [ app_init ] --START--
INFO: Run Behavior\BuildLiteBehavior [ RunTime:0.000136s ]
INFO: [ app_init ] --END-- [ RunTime:0.000996s ]

[ 2016-08-02T23:57:39+08:00 ] ::1 /quwanba1/index.php/Admin/Index/check_login.html
INFO: [ app_init ] --START--
INFO: Run Behavior\BuildLiteBehavior [ RunTime:0.000085s ]
INFO: [ app_init ] --END-- [ RunTime:0.000849s ]
INFO: [ app_begin ] --START--
INFO: Run Behavior\ReadHtmlCacheBehavior [ RunTime:0.000699s ]
INFO: [ app_begin ] --END-- [ RunTime:0.001180s ]
SQL: SHOW COLUMNS FROM `qwb_admin` [ RunTime:0.0087s ]

