[ 2016-06-14T17:28:56+08:00 ] ::1 /common/index.php/Admin
INFO: [ app_init ] --START--
INFO: Run Behavior\BuildLiteBehavior [ RunTime:0.000091s ]
INFO: [ app_init ] --END-- [ RunTime:0.001075s ]

[ 2016-06-14T17:28:56+08:00 ] ::1 /common/index.php/Admin/Public/login.html
INFO: [ app_init ] --START--
INFO: Run Behavior\BuildLiteBehavior [ RunTime:0.000078s ]
INFO: [ app_init ] --END-- [ RunTime:0.000715s ]

[ 2016-06-14T17:28:57+08:00 ] ::1 /common/index.php/Admin/Public/images/favicon.png
INFO: [ app_init ] --START--
INFO: Run Behavior\BuildLiteBehavior [ RunTime:0.000130s ]
INFO: [ app_init ] --END-- [ RunTime:0.001128s ]

[ 2016-06-14T17:29:26+08:00 ] 192.168.1.110 /common/index.php/Admin/Public/login.html
INFO: [ app_init ] --START--
INFO: Run Behavior\BuildLiteBehavior [ RunTime:0.000081s ]
INFO: [ app_init ] --END-- [ RunTime:0.000762s ]

[ 2016-06-14T17:29:26+08:00 ] 192.168.1.110 /common/index.php/Admin/Public/images/favicon.png
INFO: [ app_init ] --START--
INFO: Run Behavior\BuildLiteBehavior [ RunTime:0.000110s ]
INFO: [ app_init ] --END-- [ RunTime:0.000904s ]

[ 2016-06-14T17:29:50+08:00 ] 192.168.1.105 /common/index.php/Admin/Public/login.html
INFO: [ app_init ] --START--
INFO: Run Behavior\BuildLiteBehavior [ RunTime:0.000076s ]
INFO: [ app_init ] --END-- [ RunTime:0.000697s ]

[ 2016-06-14T20:59:33+08:00 ] 192.168.1.105 /common/index.php/Admin/Public/login.html
INFO: [ app_init ] --START--
INFO: Run Behavior\BuildLiteBehavior [ RunTime:0.000083s ]
INFO: [ app_init ] --END-- [ RunTime:0.000753s ]

