[ 2016-07-17T23:03:39+08:00 ] ::1 /quwanba1/index.php/Admin
INFO: [ app_init ] --START--
INFO: Run Behavior\BuildLiteBehavior [ RunTime:0.000079s ]
INFO: [ app_init ] --END-- [ RunTime:0.000738s ]

[ 2016-07-17T23:03:39+08:00 ] ::1 /quwanba1/index.php/Admin/Public/login.html
INFO: [ app_init ] --START--
INFO: Run Behavior\BuildLiteBehavior [ RunTime:0.000089s ]
INFO: [ app_init ] --END-- [ RunTime:0.000825s ]

[ 2016-07-17T23:03:40+08:00 ] ::1 /quwanba1/index.php/Admin/Public/images/favicon.png
INFO: [ app_init ] --START--
INFO: Run Behavior\BuildLiteBehavior [ RunTime:0.000088s ]
INFO: [ app_init ] --END-- [ RunTime:0.000865s ]

[ 2016-07-17T23:03:41+08:00 ] ::1 /quwanba1/index.php/Admin/Public/login.html
INFO: [ app_init ] --START--
INFO: Run Behavior\BuildLiteBehavior [ RunTime:0.000079s ]
INFO: [ app_init ] --END-- [ RunTime:0.000718s ]

[ 2016-07-17T23:03:42+08:00 ] ::1 /quwanba1/index.php/Admin/Index/index.html
INFO: [ app_init ] --START--
INFO: Run Behavior\BuildLiteBehavior [ RunTime:0.000078s ]
INFO: [ app_init ] --END-- [ RunTime:0.000730s ]

[ 2016-07-17T23:03:43+08:00 ] ::1 /quwanba1/index.php/Admin/Index/main.html
INFO: [ app_init ] --START--
INFO: Run Behavior\BuildLiteBehavior [ RunTime:0.000080s ]
INFO: [ app_init ] --END-- [ RunTime:0.000720s ]

[ 2016-07-17T23:03:45+08:00 ] ::1 /quwanba1/index.php/Admin/User/index/admin_id/1.html
INFO: [ app_init ] --START--
INFO: Run Behavior\BuildLiteBehavior [ RunTime:0.000078s ]
INFO: [ app_init ] --END-- [ RunTime:0.000736s ]

[ 2016-07-17T23:03:46+08:00 ] ::1 /quwanba1/index.php/Admin/Index/check_login.html
INFO: [ app_init ] --START--
INFO: Run Behavior\BuildLiteBehavior [ RunTime:0.000081s ]
INFO: [ app_init ] --END-- [ RunTime:0.000833s ]
INFO: [ app_begin ] --START--
INFO: Run Behavior\ReadHtmlCacheBehavior [ RunTime:0.000703s ]
INFO: [ app_begin ] --END-- [ RunTime:0.001150s ]
SQL: SHOW COLUMNS FROM `qwb_admin` [ RunTime:0.0132s ]

[ 2016-07-17T23:03:57+08:00 ] ::1 /quwanba1/index.php/Admin/User/index?token=lalala&contact=18357121050
INFO: [ app_init ] --START--
INFO: Run Behavior\BuildLiteBehavior [ RunTime:0.000083s ]
INFO: [ app_init ] --END-- [ RunTime:0.000806s ]

[ 2016-07-17T23:03:57+08:00 ] ::1 /quwanba1/index.php/Admin/Index/check_login.html
INFO: [ app_init ] --START--
INFO: Run Behavior\BuildLiteBehavior [ RunTime:0.000078s ]
INFO: [ app_init ] --END-- [ RunTime:0.000716s ]
INFO: [ app_begin ] --START--
INFO: Run Behavior\ReadHtmlCacheBehavior [ RunTime:0.000625s ]
INFO: [ app_begin ] --END-- [ RunTime:0.000933s ]
SQL: SHOW COLUMNS FROM `qwb_admin` [ RunTime:0.0092s ]

[ 2016-07-17T23:04:00+08:00 ] ::1 /quwanba1/index.php/Admin/User/index?token=lalala
INFO: [ app_init ] --START--
INFO: Run Behavior\BuildLiteBehavior [ RunTime:0.000080s ]
INFO: [ app_init ] --END-- [ RunTime:0.000765s ]

[ 2016-07-17T23:04:00+08:00 ] ::1 /quwanba1/index.php/Admin/Index/check_login.html
INFO: [ app_init ] --START--
INFO: Run Behavior\BuildLiteBehavior [ RunTime:0.000167s ]
INFO: [ app_init ] --END-- [ RunTime:0.001061s ]
INFO: [ app_begin ] --START--
INFO: Run Behavior\ReadHtmlCacheBehavior [ RunTime:0.000662s ]
INFO: [ app_begin ] --END-- [ RunTime:0.001067s ]
SQL: SHOW COLUMNS FROM `qwb_admin` [ RunTime:0.0075s ]

[ 2016-07-17T23:04:07+08:00 ] ::1 /quwanba1/index.php/Admin/User/index/p/2.html
INFO: [ app_init ] --START--
INFO: Run Behavior\BuildLiteBehavior [ RunTime:0.000086s ]
INFO: [ app_init ] --END-- [ RunTime:0.000880s ]

[ 2016-07-17T23:04:07+08:00 ] ::1 /quwanba1/index.php/Admin/Index/check_login.html
INFO: [ app_init ] --START--
INFO: Run Behavior\BuildLiteBehavior [ RunTime:0.000151s ]
INFO: [ app_init ] --END-- [ RunTime:0.001878s ]
INFO: [ app_begin ] --START--
INFO: Run Behavior\ReadHtmlCacheBehavior [ RunTime:0.000921s ]
INFO: [ app_begin ] --END-- [ RunTime:0.001288s ]
SQL: SHOW COLUMNS FROM `qwb_admin` [ RunTime:0.0110s ]

[ 2016-07-17T23:04:09+08:00 ] ::1 /quwanba1/index.php/Admin/User/index/p/3.html
INFO: [ app_init ] --START--
INFO: Run Behavior\BuildLiteBehavior [ RunTime:0.000075s ]
INFO: [ app_init ] --END-- [ RunTime:0.000724s ]

[ 2016-07-17T23:04:09+08:00 ] ::1 /quwanba1/index.php/Admin/Index/check_login.html
INFO: [ app_init ] --START--
INFO: Run Behavior\BuildLiteBehavior [ RunTime:0.000086s ]
INFO: [ app_init ] --END-- [ RunTime:0.001070s ]
INFO: [ app_begin ] --START--
INFO: Run Behavior\ReadHtmlCacheBehavior [ RunTime:0.000612s ]
INFO: [ app_begin ] --END-- [ RunTime:0.000904s ]
SQL: SHOW COLUMNS FROM `qwb_admin` [ RunTime:0.0084s ]

[ 2016-07-17T23:04:11+08:00 ] ::1 /quwanba1/index.php/Admin/User/index/p/2.html
INFO: [ app_init ] --START--
INFO: Run Behavior\BuildLiteBehavior [ RunTime:0.000085s ]
INFO: [ app_init ] --END-- [ RunTime:0.000772s ]

[ 2016-07-17T23:04:11+08:00 ] ::1 /quwanba1/index.php/Admin/Index/check_login.html
INFO: [ app_init ] --START--
INFO: Run Behavior\BuildLiteBehavior [ RunTime:0.000077s ]
INFO: [ app_init ] --END-- [ RunTime:0.000703s ]
INFO: [ app_begin ] --START--
INFO: Run Behavior\ReadHtmlCacheBehavior [ RunTime:0.001002s ]
INFO: [ app_begin ] --END-- [ RunTime:0.001488s ]
SQL: SHOW COLUMNS FROM `qwb_admin` [ RunTime:0.0077s ]

[ 2016-07-17T23:04:15+08:00 ] ::1 /quwanba1/index.php/Admin/User/index/p/1.html
INFO: [ app_init ] --START--
INFO: Run Behavior\BuildLiteBehavior [ RunTime:0.000082s ]
INFO: [ app_init ] --END-- [ RunTime:0.000729s ]

[ 2016-07-17T23:04:15+08:00 ] ::1 /quwanba1/index.php/Admin/Index/check_login.html
INFO: [ app_init ] --START--
INFO: Run Behavior\BuildLiteBehavior [ RunTime:0.000177s ]
INFO: [ app_init ] --END-- [ RunTime:0.001475s ]
INFO: [ app_begin ] --START--
INFO: Run Behavior\ReadHtmlCacheBehavior [ RunTime:0.000606s ]
INFO: [ app_begin ] --END-- [ RunTime:0.000900s ]
SQL: SHOW COLUMNS FROM `qwb_admin` [ RunTime:0.0075s ]

[ 2016-07-17T23:06:30+08:00 ] ::1 /quwanba1/index.php/Admin/Index/index.html
INFO: [ app_init ] --START--
INFO: Run Behavior\BuildLiteBehavior [ RunTime:0.000078s ]
INFO: [ app_init ] --END-- [ RunTime:0.000703s ]

[ 2016-07-17T23:06:30+08:00 ] ::1 /quwanba1/index.php/Admin/Index/main.html
INFO: [ app_init ] --START--
INFO: Run Behavior\BuildLiteBehavior [ RunTime:0.000105s ]
INFO: [ app_init ] --END-- [ RunTime:0.001160s ]

[ 2016-07-17T23:06:30+08:00 ] ::1 /quwanba1/index.php/Admin/Index/index.js.map
INFO: [ app_init ] --START--
INFO: Run Behavior\BuildLiteBehavior [ RunTime:0.000087s ]
INFO: [ app_init ] --END-- [ RunTime:0.000777s ]
ERR: 非法操作:index.js.map

[ 2016-07-17T23:06:30+08:00 ] ::1 /quwanba1/index.php/Admin/Index/index.js.map
INFO: [ app_init ] --START--
INFO: Run Behavior\BuildLiteBehavior [ RunTime:0.000091s ]
INFO: [ app_init ] --END-- [ RunTime:0.000835s ]
ERR: 非法操作:index.js.map

[ 2016-07-17T23:06:31+08:00 ] ::1 /quwanba1/index.php/Admin/Index/index.js.map
INFO: [ app_init ] --START--
INFO: Run Behavior\BuildLiteBehavior [ RunTime:0.000424s ]
INFO: [ app_init ] --END-- [ RunTime:0.001448s ]
ERR: 非法操作:index.js.map

[ 2016-07-17T23:06:34+08:00 ] ::1 /quwanba1/index.php/Admin/Shop/index/admin_id/1.html
INFO: [ app_init ] --START--
INFO: Run Behavior\BuildLiteBehavior [ RunTime:0.000108s ]
INFO: [ app_init ] --END-- [ RunTime:0.000868s ]

[ 2016-07-17T23:06:35+08:00 ] ::1 /quwanba1/index.php/Admin/Index/check_login.html
INFO: [ app_init ] --START--
INFO: Run Behavior\BuildLiteBehavior [ RunTime:0.000086s ]
INFO: [ app_init ] --END-- [ RunTime:0.000866s ]
INFO: [ app_begin ] --START--
INFO: Run Behavior\ReadHtmlCacheBehavior [ RunTime:0.000732s ]
INFO: [ app_begin ] --END-- [ RunTime:0.001058s ]
SQL: SHOW COLUMNS FROM `qwb_admin` [ RunTime:0.0085s ]

[ 2016-07-17T23:06:35+08:00 ] ::1 /quwanba1/index.php/Admin/Index/index.js.map
INFO: [ app_init ] --START--
INFO: Run Behavior\BuildLiteBehavior [ RunTime:0.000085s ]
INFO: [ app_init ] --END-- [ RunTime:0.000845s ]
ERR: 非法操作:index.js.map

[ 2016-07-17T23:12:48+08:00 ] ::1 /quwanba1/index.php/Admin/Index/index.html
INFO: [ app_init ] --START--
INFO: Run Behavior\BuildLiteBehavior [ RunTime:0.000079s ]
INFO: [ app_init ] --END-- [ RunTime:0.000727s ]

[ 2016-07-17T23:12:48+08:00 ] ::1 /quwanba1/index.php/Admin/Index/main.html
INFO: [ app_init ] --START--
INFO: Run Behavior\BuildLiteBehavior [ RunTime:0.000111s ]
INFO: [ app_init ] --END-- [ RunTime:0.001012s ]

[ 2016-07-17T23:12:48+08:00 ] ::1 /quwanba1/index.php/Admin/Index/index.js.map
INFO: [ app_init ] --START--
INFO: Run Behavior\BuildLiteBehavior [ RunTime:0.000102s ]
INFO: [ app_init ] --END-- [ RunTime:0.000865s ]
ERR: 非法操作:index.js.map

[ 2016-07-17T23:12:49+08:00 ] ::1 /quwanba1/index.php/Admin/Index/index.js.map
INFO: [ app_init ] --START--
INFO: Run Behavior\BuildLiteBehavior [ RunTime:0.000117s ]
INFO: [ app_init ] --END-- [ RunTime:0.000776s ]
ERR: 非法操作:index.js.map

[ 2016-07-17T23:12:51+08:00 ] ::1 /quwanba1/index.php/Admin/Shop/index/admin_id/1.html
INFO: [ app_init ] --START--
INFO: Run Behavior\BuildLiteBehavior [ RunTime:0.000140s ]
INFO: [ app_init ] --END-- [ RunTime:0.001087s ]

[ 2016-07-17T23:12:52+08:00 ] ::1 /quwanba1/index.php/Admin/Index/check_login.html
INFO: [ app_init ] --START--
INFO: Run Behavior\BuildLiteBehavior [ RunTime:0.000146s ]
INFO: [ app_init ] --END-- [ RunTime:0.001196s ]
INFO: [ app_begin ] --START--
INFO: Run Behavior\ReadHtmlCacheBehavior [ RunTime:0.000753s ]
INFO: [ app_begin ] --END-- [ RunTime:0.001087s ]
SQL: SHOW COLUMNS FROM `qwb_admin` [ RunTime:0.0071s ]

[ 2016-07-17T23:12:52+08:00 ] ::1 /quwanba1/index.php/Admin/Index/index.js.map
INFO: [ app_init ] --START--
INFO: Run Behavior\BuildLiteBehavior [ RunTime:0.000110s ]
INFO: [ app_init ] --END-- [ RunTime:0.000988s ]
ERR: 非法操作:index.js.map

[ 2016-07-17T23:18:58+08:00 ] ::1 /quwanba1/index.php/Admin/Index/index.html
INFO: [ app_init ] --START--
INFO: Run Behavior\BuildLiteBehavior [ RunTime:0.000084s ]
INFO: [ app_init ] --END-- [ RunTime:0.000802s ]

[ 2016-07-17T23:18:59+08:00 ] ::1 /quwanba1/index.php/Admin/Index/main.html
INFO: [ app_init ] --START--
INFO: Run Behavior\BuildLiteBehavior [ RunTime:0.000158s ]
INFO: [ app_init ] --END-- [ RunTime:0.001533s ]

[ 2016-07-17T23:18:59+08:00 ] ::1 /quwanba1/index.php/Admin/Index/index.js.map
INFO: [ app_init ] --START--
INFO: Run Behavior\BuildLiteBehavior [ RunTime:0.000134s ]
INFO: [ app_init ] --END-- [ RunTime:0.001085s ]
ERR: 非法操作:index.js.map

[ 2016-07-17T23:18:59+08:00 ] ::1 /quwanba1/index.php/Admin/Index/index.js.map
INFO: [ app_init ] --START--
INFO: Run Behavior\BuildLiteBehavior [ RunTime:0.000084s ]
INFO: [ app_init ] --END-- [ RunTime:0.000788s ]
ERR: 非法操作:index.js.map

[ 2016-07-17T23:18:59+08:00 ] ::1 /quwanba1/index.php/Admin/Index/index.js.map
INFO: [ app_init ] --START--
INFO: Run Behavior\BuildLiteBehavior [ RunTime:0.000092s ]
INFO: [ app_init ] --END-- [ RunTime:0.000801s ]
ERR: 非法操作:index.js.map

[ 2016-07-17T23:19:01+08:00 ] ::1 /quwanba1/index.php/Admin/Shop/index/admin_id/1.html
INFO: [ app_init ] --START--
INFO: Run Behavior\BuildLiteBehavior [ RunTime:0.000086s ]
INFO: [ app_init ] --END-- [ RunTime:0.000860s ]

[ 2016-07-17T23:19:02+08:00 ] ::1 /quwanba1/index.php/Admin/Index/check_login.html
INFO: [ app_init ] --START--
INFO: Run Behavior\BuildLiteBehavior [ RunTime:0.000079s ]
INFO: [ app_init ] --END-- [ RunTime:0.000735s ]
INFO: [ app_begin ] --START--
INFO: Run Behavior\ReadHtmlCacheBehavior [ RunTime:0.000631s ]
INFO: [ app_begin ] --END-- [ RunTime:0.000960s ]
SQL: SHOW COLUMNS FROM `qwb_admin` [ RunTime:0.0074s ]

[ 2016-07-17T23:19:02+08:00 ] ::1 /quwanba1/index.php/Admin/Index/index.js.map
INFO: [ app_init ] --START--
INFO: Run Behavior\BuildLiteBehavior [ RunTime:0.000082s ]
INFO: [ app_init ] --END-- [ RunTime:0.000755s ]
ERR: 非法操作:index.js.map

[ 2016-07-17T23:20:23+08:00 ] ::1 /quwanba1/index.php/Admin/Index/index.html
INFO: [ app_init ] --START--
INFO: Run Behavior\BuildLiteBehavior [ RunTime:0.000079s ]
INFO: [ app_init ] --END-- [ RunTime:0.000771s ]

[ 2016-07-17T23:20:23+08:00 ] ::1 /quwanba1/index.php/Admin/Index/main.html
INFO: [ app_init ] --START--
INFO: Run Behavior\BuildLiteBehavior [ RunTime:0.000166s ]
INFO: [ app_init ] --END-- [ RunTime:0.000872s ]

[ 2016-07-17T23:20:23+08:00 ] ::1 /quwanba1/index.php/Admin/Index/index.js.map
INFO: [ app_init ] --START--
INFO: Run Behavior\BuildLiteBehavior [ RunTime:0.000078s ]
INFO: [ app_init ] --END-- [ RunTime:0.000727s ]
ERR: 非法操作:index.js.map

[ 2016-07-17T23:20:24+08:00 ] ::1 /quwanba1/index.php/Admin/Index/index.js.map
INFO: [ app_init ] --START--
INFO: Run Behavior\BuildLiteBehavior [ RunTime:0.000081s ]
INFO: [ app_init ] --END-- [ RunTime:0.000804s ]
ERR: 非法操作:index.js.map

[ 2016-07-17T23:20:24+08:00 ] ::1 /quwanba1/index.php/Admin/Index/index.js.map
INFO: [ app_init ] --START--
INFO: Run Behavior\BuildLiteBehavior [ RunTime:0.000157s ]
INFO: [ app_init ] --END-- [ RunTime:0.001921s ]
ERR: 非法操作:index.js.map

[ 2016-07-17T23:20:27+08:00 ] ::1 /quwanba1/index.php/Admin/Shop/index/admin_id/1.html
INFO: [ app_init ] --START--
INFO: Run Behavior\BuildLiteBehavior [ RunTime:0.000172s ]
INFO: [ app_init ] --END-- [ RunTime:0.001257s ]

[ 2016-07-17T23:20:27+08:00 ] ::1 /quwanba1/index.php/Admin/Index/check_login.html
INFO: [ app_init ] --START--
INFO: Run Behavior\BuildLiteBehavior [ RunTime:0.000132s ]
INFO: [ app_init ] --END-- [ RunTime:0.001014s ]
INFO: [ app_begin ] --START--
INFO: Run Behavior\ReadHtmlCacheBehavior [ RunTime:0.000669s ]
INFO: [ app_begin ] --END-- [ RunTime:0.000966s ]
SQL: SHOW COLUMNS FROM `qwb_admin` [ RunTime:0.0078s ]

[ 2016-07-17T23:20:27+08:00 ] ::1 /quwanba1/index.php/Admin/Index/index.js.map
INFO: [ app_init ] --START--
INFO: Run Behavior\BuildLiteBehavior [ RunTime:0.000082s ]
INFO: [ app_init ] --END-- [ RunTime:0.000770s ]
ERR: 非法操作:index.js.map

[ 2016-07-17T23:22:04+08:00 ] ::1 /quwanba1/index.php/Admin/Shop/index/admin_id/1.html
INFO: [ app_init ] --START--
INFO: Run Behavior\BuildLiteBehavior [ RunTime:0.000078s ]
INFO: [ app_init ] --END-- [ RunTime:0.000724s ]

[ 2016-07-17T23:22:04+08:00 ] ::1 /quwanba1/index.php/Admin/Index/check_login.html
INFO: [ app_init ] --START--
INFO: Run Behavior\BuildLiteBehavior [ RunTime:0.000145s ]
INFO: [ app_init ] --END-- [ RunTime:0.001319s ]
INFO: [ app_begin ] --START--
INFO: Run Behavior\ReadHtmlCacheBehavior [ RunTime:0.000692s ]
INFO: [ app_begin ] --END-- [ RunTime:0.001019s ]
SQL: SHOW COLUMNS FROM `qwb_admin` [ RunTime:0.0070s ]

[ 2016-07-17T23:22:04+08:00 ] ::1 /quwanba1/index.php/Admin/Index/index.js.map
INFO: [ app_init ] --START--
INFO: Run Behavior\BuildLiteBehavior [ RunTime:0.000079s ]
INFO: [ app_init ] --END-- [ RunTime:0.000745s ]
ERR: 非法操作:index.js.map

[ 2016-07-17T23:23:03+08:00 ] ::1 /quwanba1/index.php/Admin/Shop/index/admin_id/1.html
INFO: [ app_init ] --START--
INFO: Run Behavior\BuildLiteBehavior [ RunTime:0.000078s ]
INFO: [ app_init ] --END-- [ RunTime:0.000724s ]

[ 2016-07-17T23:23:03+08:00 ] ::1 /quwanba1/index.php/Admin/Index/check_login.html
INFO: [ app_init ] --START--
INFO: Run Behavior\BuildLiteBehavior [ RunTime:0.000080s ]
INFO: [ app_init ] --END-- [ RunTime:0.000736s ]
INFO: [ app_begin ] --START--
INFO: Run Behavior\ReadHtmlCacheBehavior [ RunTime:0.000917s ]
INFO: [ app_begin ] --END-- [ RunTime:0.001364s ]
SQL: SHOW COLUMNS FROM `qwb_admin` [ RunTime:0.0083s ]

[ 2016-07-17T23:23:03+08:00 ] ::1 /quwanba1/index.php/Admin/Index/index.js.map
INFO: [ app_init ] --START--
INFO: Run Behavior\BuildLiteBehavior [ RunTime:0.000098s ]
INFO: [ app_init ] --END-- [ RunTime:0.001029s ]
ERR: 非法操作:index.js.map

[ 2016-07-17T23:23:05+08:00 ] ::1 /quwanba1/index.php/Admin/Shop/index/admin_id/1/p/2.html
INFO: [ app_init ] --START--
INFO: Run Behavior\BuildLiteBehavior [ RunTime:0.000077s ]
INFO: [ app_init ] --END-- [ RunTime:0.000713s ]

[ 2016-07-17T23:23:06+08:00 ] ::1 /quwanba1/index.php/Admin/Index/check_login.html
INFO: [ app_init ] --START--
INFO: Run Behavior\BuildLiteBehavior [ RunTime:0.000080s ]
INFO: [ app_init ] --END-- [ RunTime:0.000772s ]
INFO: [ app_begin ] --START--
INFO: Run Behavior\ReadHtmlCacheBehavior [ RunTime:0.000713s ]
INFO: [ app_begin ] --END-- [ RunTime:0.001032s ]
SQL: SHOW COLUMNS FROM `qwb_admin` [ RunTime:0.0077s ]

[ 2016-07-17T23:23:06+08:00 ] ::1 /quwanba1/index.php/Admin/Index/index.js.map
INFO: [ app_init ] --START--
INFO: Run Behavior\BuildLiteBehavior [ RunTime:0.000129s ]
INFO: [ app_init ] --END-- [ RunTime:0.000876s ]
ERR: 非法操作:index.js.map

[ 2016-07-17T23:23:27+08:00 ] ::1 /quwanba1/index.php/Admin/Shop/index/admin_id/1.html
INFO: [ app_init ] --START--
INFO: Run Behavior\BuildLiteBehavior [ RunTime:0.000118s ]
INFO: [ app_init ] --END-- [ RunTime:0.000990s ]

[ 2016-07-17T23:23:27+08:00 ] ::1 /quwanba1/index.php/Admin/Index/check_login.html
INFO: [ app_init ] --START--
INFO: Run Behavior\BuildLiteBehavior [ RunTime:0.000132s ]
INFO: [ app_init ] --END-- [ RunTime:0.001352s ]
INFO: [ app_begin ] --START--
INFO: Run Behavior\ReadHtmlCacheBehavior [ RunTime:0.000647s ]
INFO: [ app_begin ] --END-- [ RunTime:0.000959s ]
SQL: SHOW COLUMNS FROM `qwb_admin` [ RunTime:0.0077s ]

[ 2016-07-17T23:23:27+08:00 ] ::1 /quwanba1/index.php/Admin/Index/index.js.map
INFO: [ app_init ] --START--
INFO: Run Behavior\BuildLiteBehavior [ RunTime:0.000079s ]
INFO: [ app_init ] --END-- [ RunTime:0.000735s ]
ERR: 非法操作:index.js.map

[ 2016-07-17T23:23:29+08:00 ] ::1 /quwanba1/index.php/Admin/Shop/index/admin_id/1/p/6.html
INFO: [ app_init ] --START--
INFO: Run Behavior\BuildLiteBehavior [ RunTime:0.000175s ]
INFO: [ app_init ] --END-- [ RunTime:0.000925s ]

[ 2016-07-17T23:23:30+08:00 ] ::1 /quwanba1/index.php/Admin/Index/check_login.html
INFO: [ app_init ] --START--
INFO: Run Behavior\BuildLiteBehavior [ RunTime:0.000080s ]
INFO: [ app_init ] --END-- [ RunTime:0.000769s ]
INFO: [ app_begin ] --START--
INFO: Run Behavior\ReadHtmlCacheBehavior [ RunTime:0.000694s ]
INFO: [ app_begin ] --END-- [ RunTime:0.001018s ]
SQL: SHOW COLUMNS FROM `qwb_admin` [ RunTime:0.0116s ]

[ 2016-07-17T23:23:30+08:00 ] ::1 /quwanba1/index.php/Admin/Index/index.js.map
INFO: [ app_init ] --START--
INFO: Run Behavior\BuildLiteBehavior [ RunTime:0.000167s ]
INFO: [ app_init ] --END-- [ RunTime:0.001600s ]
ERR: 非法操作:index.js.map

[ 2016-07-17T23:23:34+08:00 ] ::1 /quwanba1/index.php/Admin/Shop/index/admin_id/1/p/3.html
INFO: [ app_init ] --START--
INFO: Run Behavior\BuildLiteBehavior [ RunTime:0.000075s ]
INFO: [ app_init ] --END-- [ RunTime:0.000735s ]

[ 2016-07-17T23:23:34+08:00 ] ::1 /quwanba1/index.php/Admin/Index/check_login.html
INFO: [ app_init ] --START--
INFO: Run Behavior\BuildLiteBehavior [ RunTime:0.000161s ]
INFO: [ app_init ] --END-- [ RunTime:0.001622s ]
INFO: [ app_begin ] --START--
INFO: Run Behavior\ReadHtmlCacheBehavior [ RunTime:0.000796s ]
INFO: [ app_begin ] --END-- [ RunTime:0.001221s ]
SQL: SHOW COLUMNS FROM `qwb_admin` [ RunTime:0.0077s ]

[ 2016-07-17T23:23:34+08:00 ] ::1 /quwanba1/index.php/Admin/Index/index.js.map
INFO: [ app_init ] --START--
INFO: Run Behavior\BuildLiteBehavior [ RunTime:0.000080s ]
INFO: [ app_init ] --END-- [ RunTime:0.000762s ]
ERR: 非法操作:index.js.map

[ 2016-07-17T23:25:01+08:00 ] ::1 /quwanba1/index.php/Admin/Shop/index/admin_id/1.html
INFO: [ app_init ] --START--
INFO: Run Behavior\BuildLiteBehavior [ RunTime:0.000081s ]
INFO: [ app_init ] --END-- [ RunTime:0.000771s ]

[ 2016-07-17T23:25:02+08:00 ] ::1 /quwanba1/index.php/Admin/Index/check_login.html
INFO: [ app_init ] --START--
INFO: Run Behavior\BuildLiteBehavior [ RunTime:0.000092s ]
INFO: [ app_init ] --END-- [ RunTime:0.000777s ]
INFO: [ app_begin ] --START--
INFO: Run Behavior\ReadHtmlCacheBehavior [ RunTime:0.000688s ]
INFO: [ app_begin ] --END-- [ RunTime:0.001013s ]
SQL: SHOW COLUMNS FROM `qwb_admin` [ RunTime:0.0076s ]

[ 2016-07-17T23:25:02+08:00 ] ::1 /quwanba1/index.php/Admin/Index/index.js.map
INFO: [ app_init ] --START--
INFO: Run Behavior\BuildLiteBehavior [ RunTime:0.000093s ]
INFO: [ app_init ] --END-- [ RunTime:0.000951s ]
ERR: 非法操作:index.js.map

[ 2016-07-17T23:25:04+08:00 ] ::1 /quwanba1/index.php/Admin/Shop/index/admin_id/1/p/2.html
INFO: [ app_init ] --START--
INFO: Run Behavior\BuildLiteBehavior [ RunTime:0.000086s ]
INFO: [ app_init ] --END-- [ RunTime:0.000824s ]

[ 2016-07-17T23:25:04+08:00 ] ::1 /quwanba1/index.php/Admin/Index/check_login.html
INFO: [ app_init ] --START--
INFO: Run Behavior\BuildLiteBehavior [ RunTime:0.000090s ]
INFO: [ app_init ] --END-- [ RunTime:0.000829s ]
INFO: [ app_begin ] --START--
INFO: Run Behavior\ReadHtmlCacheBehavior [ RunTime:0.000646s ]
INFO: [ app_begin ] --END-- [ RunTime:0.000987s ]
SQL: SHOW COLUMNS FROM `qwb_admin` [ RunTime:0.0080s ]

[ 2016-07-17T23:25:05+08:00 ] ::1 /quwanba1/index.php/Admin/Index/index.js.map
INFO: [ app_init ] --START--
INFO: Run Behavior\BuildLiteBehavior [ RunTime:0.000081s ]
INFO: [ app_init ] --END-- [ RunTime:0.000789s ]
ERR: 非法操作:index.js.map

[ 2016-07-17T23:25:07+08:00 ] ::1 /quwanba1/index.php/Admin/Shop/index/admin_id/1/p/3.html
INFO: [ app_init ] --START--
INFO: Run Behavior\BuildLiteBehavior [ RunTime:0.000078s ]
INFO: [ app_init ] --END-- [ RunTime:0.000724s ]

[ 2016-07-17T23:25:07+08:00 ] ::1 /quwanba1/index.php/Admin/Index/check_login.html
INFO: [ app_init ] --START--
INFO: Run Behavior\BuildLiteBehavior [ RunTime:0.000080s ]
INFO: [ app_init ] --END-- [ RunTime:0.000733s ]
INFO: [ app_begin ] --START--
INFO: Run Behavior\ReadHtmlCacheBehavior [ RunTime:0.000669s ]
INFO: [ app_begin ] --END-- [ RunTime:0.000974s ]
SQL: SHOW COLUMNS FROM `qwb_admin` [ RunTime:0.0092s ]

[ 2016-07-17T23:25:07+08:00 ] ::1 /quwanba1/index.php/Admin/Index/index.js.map
INFO: [ app_init ] --START--
INFO: Run Behavior\BuildLiteBehavior [ RunTime:0.000078s ]
INFO: [ app_init ] --END-- [ RunTime:0.000813s ]
ERR: 非法操作:index.js.map

[ 2016-07-17T23:25:11+08:00 ] ::1 /quwanba1/index.php/Admin/Shop/index/admin_id/1/p/1.html
INFO: [ app_init ] --START--
INFO: Run Behavior\BuildLiteBehavior [ RunTime:0.000082s ]
INFO: [ app_init ] --END-- [ RunTime:0.000779s ]

[ 2016-07-17T23:25:11+08:00 ] ::1 /quwanba1/index.php/Admin/Index/check_login.html
INFO: [ app_init ] --START--
INFO: Run Behavior\BuildLiteBehavior [ RunTime:0.000077s ]
INFO: [ app_init ] --END-- [ RunTime:0.000714s ]
INFO: [ app_begin ] --START--
INFO: Run Behavior\ReadHtmlCacheBehavior [ RunTime:0.000623s ]
INFO: [ app_begin ] --END-- [ RunTime:0.000927s ]
SQL: SHOW COLUMNS FROM `qwb_admin` [ RunTime:0.0075s ]

[ 2016-07-17T23:25:11+08:00 ] ::1 /quwanba1/index.php/Admin/Index/index.js.map
INFO: [ app_init ] --START--
INFO: Run Behavior\BuildLiteBehavior [ RunTime:0.000094s ]
INFO: [ app_init ] --END-- [ RunTime:0.000894s ]
ERR: 非法操作:index.js.map

[ 2016-07-17T23:25:38+08:00 ] ::1 /quwanba1/index.php/Admin/Shop/index/admin_id/1/p/2.html
INFO: [ app_init ] --START--
INFO: Run Behavior\BuildLiteBehavior [ RunTime:0.000080s ]
INFO: [ app_init ] --END-- [ RunTime:0.000769s ]

[ 2016-07-17T23:25:39+08:00 ] ::1 /quwanba1/index.php/Admin/Index/check_login.html
INFO: [ app_init ] --START--
INFO: Run Behavior\BuildLiteBehavior [ RunTime:0.000084s ]
INFO: [ app_init ] --END-- [ RunTime:0.000790s ]
INFO: [ app_begin ] --START--
INFO: Run Behavior\ReadHtmlCacheBehavior [ RunTime:0.000795s ]
INFO: [ app_begin ] --END-- [ RunTime:0.001265s ]
SQL: SHOW COLUMNS FROM `qwb_admin` [ RunTime:0.0072s ]

[ 2016-07-17T23:25:39+08:00 ] ::1 /quwanba1/index.php/Admin/Index/index.js.map
INFO: [ app_init ] --START--
INFO: Run Behavior\BuildLiteBehavior [ RunTime:0.000086s ]
INFO: [ app_init ] --END-- [ RunTime:0.000863s ]
ERR: 非法操作:index.js.map

[ 2016-07-17T23:26:37+08:00 ] ::1 /quwanba1/index.php/Admin/Shop/index/admin_id/1.html
INFO: [ app_init ] --START--
INFO: Run Behavior\BuildLiteBehavior [ RunTime:0.000079s ]
INFO: [ app_init ] --END-- [ RunTime:0.000736s ]

[ 2016-07-17T23:26:37+08:00 ] ::1 /quwanba1/index.php/Admin/Index/check_login.html
INFO: [ app_init ] --START--
INFO: Run Behavior\BuildLiteBehavior [ RunTime:0.000078s ]
INFO: [ app_init ] --END-- [ RunTime:0.000733s ]
INFO: [ app_begin ] --START--
INFO: Run Behavior\ReadHtmlCacheBehavior [ RunTime:0.000757s ]
INFO: [ app_begin ] --END-- [ RunTime:0.001064s ]
SQL: SHOW COLUMNS FROM `qwb_admin` [ RunTime:0.0070s ]

[ 2016-07-17T23:26:37+08:00 ] ::1 /quwanba1/index.php/Admin/Index/index.js.map
INFO: [ app_init ] --START--
INFO: Run Behavior\BuildLiteBehavior [ RunTime:0.000081s ]
INFO: [ app_init ] --END-- [ RunTime:0.000746s ]
ERR: 非法操作:index.js.map

[ 2016-07-17T23:28:45+08:00 ] ::1 /quwanba1/index.php/Admin/Shop/index/admin_id/1.html
INFO: [ app_init ] --START--
INFO: Run Behavior\BuildLiteBehavior [ RunTime:0.000083s ]
INFO: [ app_init ] --END-- [ RunTime:0.000767s ]

[ 2016-07-17T23:28:45+08:00 ] ::1 /quwanba1/index.php/Admin/Index/check_login.html
INFO: [ app_init ] --START--
INFO: Run Behavior\BuildLiteBehavior [ RunTime:0.000163s ]
INFO: [ app_init ] --END-- [ RunTime:0.001953s ]
INFO: [ app_begin ] --START--
INFO: Run Behavior\ReadHtmlCacheBehavior [ RunTime:0.000624s ]
INFO: [ app_begin ] --END-- [ RunTime:0.000939s ]
SQL: SHOW COLUMNS FROM `qwb_admin` [ RunTime:0.0076s ]

[ 2016-07-17T23:28:45+08:00 ] ::1 /quwanba1/index.php/Admin/Index/index.js.map
INFO: [ app_init ] --START--
INFO: Run Behavior\BuildLiteBehavior [ RunTime:0.000090s ]
INFO: [ app_init ] --END-- [ RunTime:0.000922s ]
ERR: 非法操作:index.js.map

[ 2016-07-17T23:28:49+08:00 ] ::1 /quwanba1/index.php/Admin/Shop/index/admin_id/1/p/2.html
INFO: [ app_init ] --START--
INFO: Run Behavior\BuildLiteBehavior [ RunTime:0.000079s ]
INFO: [ app_init ] --END-- [ RunTime:0.000772s ]

[ 2016-07-17T23:28:49+08:00 ] ::1 /quwanba1/index.php/Admin/Index/check_login.html
INFO: [ app_init ] --START--
INFO: Run Behavior\BuildLiteBehavior [ RunTime:0.000083s ]
INFO: [ app_init ] --END-- [ RunTime:0.000867s ]
INFO: [ app_begin ] --START--
INFO: Run Behavior\ReadHtmlCacheBehavior [ RunTime:0.000598s ]
INFO: [ app_begin ] --END-- [ RunTime:0.000910s ]
SQL: SHOW COLUMNS FROM `qwb_admin` [ RunTime:0.0076s ]

[ 2016-07-17T23:28:49+08:00 ] ::1 /quwanba1/index.php/Admin/Index/index.js.map
INFO: [ app_init ] --START--
INFO: Run Behavior\BuildLiteBehavior [ RunTime:0.000107s ]
INFO: [ app_init ] --END-- [ RunTime:0.000913s ]
ERR: 非法操作:index.js.map

[ 2016-07-17T23:29:56+08:00 ] ::1 /quwanba1/index.php/Admin/Shop/index/admin_id/1.html
INFO: [ app_init ] --START--
INFO: Run Behavior\BuildLiteBehavior [ RunTime:0.000105s ]
INFO: [ app_init ] --END-- [ RunTime:0.000983s ]

[ 2016-07-17T23:29:56+08:00 ] ::1 /quwanba1/index.php/Admin/Index/check_login.html
INFO: [ app_init ] --START--
INFO: Run Behavior\BuildLiteBehavior [ RunTime:0.000085s ]
INFO: [ app_init ] --END-- [ RunTime:0.000791s ]
INFO: [ app_begin ] --START--
INFO: Run Behavior\ReadHtmlCacheBehavior [ RunTime:0.001110s ]
INFO: [ app_begin ] --END-- [ RunTime:0.001736s ]
SQL: SHOW COLUMNS FROM `qwb_admin` [ RunTime:0.0072s ]

[ 2016-07-17T23:29:56+08:00 ] ::1 /quwanba1/index.php/Admin/Index/index.js.map
INFO: [ app_init ] --START--
INFO: Run Behavior\BuildLiteBehavior [ RunTime:0.000077s ]
INFO: [ app_init ] --END-- [ RunTime:0.000710s ]
ERR: 非法操作:index.js.map

[ 2016-07-17T23:31:10+08:00 ] ::1 /quwanba1/index.php/Admin/Shop/index/admin_id/1.html
INFO: [ app_init ] --START--
INFO: Run Behavior\BuildLiteBehavior [ RunTime:0.000084s ]
INFO: [ app_init ] --END-- [ RunTime:0.000762s ]

[ 2016-07-17T23:31:10+08:00 ] ::1 /quwanba1/index.php/Admin/Index/check_login.html
INFO: [ app_init ] --START--
INFO: Run Behavior\BuildLiteBehavior [ RunTime:0.000108s ]
INFO: [ app_init ] --END-- [ RunTime:0.000951s ]
INFO: [ app_begin ] --START--
INFO: Run Behavior\ReadHtmlCacheBehavior [ RunTime:0.000646s ]
INFO: [ app_begin ] --END-- [ RunTime:0.000951s ]
SQL: SHOW COLUMNS FROM `qwb_admin` [ RunTime:0.0075s ]

[ 2016-07-17T23:31:10+08:00 ] ::1 /quwanba1/index.php/Admin/Index/index.js.map
INFO: [ app_init ] --START--
INFO: Run Behavior\BuildLiteBehavior [ RunTime:0.000113s ]
INFO: [ app_init ] --END-- [ RunTime:0.000825s ]
ERR: 非法操作:index.js.map

[ 2016-07-17T23:31:13+08:00 ] ::1 /quwanba1/index.php/Admin/Shop/index/admin_id/1/p/2.html
INFO: [ app_init ] --START--
INFO: Run Behavior\BuildLiteBehavior [ RunTime:0.000078s ]
INFO: [ app_init ] --END-- [ RunTime:0.000714s ]

[ 2016-07-17T23:31:14+08:00 ] ::1 /quwanba1/index.php/Admin/Index/check_login.html
INFO: [ app_init ] --START--
INFO: Run Behavior\BuildLiteBehavior [ RunTime:0.000080s ]
INFO: [ app_init ] --END-- [ RunTime:0.000753s ]
INFO: [ app_begin ] --START--
INFO: Run Behavior\ReadHtmlCacheBehavior [ RunTime:0.000628s ]
INFO: [ app_begin ] --END-- [ RunTime:0.000936s ]
SQL: SHOW COLUMNS FROM `qwb_admin` [ RunTime:0.0079s ]

[ 2016-07-17T23:31:14+08:00 ] ::1 /quwanba1/index.php/Admin/Index/index.js.map
INFO: [ app_init ] --START--
INFO: Run Behavior\BuildLiteBehavior [ RunTime:0.000099s ]
INFO: [ app_init ] --END-- [ RunTime:0.000848s ]
ERR: 非法操作:index.js.map

[ 2016-07-17T23:31:16+08:00 ] ::1 /quwanba1/index.php/Admin/Shop/index/admin_id/1/p/3.html
INFO: [ app_init ] --START--
INFO: Run Behavior\BuildLiteBehavior [ RunTime:0.000076s ]
INFO: [ app_init ] --END-- [ RunTime:0.000690s ]

[ 2016-07-17T23:31:16+08:00 ] ::1 /quwanba1/index.php/Admin/Index/check_login.html
INFO: [ app_init ] --START--
INFO: Run Behavior\BuildLiteBehavior [ RunTime:0.000131s ]
INFO: [ app_init ] --END-- [ RunTime:0.001108s ]
INFO: [ app_begin ] --START--
INFO: Run Behavior\ReadHtmlCacheBehavior [ RunTime:0.000853s ]
INFO: [ app_begin ] --END-- [ RunTime:0.001171s ]
SQL: SHOW COLUMNS FROM `qwb_admin` [ RunTime:0.0075s ]

[ 2016-07-17T23:31:16+08:00 ] ::1 /quwanba1/index.php/Admin/Index/index.js.map
INFO: [ app_init ] --START--
INFO: Run Behavior\BuildLiteBehavior [ RunTime:0.000084s ]
INFO: [ app_init ] --END-- [ RunTime:0.000762s ]
ERR: 非法操作:index.js.map

[ 2016-07-17T23:31:19+08:00 ] ::1 /quwanba1/index.php/Admin/ShopHot/index/admin_id/1.html
INFO: [ app_init ] --START--
INFO: Run Behavior\BuildLiteBehavior [ RunTime:0.000079s ]
INFO: [ app_init ] --END-- [ RunTime:0.000708s ]

[ 2016-07-17T23:31:19+08:00 ] ::1 /quwanba1/index.php/Admin/Index/check_login.html
INFO: [ app_init ] --START--
INFO: Run Behavior\BuildLiteBehavior [ RunTime:0.000083s ]
INFO: [ app_init ] --END-- [ RunTime:0.000782s ]
INFO: [ app_begin ] --START--
INFO: Run Behavior\ReadHtmlCacheBehavior [ RunTime:0.000646s ]
INFO: [ app_begin ] --END-- [ RunTime:0.000942s ]
SQL: SHOW COLUMNS FROM `qwb_admin` [ RunTime:0.0079s ]

[ 2016-07-17T23:31:22+08:00 ] ::1 /quwanba1/index.php/Admin/ShopHot/index/admin_id/1.html
INFO: [ app_init ] --START--
INFO: Run Behavior\BuildLiteBehavior [ RunTime:0.000079s ]
INFO: [ app_init ] --END-- [ RunTime:0.000720s ]

[ 2016-07-17T23:31:23+08:00 ] ::1 /quwanba1/index.php/Admin/Index/check_login.html
INFO: [ app_init ] --START--
INFO: Run Behavior\BuildLiteBehavior [ RunTime:0.000079s ]
INFO: [ app_init ] --END-- [ RunTime:0.000721s ]
INFO: [ app_begin ] --START--
INFO: Run Behavior\ReadHtmlCacheBehavior [ RunTime:0.000656s ]
INFO: [ app_begin ] --END-- [ RunTime:0.000991s ]
SQL: SHOW COLUMNS FROM `qwb_admin` [ RunTime:0.0080s ]

[ 2016-07-17T23:31:24+08:00 ] ::1 /quwanba1/index.php/Admin/ShopPlay/index/admin_id/1.html
INFO: [ app_init ] --START--
INFO: Run Behavior\BuildLiteBehavior [ RunTime:0.000107s ]
INFO: [ app_init ] --END-- [ RunTime:0.000763s ]

[ 2016-07-17T23:31:24+08:00 ] ::1 /quwanba1/index.php/Admin/Index/check_login.html
INFO: [ app_init ] --START--
INFO: Run Behavior\BuildLiteBehavior [ RunTime:0.000078s ]
INFO: [ app_init ] --END-- [ RunTime:0.000713s ]
INFO: [ app_begin ] --START--
INFO: Run Behavior\ReadHtmlCacheBehavior [ RunTime:0.000709s ]
INFO: [ app_begin ] --END-- [ RunTime:0.001026s ]
SQL: SHOW COLUMNS FROM `qwb_admin` [ RunTime:0.0073s ]

[ 2016-07-17T23:40:07+08:00 ] ::1 /quwanba1/index.php/Admin/Integral/index/admin_id/1.html
INFO: [ app_init ] --START--
INFO: Run Behavior\BuildLiteBehavior [ RunTime:0.000076s ]
INFO: [ app_init ] --END-- [ RunTime:0.000702s ]
ERR: 无法加载控制器:Integral

[ 2016-07-17T23:40:15+08:00 ] ::1 /quwanba1/index.php/Admin/Admin/index/admin_id/1.html
INFO: [ app_init ] --START--
INFO: Run Behavior\BuildLiteBehavior [ RunTime:0.000087s ]
INFO: [ app_init ] --END-- [ RunTime:0.000817s ]

[ 2016-07-17T23:40:16+08:00 ] ::1 /quwanba1/index.php/Admin/Index/check_login.html
INFO: [ app_init ] --START--
INFO: Run Behavior\BuildLiteBehavior [ RunTime:0.000096s ]
INFO: [ app_init ] --END-- [ RunTime:0.000898s ]
INFO: [ app_begin ] --START--
INFO: Run Behavior\ReadHtmlCacheBehavior [ RunTime:0.001053s ]
INFO: [ app_begin ] --END-- [ RunTime:0.001451s ]
SQL: SHOW COLUMNS FROM `qwb_admin` [ RunTime:0.0437s ]

[ 2016-07-17T23:40:20+08:00 ] ::1 /quwanba1/index.php/Admin/Admin/index/admin_id/1.html
INFO: [ app_init ] --START--
INFO: Run Behavior\BuildLiteBehavior [ RunTime:0.000084s ]
INFO: [ app_init ] --END-- [ RunTime:0.000750s ]

[ 2016-07-17T23:40:20+08:00 ] ::1 /quwanba1/index.php/Admin/Index/check_login.html
INFO: [ app_init ] --START--
INFO: Run Behavior\BuildLiteBehavior [ RunTime:0.000112s ]
INFO: [ app_init ] --END-- [ RunTime:0.000862s ]
INFO: [ app_begin ] --START--
INFO: Run Behavior\ReadHtmlCacheBehavior [ RunTime:0.000678s ]
INFO: [ app_begin ] --END-- [ RunTime:0.001025s ]
SQL: SHOW COLUMNS FROM `qwb_admin` [ RunTime:0.0243s ]

[ 2016-07-17T23:40:28+08:00 ] ::1 /quwanba1/index.php/Admin/Card/index/admin_id/1.html
INFO: [ app_init ] --START--
INFO: Run Behavior\BuildLiteBehavior [ RunTime:0.000090s ]
INFO: [ app_init ] --END-- [ RunTime:0.000885s ]

[ 2016-07-17T23:40:28+08:00 ] ::1 /quwanba1/index.php/Admin/Index/check_login.html
INFO: [ app_init ] --START--
INFO: Run Behavior\BuildLiteBehavior [ RunTime:0.000087s ]
INFO: [ app_init ] --END-- [ RunTime:0.000962s ]
INFO: [ app_begin ] --START--
INFO: Run Behavior\ReadHtmlCacheBehavior [ RunTime:0.001028s ]
INFO: [ app_begin ] --END-- [ RunTime:0.001510s ]
SQL: SHOW COLUMNS FROM `qwb_admin` [ RunTime:0.0269s ]

[ 2016-07-17T23:40:31+08:00 ] ::1 /quwanba1/index.php/Admin/Card/index/admin_id/1.html
INFO: [ app_init ] --START--
INFO: Run Behavior\BuildLiteBehavior [ RunTime:0.000090s ]
INFO: [ app_init ] --END-- [ RunTime:0.000978s ]

[ 2016-07-17T23:40:32+08:00 ] ::1 /quwanba1/index.php/Admin/Index/check_login.html
INFO: [ app_init ] --START--
INFO: Run Behavior\BuildLiteBehavior [ RunTime:0.000115s ]
INFO: [ app_init ] --END-- [ RunTime:0.001086s ]
INFO: [ app_begin ] --START--
INFO: Run Behavior\ReadHtmlCacheBehavior [ RunTime:0.000819s ]
INFO: [ app_begin ] --END-- [ RunTime:0.001146s ]
SQL: SHOW COLUMNS FROM `qwb_admin` [ RunTime:0.0077s ]

[ 2016-07-17T23:40:40+08:00 ] ::1 /quwanba1/index.php/Admin/Admin/index/admin_id/1.html
INFO: [ app_init ] --START--
INFO: Run Behavior\BuildLiteBehavior [ RunTime:0.000079s ]
INFO: [ app_init ] --END-- [ RunTime:0.000721s ]

[ 2016-07-17T23:40:40+08:00 ] ::1 /quwanba1/index.php/Admin/Index/check_login.html
INFO: [ app_init ] --START--
INFO: Run Behavior\BuildLiteBehavior [ RunTime:0.000085s ]
INFO: [ app_init ] --END-- [ RunTime:0.000875s ]
INFO: [ app_begin ] --START--
INFO: Run Behavior\ReadHtmlCacheBehavior [ RunTime:0.000782s ]
INFO: [ app_begin ] --END-- [ RunTime:0.001177s ]
SQL: SHOW COLUMNS FROM `qwb_admin` [ RunTime:0.0072s ]

[ 2016-07-17T23:40:54+08:00 ] ::1 /quwanba1/index.php/Admin/User/index/admin_id/1.html
INFO: [ app_init ] --START--
INFO: Run Behavior\BuildLiteBehavior [ RunTime:0.000128s ]
INFO: [ app_init ] --END-- [ RunTime:0.001147s ]

[ 2016-07-17T23:40:54+08:00 ] ::1 /quwanba1/index.php/Admin/Index/check_login.html
INFO: [ app_init ] --START--
INFO: Run Behavior\BuildLiteBehavior [ RunTime:0.000097s ]
INFO: [ app_init ] --END-- [ RunTime:0.000771s ]
INFO: [ app_begin ] --START--
INFO: Run Behavior\ReadHtmlCacheBehavior [ RunTime:0.000872s ]
INFO: [ app_begin ] --END-- [ RunTime:0.001361s ]
SQL: SHOW COLUMNS FROM `qwb_admin` [ RunTime:0.0096s ]

[ 2016-07-17T23:40:57+08:00 ] ::1 /quwanba1/index.php/Admin/User/index/p/3.html
INFO: [ app_init ] --START--
INFO: Run Behavior\BuildLiteBehavior [ RunTime:0.000089s ]
INFO: [ app_init ] --END-- [ RunTime:0.001075s ]

[ 2016-07-17T23:40:57+08:00 ] ::1 /quwanba1/index.php/Admin/Index/check_login.html
INFO: [ app_init ] --START--
INFO: Run Behavior\BuildLiteBehavior [ RunTime:0.000082s ]
INFO: [ app_init ] --END-- [ RunTime:0.000813s ]
INFO: [ app_begin ] --START--
INFO: Run Behavior\ReadHtmlCacheBehavior [ RunTime:0.000631s ]
INFO: [ app_begin ] --END-- [ RunTime:0.000931s ]
SQL: SHOW COLUMNS FROM `qwb_admin` [ RunTime:0.0104s ]

[ 2016-07-17T23:40:59+08:00 ] ::1 /quwanba1/index.php/Admin/User/index/p/1.html
INFO: [ app_init ] --START--
INFO: Run Behavior\BuildLiteBehavior [ RunTime:0.000083s ]
INFO: [ app_init ] --END-- [ RunTime:0.000763s ]

[ 2016-07-17T23:40:59+08:00 ] ::1 /quwanba1/index.php/Admin/Index/check_login.html
INFO: [ app_init ] --START--
INFO: Run Behavior\BuildLiteBehavior [ RunTime:0.000222s ]
INFO: [ app_init ] --END-- [ RunTime:0.001157s ]
INFO: [ app_begin ] --START--
INFO: Run Behavior\ReadHtmlCacheBehavior [ RunTime:0.001003s ]
INFO: [ app_begin ] --END-- [ RunTime:0.001461s ]
SQL: SHOW COLUMNS FROM `qwb_admin` [ RunTime:0.0097s ]

[ 2016-07-17T23:41:04+08:00 ] ::1 /quwanba1/index.php/Admin/User/index?token=lalala&name=18357121050%09
INFO: [ app_init ] --START--
INFO: Run Behavior\BuildLiteBehavior [ RunTime:0.000078s ]
INFO: [ app_init ] --END-- [ RunTime:0.000716s ]

[ 2016-07-17T23:41:05+08:00 ] ::1 /quwanba1/index.php/Admin/Index/check_login.html
INFO: [ app_init ] --START--
INFO: Run Behavior\BuildLiteBehavior [ RunTime:0.000091s ]
INFO: [ app_init ] --END-- [ RunTime:0.000990s ]
INFO: [ app_begin ] --START--
INFO: Run Behavior\ReadHtmlCacheBehavior [ RunTime:0.000676s ]
INFO: [ app_begin ] --END-- [ RunTime:0.001007s ]
SQL: SHOW COLUMNS FROM `qwb_admin` [ RunTime:0.0076s ]

[ 2016-07-17T23:41:10+08:00 ] ::1 /quwanba1/index.php/Admin/User/index?token=lalala&contact=18357121050%09
INFO: [ app_init ] --START--
INFO: Run Behavior\BuildLiteBehavior [ RunTime:0.000084s ]
INFO: [ app_init ] --END-- [ RunTime:0.000770s ]

[ 2016-07-17T23:41:10+08:00 ] ::1 /quwanba1/index.php/Admin/Index/check_login.html
INFO: [ app_init ] --START--
INFO: Run Behavior\BuildLiteBehavior [ RunTime:0.000100s ]
INFO: [ app_init ] --END-- [ RunTime:0.000944s ]
INFO: [ app_begin ] --START--
INFO: Run Behavior\ReadHtmlCacheBehavior [ RunTime:0.000673s ]
INFO: [ app_begin ] --END-- [ RunTime:0.001065s ]
SQL: SHOW COLUMNS FROM `qwb_admin` [ RunTime:0.0075s ]

[ 2016-07-17T23:41:15+08:00 ] ::1 /quwanba1/index.php/Admin/User/index?token=lalala&contact=18357121050
INFO: [ app_init ] --START--
INFO: Run Behavior\BuildLiteBehavior [ RunTime:0.000079s ]
INFO: [ app_init ] --END-- [ RunTime:0.000770s ]

[ 2016-07-17T23:41:15+08:00 ] ::1 /quwanba1/index.php/Admin/Index/check_login.html
INFO: [ app_init ] --START--
INFO: Run Behavior\BuildLiteBehavior [ RunTime:0.000087s ]
INFO: [ app_init ] --END-- [ RunTime:0.000812s ]
INFO: [ app_begin ] --START--
INFO: Run Behavior\ReadHtmlCacheBehavior [ RunTime:0.000651s ]
INFO: [ app_begin ] --END-- [ RunTime:0.001041s ]
SQL: SHOW COLUMNS FROM `qwb_admin` [ RunTime:0.0084s ]

[ 2016-07-17T23:41:21+08:00 ] ::1 /quwanba1/index.php/Admin/User/user_detail/id/41.html
INFO: [ app_init ] --START--
INFO: Run Behavior\BuildLiteBehavior [ RunTime:0.000079s ]
INFO: [ app_init ] --END-- [ RunTime:0.000723s ]
ERR: 模板不存在:./Application/Admin/View/User/detail.html

[ 2016-07-17T23:41:59+08:00 ] ::1 /quwanba1/index.php/Admin/User/index/admin_id/1.html
INFO: [ app_init ] --START--
INFO: Run Behavior\BuildLiteBehavior [ RunTime:0.000075s ]
INFO: [ app_init ] --END-- [ RunTime:0.000721s ]

[ 2016-07-17T23:41:59+08:00 ] ::1 /quwanba1/index.php/Admin/Index/check_login.html
INFO: [ app_init ] --START--
INFO: Run Behavior\BuildLiteBehavior [ RunTime:0.000120s ]
INFO: [ app_init ] --END-- [ RunTime:0.001187s ]
INFO: [ app_begin ] --START--
INFO: Run Behavior\ReadHtmlCacheBehavior [ RunTime:0.001360s ]
INFO: [ app_begin ] --END-- [ RunTime:0.001916s ]
SQL: SHOW COLUMNS FROM `qwb_admin` [ RunTime:0.0075s ]

[ 2016-07-17T23:42:00+08:00 ] ::1 /quwanba1/index.php/Admin/User/user_detail/id/41.html
INFO: [ app_init ] --START--
INFO: Run Behavior\BuildLiteBehavior [ RunTime:0.000081s ]
INFO: [ app_init ] --END-- [ RunTime:0.000863s ]

[ 2016-07-17T23:42:01+08:00 ] ::1 /quwanba1/index.php/Admin/Index/check_login.html
INFO: [ app_init ] --START--
INFO: Run Behavior\BuildLiteBehavior [ RunTime:0.000084s ]
INFO: [ app_init ] --END-- [ RunTime:0.000805s ]
INFO: [ app_begin ] --START--
INFO: Run Behavior\ReadHtmlCacheBehavior [ RunTime:0.000834s ]
INFO: [ app_begin ] --END-- [ RunTime:0.001230s ]
SQL: SHOW COLUMNS FROM `qwb_admin` [ RunTime:0.0073s ]

[ 2016-07-17T23:42:21+08:00 ] ::1 /quwanba1/index.php/Admin/Admin/index/admin_id/1.html
INFO: [ app_init ] --START--
INFO: Run Behavior\BuildLiteBehavior [ RunTime:0.000085s ]
INFO: [ app_init ] --END-- [ RunTime:0.000792s ]

[ 2016-07-17T23:42:21+08:00 ] ::1 /quwanba1/index.php/Admin/Index/check_login.html
INFO: [ app_init ] --START--
INFO: Run Behavior\BuildLiteBehavior [ RunTime:0.000131s ]
INFO: [ app_init ] --END-- [ RunTime:0.001272s ]
INFO: [ app_begin ] --START--
INFO: Run Behavior\ReadHtmlCacheBehavior [ RunTime:0.000773s ]
INFO: [ app_begin ] --END-- [ RunTime:0.001119s ]
SQL: SHOW COLUMNS FROM `qwb_admin` [ RunTime:0.0091s ]

[ 2016-07-17T23:42:25+08:00 ] ::1 /quwanba1/index.php/Admin/Admin/index/admin_id/1.html
INFO: [ app_init ] --START--
INFO: Run Behavior\BuildLiteBehavior [ RunTime:0.000077s ]
INFO: [ app_init ] --END-- [ RunTime:0.000708s ]

[ 2016-07-17T23:42:25+08:00 ] ::1 /quwanba1/index.php/Admin/Index/check_login.html
INFO: [ app_init ] --START--
INFO: Run Behavior\BuildLiteBehavior [ RunTime:0.000089s ]
INFO: [ app_init ] --END-- [ RunTime:0.000901s ]
INFO: [ app_begin ] --START--
INFO: Run Behavior\ReadHtmlCacheBehavior [ RunTime:0.000808s ]
INFO: [ app_begin ] --END-- [ RunTime:0.001191s ]
SQL: SHOW COLUMNS FROM `qwb_admin` [ RunTime:0.0082s ]

