[ 2016-07-09T12:49:45+08:00 ] ::1 /quwanba1/index.php/Wechat/Common/get_ticket.html
INFO: [ app_init ] --START--
INFO: Run Behavior\BuildLiteBehavior [ RunTime:0.000092s ]
INFO: [ app_init ] --END-- [ RunTime:0.001119s ]
INFO: [ app_begin ] --START--
INFO: Run Behavior\ReadHtmlCacheBehavior [ RunTime:0.000900s ]
INFO: [ app_begin ] --END-- [ RunTime:0.001314s ]
SQL: SHOW COLUMNS FROM `qwb_system` [ RunTime:0.0073s ]
SQL: SELECT `value` FROM `qwb_system` WHERE `past_time` >= 1468039784 AND `name` = 'jsapi_ticket' LIMIT 1   [ RunTime:0.0091s ]
SQL: SELECT `value` FROM `qwb_system` WHERE `past_time` >= 1468039784 AND `name` = 'access_token' LIMIT 1   [ RunTime:0.0061s ]
NOTIC: [8] curl_setopt(): CURLOPT_SSL_VERIFYHOST no longer accepts the value 1, value 2 will be used instead /Users/zhangxiang/PhpstormProjects/quwanba1/Application/Wechat/Controller/CommonController.class.php 第 43 行.
SQL: UPDATE `qwb_system` SET `value`='GBIjLE4mKygz_hvo1wDJ3aRgmssHhfP6NWokZkyCteBViiXtKqdbrhPeYIe2J0vu5gqoLCaXuuNdqEkPgsf1cp7fW8hSromvNOb_kVNBEoJgWb384BgY5cW7aLd35bBBILZeAAAMPD',`past_time`='1468046285' WHERE `name` = 'access_token' [ RunTime:0.0072s ]
NOTIC: [2] Missing argument 3 for request(), called in /Users/zhangxiang/PhpstormProjects/quwanba1/Application/Wechat/Controller/CommonController.class.php on line 158 and defined /Users/zhangxiang/PhpstormProjects/quwanba1/Application/Wechat/Common/function.php 第 17 行.
NOTIC: [8] Undefined variable: method /Users/zhangxiang/PhpstormProjects/quwanba1/Application/Wechat/Common/function.php 第 20 行.
SQL: UPDATE `qwb_system` SET `value`='sM4AOVdWfPE4DxkXGEs8VI1RC4DtLZ9oL5f0JTi3kJnIMBpH-hJ5hSQh-lsj3vrc9nV9ZwkdbaQrehBl6MU9vw',`past_time`='1468046285' WHERE `name` = 'jsapi_ticket' [ RunTime:0.0104s ]
INFO: [ app_end ] --START--
INFO: Run Behavior\ShowPageTraceBehavior [ RunTime:0.003338s ]
INFO: [ app_end ] --END-- [ RunTime:0.004022s ]

[ 2016-07-09T12:50:30+08:00 ] ::1 /quwanba1/index.php/Wechat/Common/get_ticket.html
INFO: [ app_init ] --START--
INFO: Run Behavior\BuildLiteBehavior [ RunTime:0.000081s ]
INFO: [ app_init ] --END-- [ RunTime:0.000822s ]
INFO: [ app_begin ] --START--
INFO: Run Behavior\ReadHtmlCacheBehavior [ RunTime:0.000944s ]
INFO: [ app_begin ] --END-- [ RunTime:0.001408s ]
SQL: SHOW COLUMNS FROM `qwb_system` [ RunTime:0.0064s ]
SQL: SELECT `value` FROM `qwb_system` WHERE `past_time` >= 1468039830 AND `name` = 'jsapi_ticket' LIMIT 1   [ RunTime:0.0062s ]
SQL: SELECT `value` FROM `qwb_system` WHERE `past_time` >= 1468039830 AND `name` = 'access_token' LIMIT 1   [ RunTime:0.0059s ]
NOTIC: [2] Missing argument 3 for request(), called in /Users/zhangxiang/PhpstormProjects/quwanba1/Application/Wechat/Controller/CommonController.class.php on line 158 and defined /Users/zhangxiang/PhpstormProjects/quwanba1/Application/Wechat/Common/function.php 第 17 行.
NOTIC: [8] Undefined variable: method /Users/zhangxiang/PhpstormProjects/quwanba1/Application/Wechat/Common/function.php 第 20 行.
SQL: UPDATE `qwb_system` SET `value`='sM4AOVdWfPE4DxkXGEs8VI1RC4DtLZ9oL5f0JTi3kJnIMBpH-hJ5hSQh-lsj3vrc9nV9ZwkdbaQrehBl6MU9vw',`past_time`='1468046330' WHERE `name` = 'jsapi_ticket' [ RunTime:0.0072s ]
INFO: [ app_end ] --START--
INFO: Run Behavior\ShowPageTraceBehavior [ RunTime:0.001344s ]
INFO: [ app_end ] --END-- [ RunTime:0.002011s ]

[ 2016-07-09T13:42:53+08:00 ] ::1 /quwanba1/index.php/Wechat/Common/get_ticket.html
INFO: [ app_init ] --START--
INFO: Run Behavior\BuildLiteBehavior [ RunTime:0.000093s ]
INFO: [ app_init ] --END-- [ RunTime:0.000834s ]
INFO: [ app_begin ] --START--
INFO: Run Behavior\ReadHtmlCacheBehavior [ RunTime:0.001020s ]
INFO: [ app_begin ] --END-- [ RunTime:0.001576s ]
SQL: SHOW COLUMNS FROM `qwb_system` [ RunTime:0.0057s ]
SQL: SELECT `value` FROM `qwb_system` WHERE `past_time` >= 1468042973 AND `name` = 'jsapi_ticket' LIMIT 1   [ RunTime:0.0054s ]
INFO: [ app_end ] --START--
INFO: Run Behavior\ShowPageTraceBehavior [ RunTime:0.000820s ]
INFO: [ app_end ] --END-- [ RunTime:0.001245s ]

[ 2016-07-09T13:42:56+08:00 ] ::1 /quwanba1/index.php/Wechat/Common/get_ticket.html
INFO: [ app_init ] --START--
INFO: Run Behavior\BuildLiteBehavior [ RunTime:0.000115s ]
INFO: [ app_init ] --END-- [ RunTime:0.001148s ]
INFO: [ app_begin ] --START--
INFO: Run Behavior\ReadHtmlCacheBehavior [ RunTime:0.000765s ]
INFO: [ app_begin ] --END-- [ RunTime:0.001249s ]
SQL: SHOW COLUMNS FROM `qwb_system` [ RunTime:0.0066s ]
SQL: SELECT `value` FROM `qwb_system` WHERE `past_time` >= 1468042976 AND `name` = 'jsapi_ticket' LIMIT 1   [ RunTime:0.0077s ]
INFO: [ app_end ] --START--
INFO: Run Behavior\ShowPageTraceBehavior [ RunTime:0.000926s ]
INFO: [ app_end ] --END-- [ RunTime:0.001467s ]

[ 2016-07-09T13:43:29+08:00 ] ::1 /quwanba1/index.php/Wechat/Common/get_ticket.html
INFO: [ app_init ] --START--
INFO: Run Behavior\BuildLiteBehavior [ RunTime:0.000077s ]
INFO: [ app_init ] --END-- [ RunTime:0.000746s ]
INFO: [ app_begin ] --START--
INFO: Run Behavior\ReadHtmlCacheBehavior [ RunTime:0.000587s ]
INFO: [ app_begin ] --END-- [ RunTime:0.000924s ]
SQL: SHOW COLUMNS FROM `qwb_system` [ RunTime:0.0064s ]
SQL: SELECT `value` FROM `qwb_system` WHERE `past_time` >= 1468043009 AND `name` = 'jsapi_ticket' LIMIT 1   [ RunTime:0.0058s ]
INFO: [ app_end ] --START--
INFO: Run Behavior\ShowPageTraceBehavior [ RunTime:0.001024s ]
INFO: [ app_end ] --END-- [ RunTime:0.001531s ]

[ 2016-07-09T13:43:30+08:00 ] ::1 /quwanba1/index.php/Wechat/Common/get_ticket.html
INFO: [ app_init ] --START--
INFO: Run Behavior\BuildLiteBehavior [ RunTime:0.000116s ]
INFO: [ app_init ] --END-- [ RunTime:0.001038s ]
INFO: [ app_begin ] --START--
INFO: Run Behavior\ReadHtmlCacheBehavior [ RunTime:0.000661s ]
INFO: [ app_begin ] --END-- [ RunTime:0.001088s ]
SQL: SHOW COLUMNS FROM `qwb_system` [ RunTime:0.0087s ]
SQL: SELECT `value` FROM `qwb_system` WHERE `past_time` >= 1468043010 AND `name` = 'jsapi_ticket' LIMIT 1   [ RunTime:0.0067s ]
INFO: [ app_end ] --START--
INFO: Run Behavior\ShowPageTraceBehavior [ RunTime:0.000814s ]
INFO: [ app_end ] --END-- [ RunTime:0.001224s ]

[ 2016-07-09T13:43:31+08:00 ] ::1 /quwanba1/index.php/Wechat/Common/get_ticket.html
INFO: [ app_init ] --START--
INFO: Run Behavior\BuildLiteBehavior [ RunTime:0.000088s ]
INFO: [ app_init ] --END-- [ RunTime:0.000800s ]
INFO: [ app_begin ] --START--
INFO: Run Behavior\ReadHtmlCacheBehavior [ RunTime:0.000602s ]
INFO: [ app_begin ] --END-- [ RunTime:0.000948s ]
SQL: SHOW COLUMNS FROM `qwb_system` [ RunTime:0.0060s ]
SQL: SELECT `value` FROM `qwb_system` WHERE `past_time` >= 1468043011 AND `name` = 'jsapi_ticket' LIMIT 1   [ RunTime:0.0058s ]
INFO: [ app_end ] --START--
INFO: Run Behavior\ShowPageTraceBehavior [ RunTime:0.001144s ]
INFO: [ app_end ] --END-- [ RunTime:0.001731s ]

[ 2016-07-09T13:43:55+08:00 ] ::1 /quwanba1/index.php/Wechat/Common/get_ticket.html
INFO: [ app_init ] --START--
INFO: Run Behavior\BuildLiteBehavior [ RunTime:0.000143s ]
INFO: [ app_init ] --END-- [ RunTime:0.001310s ]
INFO: [ app_begin ] --START--
INFO: Run Behavior\ReadHtmlCacheBehavior [ RunTime:0.000745s ]
INFO: [ app_begin ] --END-- [ RunTime:0.001188s ]
SQL: SHOW COLUMNS FROM `qwb_system` [ RunTime:0.0076s ]
SQL: SELECT `value` FROM `qwb_system` WHERE `past_time` >= 1468043035 AND `name` = 'jsapi_ticket' LIMIT 1   [ RunTime:0.0067s ]
SQL: SELECT `value` FROM `qwb_system` WHERE `past_time` >= 1468043035 AND `name` = 'access_token' LIMIT 1   [ RunTime:0.0066s ]
NOTIC: [2] Missing argument 3 for request(), called in /Users/zhangxiang/PhpstormProjects/quwanba1/Application/Wechat/Controller/CommonController.class.php on line 158 and defined /Users/zhangxiang/PhpstormProjects/quwanba1/Application/Wechat/Common/function.php 第 17 行.
NOTIC: [8] Undefined variable: method /Users/zhangxiang/PhpstormProjects/quwanba1/Application/Wechat/Common/function.php 第 20 行.
SQL: UPDATE `qwb_system` SET `value`='sM4AOVdWfPE4DxkXGEs8VI1RC4DtLZ9oL5f0JTi3kJnIMBpH-hJ5hSQh-lsj3vrc9nV9ZwkdbaQrehBl6MU9vw',`past_time`='1468049535' WHERE `name` = 'jsapi_ticket' [ RunTime:0.0077s ]
INFO: [ app_end ] --START--
INFO: Run Behavior\ShowPageTraceBehavior [ RunTime:0.000982s ]
INFO: [ app_end ] --END-- [ RunTime:0.001499s ]

[ 2016-07-09T13:44:18+08:00 ] ::1 /quwanba1/index.php/Wechat/Common/get_ticket.html
INFO: [ app_init ] --START--
INFO: Run Behavior\BuildLiteBehavior [ RunTime:0.000104s ]
INFO: [ app_init ] --END-- [ RunTime:0.001122s ]
INFO: [ app_begin ] --START--
INFO: Run Behavior\ReadHtmlCacheBehavior [ RunTime:0.000620s ]
INFO: [ app_begin ] --END-- [ RunTime:0.000978s ]
SQL: SHOW COLUMNS FROM `qwb_system` [ RunTime:0.0064s ]
SQL: SELECT `value` FROM `qwb_system` WHERE `past_time` >= 1468043057 AND `name` = 'jsapi_ticket' LIMIT 1   [ RunTime:0.0065s ]
SQL: SELECT `value` FROM `qwb_system` WHERE `past_time` >= 1468043057 AND `name` = 'access_token' LIMIT 1   [ RunTime:0.0065s ]
NOTIC: [2] Missing argument 3 for request(), called in /Users/zhangxiang/PhpstormProjects/quwanba1/Application/Wechat/Controller/CommonController.class.php on line 158 and defined /Users/zhangxiang/PhpstormProjects/quwanba1/Application/Wechat/Common/function.php 第 17 行.
NOTIC: [8] Undefined variable: method /Users/zhangxiang/PhpstormProjects/quwanba1/Application/Wechat/Common/function.php 第 20 行.
SQL: UPDATE `qwb_system` SET `value`='sM4AOVdWfPE4DxkXGEs8VI1RC4DtLZ9oL5f0JTi3kJnIMBpH-hJ5hSQh-lsj3vrc9nV9ZwkdbaQrehBl6MU9vw',`past_time`='1468049557' WHERE `name` = 'jsapi_ticket' [ RunTime:0.0078s ]
INFO: [ app_end ] --START--
INFO: Run Behavior\ShowPageTraceBehavior [ RunTime:0.001233s ]
INFO: [ app_end ] --END-- [ RunTime:0.002120s ]

[ 2016-07-09T13:44:19+08:00 ] ::1 /quwanba1/index.php/Wechat/Common/get_ticket.html
INFO: [ app_init ] --START--
INFO: Run Behavior\BuildLiteBehavior [ RunTime:0.000117s ]
INFO: [ app_init ] --END-- [ RunTime:0.001052s ]
INFO: [ app_begin ] --START--
INFO: Run Behavior\ReadHtmlCacheBehavior [ RunTime:0.000788s ]
INFO: [ app_begin ] --END-- [ RunTime:0.001212s ]
SQL: SHOW COLUMNS FROM `qwb_system` [ RunTime:0.0069s ]
SQL: SELECT `value` FROM `qwb_system` WHERE `past_time` >= 1468043058 AND `name` = 'jsapi_ticket' LIMIT 1   [ RunTime:0.0060s ]
SQL: SELECT `value` FROM `qwb_system` WHERE `past_time` >= 1468043058 AND `name` = 'access_token' LIMIT 1   [ RunTime:0.0058s ]
NOTIC: [2] Missing argument 3 for request(), called in /Users/zhangxiang/PhpstormProjects/quwanba1/Application/Wechat/Controller/CommonController.class.php on line 158 and defined /Users/zhangxiang/PhpstormProjects/quwanba1/Application/Wechat/Common/function.php 第 17 行.
NOTIC: [8] Undefined variable: method /Users/zhangxiang/PhpstormProjects/quwanba1/Application/Wechat/Common/function.php 第 20 行.
SQL: UPDATE `qwb_system` SET `value`='sM4AOVdWfPE4DxkXGEs8VI1RC4DtLZ9oL5f0JTi3kJnIMBpH-hJ5hSQh-lsj3vrc9nV9ZwkdbaQrehBl6MU9vw',`past_time`='1468049559' WHERE `name` = 'jsapi_ticket' [ RunTime:0.0071s ]
INFO: [ app_end ] --START--
INFO: Run Behavior\ShowPageTraceBehavior [ RunTime:0.001239s ]
INFO: [ app_end ] --END-- [ RunTime:0.001904s ]

[ 2016-07-09T13:44:19+08:00 ] ::1 /quwanba1/index.php/Wechat/Common/get_ticket.html
INFO: [ app_init ] --START--
INFO: Run Behavior\BuildLiteBehavior [ RunTime:0.000081s ]
INFO: [ app_init ] --END-- [ RunTime:0.000720s ]
INFO: [ app_begin ] --START--
INFO: Run Behavior\ReadHtmlCacheBehavior [ RunTime:0.000912s ]
INFO: [ app_begin ] --END-- [ RunTime:0.001450s ]
SQL: SHOW COLUMNS FROM `qwb_system` [ RunTime:0.0066s ]
SQL: SELECT `value` FROM `qwb_system` WHERE `past_time` >= 1468043059 AND `name` = 'jsapi_ticket' LIMIT 1   [ RunTime:0.0076s ]
SQL: SELECT `value` FROM `qwb_system` WHERE `past_time` >= 1468043059 AND `name` = 'access_token' LIMIT 1   [ RunTime:0.0063s ]
NOTIC: [2] Missing argument 3 for request(), called in /Users/zhangxiang/PhpstormProjects/quwanba1/Application/Wechat/Controller/CommonController.class.php on line 158 and defined /Users/zhangxiang/PhpstormProjects/quwanba1/Application/Wechat/Common/function.php 第 17 行.
NOTIC: [8] Undefined variable: method /Users/zhangxiang/PhpstormProjects/quwanba1/Application/Wechat/Common/function.php 第 20 行.
SQL: UPDATE `qwb_system` SET `value`='sM4AOVdWfPE4DxkXGEs8VI1RC4DtLZ9oL5f0JTi3kJnIMBpH-hJ5hSQh-lsj3vrc9nV9ZwkdbaQrehBl6MU9vw',`past_time`='1468049559' WHERE `name` = 'jsapi_ticket' [ RunTime:0.0080s ]
INFO: [ app_end ] --START--
INFO: Run Behavior\ShowPageTraceBehavior [ RunTime:0.001254s ]
INFO: [ app_end ] --END-- [ RunTime:0.002030s ]

[ 2016-07-09T13:44:20+08:00 ] ::1 /quwanba1/index.php/Wechat/Common/get_ticket.html
INFO: [ app_init ] --START--
INFO: Run Behavior\BuildLiteBehavior [ RunTime:0.000082s ]
INFO: [ app_init ] --END-- [ RunTime:0.000725s ]
INFO: [ app_begin ] --START--
INFO: Run Behavior\ReadHtmlCacheBehavior [ RunTime:0.000584s ]
INFO: [ app_begin ] --END-- [ RunTime:0.000918s ]
SQL: SHOW COLUMNS FROM `qwb_system` [ RunTime:0.0065s ]
SQL: SELECT `value` FROM `qwb_system` WHERE `past_time` >= 1468043059 AND `name` = 'jsapi_ticket' LIMIT 1   [ RunTime:0.0069s ]
SQL: SELECT `value` FROM `qwb_system` WHERE `past_time` >= 1468043059 AND `name` = 'access_token' LIMIT 1   [ RunTime:0.0059s ]
NOTIC: [2] Missing argument 3 for request(), called in /Users/zhangxiang/PhpstormProjects/quwanba1/Application/Wechat/Controller/CommonController.class.php on line 158 and defined /Users/zhangxiang/PhpstormProjects/quwanba1/Application/Wechat/Common/function.php 第 17 行.
NOTIC: [8] Undefined variable: method /Users/zhangxiang/PhpstormProjects/quwanba1/Application/Wechat/Common/function.php 第 20 行.
SQL: UPDATE `qwb_system` SET `value`='sM4AOVdWfPE4DxkXGEs8VI1RC4DtLZ9oL5f0JTi3kJnIMBpH-hJ5hSQh-lsj3vrc9nV9ZwkdbaQrehBl6MU9vw',`past_time`='1468049560' WHERE `name` = 'jsapi_ticket' [ RunTime:0.0071s ]
INFO: [ app_end ] --START--
INFO: Run Behavior\ShowPageTraceBehavior [ RunTime:0.001243s ]
INFO: [ app_end ] --END-- [ RunTime:0.001943s ]

[ 2016-07-09T13:44:20+08:00 ] ::1 /quwanba1/index.php/Wechat/Common/get_ticket.html
INFO: [ app_init ] --START--
INFO: Run Behavior\BuildLiteBehavior [ RunTime:0.000079s ]
INFO: [ app_init ] --END-- [ RunTime:0.000724s ]
INFO: [ app_begin ] --START--
INFO: Run Behavior\ReadHtmlCacheBehavior [ RunTime:0.000587s ]
INFO: [ app_begin ] --END-- [ RunTime:0.000932s ]
SQL: SHOW COLUMNS FROM `qwb_system` [ RunTime:0.0081s ]
SQL: SELECT `value` FROM `qwb_system` WHERE `past_time` >= 1468043060 AND `name` = 'jsapi_ticket' LIMIT 1   [ RunTime:0.0068s ]
SQL: SELECT `value` FROM `qwb_system` WHERE `past_time` >= 1468043060 AND `name` = 'access_token' LIMIT 1   [ RunTime:0.0076s ]
NOTIC: [2] Missing argument 3 for request(), called in /Users/zhangxiang/PhpstormProjects/quwanba1/Application/Wechat/Controller/CommonController.class.php on line 158 and defined /Users/zhangxiang/PhpstormProjects/quwanba1/Application/Wechat/Common/function.php 第 17 行.
NOTIC: [8] Undefined variable: method /Users/zhangxiang/PhpstormProjects/quwanba1/Application/Wechat/Common/function.php 第 20 行.
SQL: UPDATE `qwb_system` SET `value`='sM4AOVdWfPE4DxkXGEs8VI1RC4DtLZ9oL5f0JTi3kJnIMBpH-hJ5hSQh-lsj3vrc9nV9ZwkdbaQrehBl6MU9vw',`past_time`='1468049560' WHERE `name` = 'jsapi_ticket' [ RunTime:0.0088s ]
INFO: [ app_end ] --START--
INFO: Run Behavior\ShowPageTraceBehavior [ RunTime:0.000979s ]
INFO: [ app_end ] --END-- [ RunTime:0.001501s ]

[ 2016-07-09T13:44:21+08:00 ] ::1 /quwanba1/index.php/Wechat/Common/get_ticket.html
INFO: [ app_init ] --START--
INFO: Run Behavior\BuildLiteBehavior [ RunTime:0.000097s ]
INFO: [ app_init ] --END-- [ RunTime:0.000850s ]
INFO: [ app_begin ] --START--
INFO: Run Behavior\ReadHtmlCacheBehavior [ RunTime:0.000651s ]
INFO: [ app_begin ] --END-- [ RunTime:0.001024s ]
SQL: SHOW COLUMNS FROM `qwb_system` [ RunTime:0.0074s ]
SQL: SELECT `value` FROM `qwb_system` WHERE `past_time` >= 1468043061 AND `name` = 'jsapi_ticket' LIMIT 1   [ RunTime:0.0064s ]
SQL: SELECT `value` FROM `qwb_system` WHERE `past_time` >= 1468043061 AND `name` = 'access_token' LIMIT 1   [ RunTime:0.0069s ]
NOTIC: [2] Missing argument 3 for request(), called in /Users/zhangxiang/PhpstormProjects/quwanba1/Application/Wechat/Controller/CommonController.class.php on line 158 and defined /Users/zhangxiang/PhpstormProjects/quwanba1/Application/Wechat/Common/function.php 第 17 行.
NOTIC: [8] Undefined variable: method /Users/zhangxiang/PhpstormProjects/quwanba1/Application/Wechat/Common/function.php 第 20 行.
SQL: UPDATE `qwb_system` SET `value`='sM4AOVdWfPE4DxkXGEs8VI1RC4DtLZ9oL5f0JTi3kJnIMBpH-hJ5hSQh-lsj3vrc9nV9ZwkdbaQrehBl6MU9vw',`past_time`='1468049561' WHERE `name` = 'jsapi_ticket' [ RunTime:0.0090s ]
INFO: [ app_end ] --START--
INFO: Run Behavior\ShowPageTraceBehavior [ RunTime:0.000890s ]
INFO: [ app_end ] --END-- [ RunTime:0.001350s ]

[ 2016-07-09T17:57:26+08:00 ] ::1 /quwanba1/index.php/Wechat/AllianceShop/shop_index.html
INFO: [ app_init ] --START--
INFO: Run Behavior\BuildLiteBehavior [ RunTime:0.000100s ]
INFO: [ app_init ] --END-- [ RunTime:0.001188s ]
INFO: [ app_begin ] --START--
INFO: Run Behavior\ReadHtmlCacheBehavior [ RunTime:0.000993s ]
INFO: [ app_begin ] --END-- [ RunTime:0.001383s ]
SQL: SHOW COLUMNS FROM `qwb_shop` [ RunTime:0.0068s ]
ERR: 非法操作:shop_index

[ 2016-07-09T17:57:36+08:00 ] ::1 /quwanba1/index.php/Wechat/Common/get_ticket.html
INFO: [ app_init ] --START--
INFO: Run Behavior\BuildLiteBehavior [ RunTime:0.000112s ]
INFO: [ app_init ] --END-- [ RunTime:0.000894s ]
INFO: [ app_begin ] --START--
INFO: Run Behavior\ReadHtmlCacheBehavior [ RunTime:0.000721s ]
INFO: [ app_begin ] --END-- [ RunTime:0.001076s ]
SQL: SHOW COLUMNS FROM `qwb_system` [ RunTime:0.0092s ]
SQL: SELECT `value` FROM `qwb_system` WHERE `past_time` >= 1468058256 AND `name` = 'jsapi_ticket' LIMIT 1   [ RunTime:0.0067s ]
INFO: [ app_end ] --START--
INFO: Run Behavior\ShowPageTraceBehavior [ RunTime:0.003576s ]
INFO: [ app_end ] --END-- [ RunTime:0.004416s ]

[ 2016-07-09T17:57:55+08:00 ] ::1 /quwanba1/index.php/Wechat/Common/get_ticket.html
INFO: [ app_init ] --START--
INFO: Run Behavior\BuildLiteBehavior [ RunTime:0.000132s ]
INFO: [ app_init ] --END-- [ RunTime:0.001019s ]
INFO: [ app_begin ] --START--
INFO: Run Behavior\ReadHtmlCacheBehavior [ RunTime:0.000608s ]
INFO: [ app_begin ] --END-- [ RunTime:0.000940s ]
SQL: SHOW COLUMNS FROM `qwb_system` [ RunTime:0.0098s ]
SQL: SELECT `value` FROM `qwb_system` WHERE `past_time` >= 1468058275 AND `name` = 'jsapi_ticket' LIMIT 1   [ RunTime:0.0068s ]
INFO: [ app_end ] --START--
INFO: Run Behavior\ShowPageTraceBehavior [ RunTime:0.001364s ]
INFO: [ app_end ] --END-- [ RunTime:0.002034s ]

[ 2016-07-09T17:58:01+08:00 ] ::1 /quwanba1/index.php/Wechat/Common/get_ticket.html
INFO: [ app_init ] --START--
INFO: Run Behavior\BuildLiteBehavior [ RunTime:0.000087s ]
INFO: [ app_init ] --END-- [ RunTime:0.000952s ]
INFO: [ app_begin ] --START--
INFO: Run Behavior\ReadHtmlCacheBehavior [ RunTime:0.000662s ]
INFO: [ app_begin ] --END-- [ RunTime:0.001006s ]
SQL: SHOW COLUMNS FROM `qwb_system` [ RunTime:0.0072s ]
SQL: SELECT `value` FROM `qwb_system` WHERE `past_time` >= 1468058281 AND `name` = 'jsapi_ticket' LIMIT 1   [ RunTime:0.0098s ]
INFO: [ app_end ] --START--
INFO: Run Behavior\ShowPageTraceBehavior [ RunTime:0.001483s ]
INFO: [ app_end ] --END-- [ RunTime:0.002202s ]

[ 2016-07-09T17:58:02+08:00 ] ::1 /quwanba1/index.php/Wechat/Common/get_ticket.html
INFO: [ app_init ] --START--
INFO: Run Behavior\BuildLiteBehavior [ RunTime:0.000114s ]
INFO: [ app_init ] --END-- [ RunTime:0.001045s ]
INFO: [ app_begin ] --START--
INFO: Run Behavior\ReadHtmlCacheBehavior [ RunTime:0.000686s ]
INFO: [ app_begin ] --END-- [ RunTime:0.001101s ]
SQL: SHOW COLUMNS FROM `qwb_system` [ RunTime:0.0067s ]
SQL: SELECT `value` FROM `qwb_system` WHERE `past_time` >= 1468058282 AND `name` = 'jsapi_ticket' LIMIT 1   [ RunTime:0.0066s ]
INFO: [ app_end ] --START--
INFO: Run Behavior\ShowPageTraceBehavior [ RunTime:0.001252s ]
INFO: [ app_end ] --END-- [ RunTime:0.001916s ]

[ 2016-07-09T17:58:02+08:00 ] ::1 /quwanba1/index.php/Wechat/Common/get_ticket.html
INFO: [ app_init ] --START--
INFO: Run Behavior\BuildLiteBehavior [ RunTime:0.000076s ]
INFO: [ app_init ] --END-- [ RunTime:0.000749s ]
INFO: [ app_begin ] --START--
INFO: Run Behavior\ReadHtmlCacheBehavior [ RunTime:0.000831s ]
INFO: [ app_begin ] --END-- [ RunTime:0.001286s ]
SQL: SHOW COLUMNS FROM `qwb_system` [ RunTime:0.0079s ]
SQL: SELECT `value` FROM `qwb_system` WHERE `past_time` >= 1468058282 AND `name` = 'jsapi_ticket' LIMIT 1   [ RunTime:0.0073s ]
INFO: [ app_end ] --START--
INFO: Run Behavior\ShowPageTraceBehavior [ RunTime:0.000797s ]
INFO: [ app_end ] --END-- [ RunTime:0.001218s ]

[ 2016-07-09T17:58:03+08:00 ] ::1 /quwanba1/index.php/Wechat/Common/get_ticket.html
INFO: [ app_init ] --START--
INFO: Run Behavior\BuildLiteBehavior [ RunTime:0.000102s ]
INFO: [ app_init ] --END-- [ RunTime:0.000936s ]
INFO: [ app_begin ] --START--
INFO: Run Behavior\ReadHtmlCacheBehavior [ RunTime:0.000615s ]
INFO: [ app_begin ] --END-- [ RunTime:0.000973s ]
SQL: SHOW COLUMNS FROM `qwb_system` [ RunTime:0.0069s ]
SQL: SELECT `value` FROM `qwb_system` WHERE `past_time` >= 1468058283 AND `name` = 'jsapi_ticket' LIMIT 1   [ RunTime:0.0059s ]
INFO: [ app_end ] --START--
INFO: Run Behavior\ShowPageTraceBehavior [ RunTime:0.000869s ]
INFO: [ app_end ] --END-- [ RunTime:0.001323s ]

[ 2016-07-09T17:58:16+08:00 ] ::1 /quwanba1/index.php/Wechat/Common/get_ticket.html
INFO: [ app_init ] --START--
INFO: Run Behavior\BuildLiteBehavior [ RunTime:0.000103s ]
INFO: [ app_init ] --END-- [ RunTime:0.000961s ]
INFO: [ app_begin ] --START--
INFO: Run Behavior\ReadHtmlCacheBehavior [ RunTime:0.000633s ]
INFO: [ app_begin ] --END-- [ RunTime:0.000974s ]
SQL: SHOW COLUMNS FROM `qwb_system` [ RunTime:0.0068s ]
SQL: SELECT `value` FROM `qwb_system` WHERE `past_time` >= 1468058296 AND `name` = 'jsapi_ticket' LIMIT 1   [ RunTime:0.0068s ]
INFO: [ app_end ] --START--
INFO: Run Behavior\ShowPageTraceBehavior [ RunTime:0.001331s ]
INFO: [ app_end ] --END-- [ RunTime:0.002009s ]

[ 2016-07-09T18:00:00+08:00 ] ::1 /quwanba1/index.php/Wechat/Common/get_ticket.html
INFO: [ app_init ] --START--
INFO: Run Behavior\BuildLiteBehavior [ RunTime:0.000091s ]
INFO: [ app_init ] --END-- [ RunTime:0.000961s ]
INFO: [ app_begin ] --START--
INFO: Run Behavior\ReadHtmlCacheBehavior [ RunTime:0.000639s ]
INFO: [ app_begin ] --END-- [ RunTime:0.000972s ]
SQL: SHOW COLUMNS FROM `qwb_system` [ RunTime:0.0071s ]
SQL: SELECT `value` FROM `qwb_system` WHERE `past_time` >= 1468058400 AND `name` = 'jsapi_ticket' LIMIT 1   [ RunTime:0.0063s ]
SQL: SELECT `value` FROM `qwb_system` WHERE `past_time` >= 1468058400 AND `name` = 'access_token' LIMIT 1   [ RunTime:0.0062s ]
NOTIC: [2] Missing argument 3 for request(), called in /Users/zhangxiang/PhpstormProjects/quwanba1/Application/Wechat/Controller/CommonController.class.php on line 158 and defined /Users/zhangxiang/PhpstormProjects/quwanba1/Application/Wechat/Common/function.php 第 17 行.
NOTIC: [8] Undefined variable: method /Users/zhangxiang/PhpstormProjects/quwanba1/Application/Wechat/Common/function.php 第 20 行.
SQL: UPDATE `qwb_system` SET `value`='sM4AOVdWfPE4DxkXGEs8VI1RC4DtLZ9oL5f0JTi3kJk9dUveEE-AJ6yBVUNOLTOVrhX0BEZ-u86uMw1uVvCn2g',`past_time`='1468064900' WHERE `name` = 'jsapi_ticket' [ RunTime:0.0326s ]
INFO: [ app_end ] --START--
INFO: Run Behavior\ShowPageTraceBehavior [ RunTime:0.001307s ]
INFO: [ app_end ] --END-- [ RunTime:0.001982s ]

[ 2016-07-09T18:10:02+08:00 ] ::1 /quwanba1/index.php/Wechat/Common/get_ticket.html
INFO: [ app_init ] --START--
INFO: Run Behavior\BuildLiteBehavior [ RunTime:0.000181s ]
INFO: [ app_init ] --END-- [ RunTime:0.001495s ]
INFO: [ app_begin ] --START--
INFO: Run Behavior\ReadHtmlCacheBehavior [ RunTime:0.000652s ]
INFO: [ app_begin ] --END-- [ RunTime:0.001006s ]
SQL: SHOW COLUMNS FROM `qwb_system` [ RunTime:0.0075s ]
SQL: SELECT `value` FROM `qwb_system` WHERE `past_time` >= 1468059002 AND `name` = 'jsapi_ticket' LIMIT 1   [ RunTime:0.0066s ]
INFO: [ app_end ] --START--
INFO: Run Behavior\ShowPageTraceBehavior [ RunTime:0.001338s ]
INFO: [ app_end ] --END-- [ RunTime:0.002012s ]

[ 2016-07-09T18:10:03+08:00 ] ::1 /quwanba1/index.php/Wechat/Common/get_ticket.html
INFO: [ app_init ] --START--
INFO: Run Behavior\BuildLiteBehavior [ RunTime:0.000142s ]
INFO: [ app_init ] --END-- [ RunTime:0.001086s ]
INFO: [ app_begin ] --START--
INFO: Run Behavior\ReadHtmlCacheBehavior [ RunTime:0.000698s ]
INFO: [ app_begin ] --END-- [ RunTime:0.001126s ]
SQL: SHOW COLUMNS FROM `qwb_system` [ RunTime:0.0069s ]
SQL: SELECT `value` FROM `qwb_system` WHERE `past_time` >= 1468059003 AND `name` = 'jsapi_ticket' LIMIT 1   [ RunTime:0.0067s ]
INFO: [ app_end ] --START--
INFO: Run Behavior\ShowPageTraceBehavior [ RunTime:0.001254s ]
INFO: [ app_end ] --END-- [ RunTime:0.001846s ]

[ 2016-07-09T18:10:04+08:00 ] ::1 /quwanba1/index.php/Wechat/Common/get_ticket.html
INFO: [ app_init ] --START--
INFO: Run Behavior\BuildLiteBehavior [ RunTime:0.000090s ]
INFO: [ app_init ] --END-- [ RunTime:0.000849s ]
INFO: [ app_begin ] --START--
INFO: Run Behavior\ReadHtmlCacheBehavior [ RunTime:0.000602s ]
INFO: [ app_begin ] --END-- [ RunTime:0.000955s ]
SQL: SHOW COLUMNS FROM `qwb_system` [ RunTime:0.0064s ]
SQL: SELECT `value` FROM `qwb_system` WHERE `past_time` >= 1468059004 AND `name` = 'jsapi_ticket' LIMIT 1   [ RunTime:0.0096s ]
INFO: [ app_end ] --START--
INFO: Run Behavior\ShowPageTraceBehavior [ RunTime:0.001241s ]
INFO: [ app_end ] --END-- [ RunTime:0.001907s ]

[ 2016-07-09T18:10:04+08:00 ] ::1 /quwanba1/index.php/Wechat/Common/get_ticket.html
INFO: [ app_init ] --START--
INFO: Run Behavior\BuildLiteBehavior [ RunTime:0.000077s ]
INFO: [ app_init ] --END-- [ RunTime:0.000690s ]
INFO: [ app_begin ] --START--
INFO: Run Behavior\ReadHtmlCacheBehavior [ RunTime:0.000543s ]
INFO: [ app_begin ] --END-- [ RunTime:0.000869s ]
SQL: SHOW COLUMNS FROM `qwb_system` [ RunTime:0.0071s ]
SQL: SELECT `value` FROM `qwb_system` WHERE `past_time` >= 1468059004 AND `name` = 'jsapi_ticket' LIMIT 1   [ RunTime:0.0072s ]
INFO: [ app_end ] --START--
INFO: Run Behavior\ShowPageTraceBehavior [ RunTime:0.001235s ]
INFO: [ app_end ] --END-- [ RunTime:0.001902s ]

[ 2016-07-09T23:06:41+08:00 ] ::1 /quwanba1/index.php/Wechat/AllianceShop/shop_index.html
INFO: [ app_init ] --START--
INFO: Run Behavior\BuildLiteBehavior [ RunTime:0.000096s ]
INFO: [ app_init ] --END-- [ RunTime:0.001050s ]
INFO: [ app_begin ] --START--
INFO: Run Behavior\ReadHtmlCacheBehavior [ RunTime:0.000838s ]
INFO: [ app_begin ] --END-- [ RunTime:0.001193s ]
SQL: SHOW COLUMNS FROM `qwb_shop` [ RunTime:0.0075s ]
ERR: 非法操作:shop_index

[ 2016-07-09T23:06:49+08:00 ] ::1 /quwanba1/index.php/Wechat/Common/get_jsapi_ticket.html
INFO: [ app_init ] --START--
INFO: Run Behavior\BuildLiteBehavior [ RunTime:0.000090s ]
INFO: [ app_init ] --END-- [ RunTime:0.000867s ]
INFO: [ app_begin ] --START--
INFO: Run Behavior\ReadHtmlCacheBehavior [ RunTime:0.000617s ]
INFO: [ app_begin ] --END-- [ RunTime:0.000960s ]
NOTIC: [2] Missing argument 3 for request(), called in /Users/zhangxiang/PhpstormProjects/quwanba1/Application/Wechat/Controller/CommonController.class.php on line 158 and defined /Users/zhangxiang/PhpstormProjects/quwanba1/Application/Wechat/Common/function.php 第 17 行.
NOTIC: [8] Undefined variable: method /Users/zhangxiang/PhpstormProjects/quwanba1/Application/Wechat/Common/function.php 第 20 行.
NOTIC: [8] Undefined index: ticket /Users/zhangxiang/PhpstormProjects/quwanba1/Application/Wechat/Controller/CommonController.class.php 第 160 行.
INFO: [ app_end ] --START--
INFO: Run Behavior\ShowPageTraceBehavior [ RunTime:0.003406s ]
INFO: [ app_end ] --END-- [ RunTime:0.004123s ]

[ 2016-07-09T23:07:16+08:00 ] ::1 /quwanba1/index.php/Wechat/Common/get_jsapi_ticket.html
INFO: [ app_init ] --START--
INFO: Run Behavior\BuildLiteBehavior [ RunTime:0.000137s ]
INFO: [ app_init ] --END-- [ RunTime:0.001271s ]
INFO: [ app_begin ] --START--
INFO: Run Behavior\ReadHtmlCacheBehavior [ RunTime:0.000813s ]
INFO: [ app_begin ] --END-- [ RunTime:0.001229s ]
NOTIC: [2] Missing argument 3 for request(), called in /Users/zhangxiang/PhpstormProjects/quwanba1/Application/Wechat/Controller/CommonController.class.php on line 158 and defined /Users/zhangxiang/PhpstormProjects/quwanba1/Application/Wechat/Common/function.php 第 17 行.
NOTIC: [8] Undefined variable: method /Users/zhangxiang/PhpstormProjects/quwanba1/Application/Wechat/Common/function.php 第 20 行.
INFO: [ app_end ] --START--
INFO: Run Behavior\ShowPageTraceBehavior [ RunTime:0.001446s ]
INFO: [ app_end ] --END-- [ RunTime:0.002183s ]

[ 2016-07-09T23:07:17+08:00 ] ::1 /quwanba1/index.php/Wechat/Common/get_jsapi_ticket.html
INFO: [ app_init ] --START--
INFO: Run Behavior\BuildLiteBehavior [ RunTime:0.000126s ]
INFO: [ app_init ] --END-- [ RunTime:0.001043s ]
INFO: [ app_begin ] --START--
INFO: Run Behavior\ReadHtmlCacheBehavior [ RunTime:0.000710s ]
INFO: [ app_begin ] --END-- [ RunTime:0.001124s ]
NOTIC: [2] Missing argument 3 for request(), called in /Users/zhangxiang/PhpstormProjects/quwanba1/Application/Wechat/Controller/CommonController.class.php on line 158 and defined /Users/zhangxiang/PhpstormProjects/quwanba1/Application/Wechat/Common/function.php 第 17 行.
NOTIC: [8] Undefined variable: method /Users/zhangxiang/PhpstormProjects/quwanba1/Application/Wechat/Common/function.php 第 20 行.
INFO: [ app_end ] --START--
INFO: Run Behavior\ShowPageTraceBehavior [ RunTime:0.001259s ]
INFO: [ app_end ] --END-- [ RunTime:0.001990s ]

[ 2016-07-09T23:07:18+08:00 ] ::1 /quwanba1/index.php/Wechat/Common/get_jsapi_ticket.html
INFO: [ app_init ] --START--
INFO: Run Behavior\BuildLiteBehavior [ RunTime:0.000088s ]
INFO: [ app_init ] --END-- [ RunTime:0.000712s ]
INFO: [ app_begin ] --START--
INFO: Run Behavior\ReadHtmlCacheBehavior [ RunTime:0.000562s ]
INFO: [ app_begin ] --END-- [ RunTime:0.000897s ]
NOTIC: [2] Missing argument 3 for request(), called in /Users/zhangxiang/PhpstormProjects/quwanba1/Application/Wechat/Controller/CommonController.class.php on line 158 and defined /Users/zhangxiang/PhpstormProjects/quwanba1/Application/Wechat/Common/function.php 第 17 行.
NOTIC: [8] Undefined variable: method /Users/zhangxiang/PhpstormProjects/quwanba1/Application/Wechat/Common/function.php 第 20 行.
INFO: [ app_end ] --START--
INFO: Run Behavior\ShowPageTraceBehavior [ RunTime:0.001241s ]
INFO: [ app_end ] --END-- [ RunTime:0.001972s ]

[ 2016-07-09T23:07:19+08:00 ] ::1 /quwanba1/index.php/Wechat/Common/get_jsapi_ticket.html
INFO: [ app_init ] --START--
INFO: Run Behavior\BuildLiteBehavior [ RunTime:0.000088s ]
INFO: [ app_init ] --END-- [ RunTime:0.000815s ]
INFO: [ app_begin ] --START--
INFO: Run Behavior\ReadHtmlCacheBehavior [ RunTime:0.000735s ]
INFO: [ app_begin ] --END-- [ RunTime:0.001217s ]
NOTIC: [2] Missing argument 3 for request(), called in /Users/zhangxiang/PhpstormProjects/quwanba1/Application/Wechat/Controller/CommonController.class.php on line 158 and defined /Users/zhangxiang/PhpstormProjects/quwanba1/Application/Wechat/Common/function.php 第 17 行.
NOTIC: [8] Undefined variable: method /Users/zhangxiang/PhpstormProjects/quwanba1/Application/Wechat/Common/function.php 第 20 行.
INFO: [ app_end ] --START--
INFO: Run Behavior\ShowPageTraceBehavior [ RunTime:0.001248s ]
INFO: [ app_end ] --END-- [ RunTime:0.001954s ]

[ 2016-07-09T23:07:19+08:00 ] ::1 /quwanba1/index.php/Wechat/Common/get_jsapi_ticket.html
INFO: [ app_init ] --START--
INFO: Run Behavior\BuildLiteBehavior [ RunTime:0.000149s ]
INFO: [ app_init ] --END-- [ RunTime:0.000979s ]
INFO: [ app_begin ] --START--
INFO: Run Behavior\ReadHtmlCacheBehavior [ RunTime:0.000630s ]
INFO: [ app_begin ] --END-- [ RunTime:0.000972s ]
NOTIC: [2] Missing argument 3 for request(), called in /Users/zhangxiang/PhpstormProjects/quwanba1/Application/Wechat/Controller/CommonController.class.php on line 158 and defined /Users/zhangxiang/PhpstormProjects/quwanba1/Application/Wechat/Common/function.php 第 17 行.
NOTIC: [8] Undefined variable: method /Users/zhangxiang/PhpstormProjects/quwanba1/Application/Wechat/Common/function.php 第 20 行.
INFO: [ app_end ] --START--
INFO: Run Behavior\ShowPageTraceBehavior [ RunTime:0.001282s ]
INFO: [ app_end ] --END-- [ RunTime:0.001987s ]

[ 2016-07-09T23:07:19+08:00 ] ::1 /quwanba1/index.php/Wechat/Common/get_jsapi_ticket.html
INFO: [ app_init ] --START--
INFO: Run Behavior\BuildLiteBehavior [ RunTime:0.000077s ]
INFO: [ app_init ] --END-- [ RunTime:0.000787s ]
INFO: [ app_begin ] --START--
INFO: Run Behavior\ReadHtmlCacheBehavior [ RunTime:0.000572s ]
INFO: [ app_begin ] --END-- [ RunTime:0.001000s ]
NOTIC: [2] Missing argument 3 for request(), called in /Users/zhangxiang/PhpstormProjects/quwanba1/Application/Wechat/Controller/CommonController.class.php on line 158 and defined /Users/zhangxiang/PhpstormProjects/quwanba1/Application/Wechat/Common/function.php 第 17 行.
NOTIC: [8] Undefined variable: method /Users/zhangxiang/PhpstormProjects/quwanba1/Application/Wechat/Common/function.php 第 20 行.
INFO: [ app_end ] --START--
INFO: Run Behavior\ShowPageTraceBehavior [ RunTime:0.001150s ]
INFO: [ app_end ] --END-- [ RunTime:0.001699s ]

[ 2016-07-09T23:07:20+08:00 ] ::1 /quwanba1/index.php/Wechat/Common/get_jsapi_ticket.html
INFO: [ app_init ] --START--
INFO: Run Behavior\BuildLiteBehavior [ RunTime:0.000076s ]
INFO: [ app_init ] --END-- [ RunTime:0.000684s ]
INFO: [ app_begin ] --START--
INFO: Run Behavior\ReadHtmlCacheBehavior [ RunTime:0.000569s ]
INFO: [ app_begin ] --END-- [ RunTime:0.000901s ]
NOTIC: [2] Missing argument 3 for request(), called in /Users/zhangxiang/PhpstormProjects/quwanba1/Application/Wechat/Controller/CommonController.class.php on line 158 and defined /Users/zhangxiang/PhpstormProjects/quwanba1/Application/Wechat/Common/function.php 第 17 行.
NOTIC: [8] Undefined variable: method /Users/zhangxiang/PhpstormProjects/quwanba1/Application/Wechat/Common/function.php 第 20 行.
INFO: [ app_end ] --START--
INFO: Run Behavior\ShowPageTraceBehavior [ RunTime:0.001243s ]
INFO: [ app_end ] --END-- [ RunTime:0.002000s ]

[ 2016-07-09T23:07:20+08:00 ] ::1 /quwanba1/index.php/Wechat/Common/get_jsapi_ticket.html
INFO: [ app_init ] --START--
INFO: Run Behavior\BuildLiteBehavior [ RunTime:0.000115s ]
INFO: [ app_init ] --END-- [ RunTime:0.000974s ]
INFO: [ app_begin ] --START--
INFO: Run Behavior\ReadHtmlCacheBehavior [ RunTime:0.000758s ]
INFO: [ app_begin ] --END-- [ RunTime:0.001156s ]
NOTIC: [2] Missing argument 3 for request(), called in /Users/zhangxiang/PhpstormProjects/quwanba1/Application/Wechat/Controller/CommonController.class.php on line 158 and defined /Users/zhangxiang/PhpstormProjects/quwanba1/Application/Wechat/Common/function.php 第 17 行.
NOTIC: [8] Undefined variable: method /Users/zhangxiang/PhpstormProjects/quwanba1/Application/Wechat/Common/function.php 第 20 行.
INFO: [ app_end ] --START--
INFO: Run Behavior\ShowPageTraceBehavior [ RunTime:0.001014s ]
INFO: [ app_end ] --END-- [ RunTime:0.001563s ]

[ 2016-07-09T23:07:29+08:00 ] ::1 /quwanba1/index.php/Wechat/Common/get_jsapi_ticket.html
INFO: [ app_init ] --START--
INFO: Run Behavior\BuildLiteBehavior [ RunTime:0.000112s ]
INFO: [ app_init ] --END-- [ RunTime:0.000970s ]
INFO: [ app_begin ] --START--
INFO: Run Behavior\ReadHtmlCacheBehavior [ RunTime:0.000780s ]
INFO: [ app_begin ] --END-- [ RunTime:0.001230s ]
NOTIC: [2] Missing argument 3 for request(), called in /Users/zhangxiang/PhpstormProjects/quwanba1/Application/Wechat/Controller/CommonController.class.php on line 158 and defined /Users/zhangxiang/PhpstormProjects/quwanba1/Application/Wechat/Common/function.php 第 17 行.
NOTIC: [8] Undefined variable: method /Users/zhangxiang/PhpstormProjects/quwanba1/Application/Wechat/Common/function.php 第 20 行.
NOTIC: [8] Undefined index: ticket /Users/zhangxiang/PhpstormProjects/quwanba1/Application/Wechat/Controller/CommonController.class.php 第 160 行.
INFO: [ app_end ] --START--
INFO: Run Behavior\ShowPageTraceBehavior [ RunTime:0.001252s ]
INFO: [ app_end ] --END-- [ RunTime:0.001936s ]

[ 2016-07-09T23:07:30+08:00 ] ::1 /quwanba1/index.php/Wechat/Common/get_jsapi_ticket.html
INFO: [ app_init ] --START--
INFO: Run Behavior\BuildLiteBehavior [ RunTime:0.000076s ]
INFO: [ app_init ] --END-- [ RunTime:0.000738s ]
INFO: [ app_begin ] --START--
INFO: Run Behavior\ReadHtmlCacheBehavior [ RunTime:0.000590s ]
INFO: [ app_begin ] --END-- [ RunTime:0.000933s ]
NOTIC: [2] Missing argument 3 for request(), called in /Users/zhangxiang/PhpstormProjects/quwanba1/Application/Wechat/Controller/CommonController.class.php on line 158 and defined /Users/zhangxiang/PhpstormProjects/quwanba1/Application/Wechat/Common/function.php 第 17 行.
NOTIC: [8] Undefined variable: method /Users/zhangxiang/PhpstormProjects/quwanba1/Application/Wechat/Common/function.php 第 20 行.
NOTIC: [8] Undefined index: ticket /Users/zhangxiang/PhpstormProjects/quwanba1/Application/Wechat/Controller/CommonController.class.php 第 160 行.
INFO: [ app_end ] --START--
INFO: Run Behavior\ShowPageTraceBehavior [ RunTime:0.001219s ]
INFO: [ app_end ] --END-- [ RunTime:0.001755s ]

[ 2016-07-09T23:07:30+08:00 ] ::1 /quwanba1/index.php/Wechat/Common/get_jsapi_ticket.html
INFO: [ app_init ] --START--
INFO: Run Behavior\BuildLiteBehavior [ RunTime:0.000081s ]
INFO: [ app_init ] --END-- [ RunTime:0.000747s ]
INFO: [ app_begin ] --START--
INFO: Run Behavior\ReadHtmlCacheBehavior [ RunTime:0.000750s ]
INFO: [ app_begin ] --END-- [ RunTime:0.001327s ]
NOTIC: [2] Missing argument 3 for request(), called in /Users/zhangxiang/PhpstormProjects/quwanba1/Application/Wechat/Controller/CommonController.class.php on line 158 and defined /Users/zhangxiang/PhpstormProjects/quwanba1/Application/Wechat/Common/function.php 第 17 行.
NOTIC: [8] Undefined variable: method /Users/zhangxiang/PhpstormProjects/quwanba1/Application/Wechat/Common/function.php 第 20 行.
NOTIC: [8] Undefined index: ticket /Users/zhangxiang/PhpstormProjects/quwanba1/Application/Wechat/Controller/CommonController.class.php 第 160 行.
INFO: [ app_end ] --START--
INFO: Run Behavior\ShowPageTraceBehavior [ RunTime:0.000985s ]
INFO: [ app_end ] --END-- [ RunTime:0.001511s ]

[ 2016-07-09T23:07:31+08:00 ] ::1 /quwanba1/index.php/Wechat/Common/get_jsapi_ticket.html
INFO: [ app_init ] --START--
INFO: Run Behavior\BuildLiteBehavior [ RunTime:0.000106s ]
INFO: [ app_init ] --END-- [ RunTime:0.000790s ]
INFO: [ app_begin ] --START--
INFO: Run Behavior\ReadHtmlCacheBehavior [ RunTime:0.000647s ]
INFO: [ app_begin ] --END-- [ RunTime:0.001021s ]
NOTIC: [2] Missing argument 3 for request(), called in /Users/zhangxiang/PhpstormProjects/quwanba1/Application/Wechat/Controller/CommonController.class.php on line 158 and defined /Users/zhangxiang/PhpstormProjects/quwanba1/Application/Wechat/Common/function.php 第 17 行.
NOTIC: [8] Undefined variable: method /Users/zhangxiang/PhpstormProjects/quwanba1/Application/Wechat/Common/function.php 第 20 行.
NOTIC: [8] Undefined index: ticket /Users/zhangxiang/PhpstormProjects/quwanba1/Application/Wechat/Controller/CommonController.class.php 第 160 行.
INFO: [ app_end ] --START--
INFO: Run Behavior\ShowPageTraceBehavior [ RunTime:0.001440s ]
INFO: [ app_end ] --END-- [ RunTime:0.002065s ]

[ 2016-07-09T23:07:31+08:00 ] ::1 /quwanba1/index.php/Wechat/Common/get_jsapi_ticket.html
INFO: [ app_init ] --START--
INFO: Run Behavior\BuildLiteBehavior [ RunTime:0.000077s ]
INFO: [ app_init ] --END-- [ RunTime:0.000728s ]
INFO: [ app_begin ] --START--
INFO: Run Behavior\ReadHtmlCacheBehavior [ RunTime:0.000599s ]
INFO: [ app_begin ] --END-- [ RunTime:0.000946s ]
NOTIC: [2] Missing argument 3 for request(), called in /Users/zhangxiang/PhpstormProjects/quwanba1/Application/Wechat/Controller/CommonController.class.php on line 158 and defined /Users/zhangxiang/PhpstormProjects/quwanba1/Application/Wechat/Common/function.php 第 17 行.
NOTIC: [8] Undefined variable: method /Users/zhangxiang/PhpstormProjects/quwanba1/Application/Wechat/Common/function.php 第 20 行.
NOTIC: [8] Undefined index: ticket /Users/zhangxiang/PhpstormProjects/quwanba1/Application/Wechat/Controller/CommonController.class.php 第 160 行.
INFO: [ app_end ] --START--
INFO: Run Behavior\ShowPageTraceBehavior [ RunTime:0.000972s ]
INFO: [ app_end ] --END-- [ RunTime:0.001470s ]

[ 2016-07-09T23:07:31+08:00 ] ::1 /quwanba1/index.php/Wechat/Common/get_jsapi_ticket.html
INFO: [ app_init ] --START--
INFO: Run Behavior\BuildLiteBehavior [ RunTime:0.000111s ]
INFO: [ app_init ] --END-- [ RunTime:0.000884s ]
INFO: [ app_begin ] --START--
INFO: Run Behavior\ReadHtmlCacheBehavior [ RunTime:0.000630s ]
INFO: [ app_begin ] --END-- [ RunTime:0.001049s ]
NOTIC: [2] Missing argument 3 for request(), called in /Users/zhangxiang/PhpstormProjects/quwanba1/Application/Wechat/Controller/CommonController.class.php on line 158 and defined /Users/zhangxiang/PhpstormProjects/quwanba1/Application/Wechat/Common/function.php 第 17 行.
NOTIC: [8] Undefined variable: method /Users/zhangxiang/PhpstormProjects/quwanba1/Application/Wechat/Common/function.php 第 20 行.
NOTIC: [8] Undefined index: ticket /Users/zhangxiang/PhpstormProjects/quwanba1/Application/Wechat/Controller/CommonController.class.php 第 160 行.
INFO: [ app_end ] --START--
INFO: Run Behavior\ShowPageTraceBehavior [ RunTime:0.001264s ]
INFO: [ app_end ] --END-- [ RunTime:0.001954s ]

[ 2016-07-09T23:11:11+08:00 ] ::1 /quwanba1/index.php/Wechat/Common/get_ticket.html
INFO: [ app_init ] --START--
INFO: Run Behavior\BuildLiteBehavior [ RunTime:0.000077s ]
INFO: [ app_init ] --END-- [ RunTime:0.000705s ]
INFO: [ app_begin ] --START--
INFO: Run Behavior\ReadHtmlCacheBehavior [ RunTime:0.000842s ]
INFO: [ app_begin ] --END-- [ RunTime:0.001330s ]
SQL: SHOW COLUMNS FROM `qwb_system` [ RunTime:0.0077s ]
SQL: SELECT `value` FROM `qwb_system` WHERE `past_time` >= 1468077071 AND `name` = 'jsapi_ticket' LIMIT 1   [ RunTime:0.0276s ]
INFO: [ app_end ] --START--
INFO: Run Behavior\ShowPageTraceBehavior [ RunTime:0.001446s ]
INFO: [ app_end ] --END-- [ RunTime:0.002144s ]

[ 2016-07-09T23:11:17+08:00 ] ::1 /quwanba1/index.php/Wechat/Common/get_ticket.html
INFO: [ app_init ] --START--
INFO: Run Behavior\BuildLiteBehavior [ RunTime:0.000115s ]
INFO: [ app_init ] --END-- [ RunTime:0.000966s ]
INFO: [ app_begin ] --START--
INFO: Run Behavior\ReadHtmlCacheBehavior [ RunTime:0.000728s ]
INFO: [ app_begin ] --END-- [ RunTime:0.001150s ]
SQL: SHOW COLUMNS FROM `qwb_system` [ RunTime:0.0137s ]
SQL: SELECT `value` FROM `qwb_system` WHERE `past_time` >= 1468077077 AND `name` = 'jsapi_ticket' LIMIT 1   [ RunTime:0.0113s ]
INFO: [ app_end ] --START--
INFO: Run Behavior\ShowPageTraceBehavior [ RunTime:0.001058s ]
INFO: [ app_end ] --END-- [ RunTime:0.001585s ]

[ 2016-07-09T23:11:17+08:00 ] ::1 /quwanba1/index.php/Wechat/Common/get_ticket.html
INFO: [ app_init ] --START--
INFO: Run Behavior\BuildLiteBehavior [ RunTime:0.000099s ]
INFO: [ app_init ] --END-- [ RunTime:0.000911s ]
INFO: [ app_begin ] --START--
INFO: Run Behavior\ReadHtmlCacheBehavior [ RunTime:0.000592s ]
INFO: [ app_begin ] --END-- [ RunTime:0.000938s ]
SQL: SHOW COLUMNS FROM `qwb_system` [ RunTime:0.0065s ]
SQL: SELECT `value` FROM `qwb_system` WHERE `past_time` >= 1468077077 AND `name` = 'jsapi_ticket' LIMIT 1   [ RunTime:0.0061s ]
INFO: [ app_end ] --START--
INFO: Run Behavior\ShowPageTraceBehavior [ RunTime:0.001019s ]
INFO: [ app_end ] --END-- [ RunTime:0.001543s ]

[ 2016-07-09T23:11:18+08:00 ] ::1 /quwanba1/index.php/Wechat/Common/get_ticket.html
INFO: [ app_init ] --START--
INFO: Run Behavior\BuildLiteBehavior [ RunTime:0.000075s ]
INFO: [ app_init ] --END-- [ RunTime:0.000719s ]
INFO: [ app_begin ] --START--
INFO: Run Behavior\ReadHtmlCacheBehavior [ RunTime:0.000590s ]
INFO: [ app_begin ] --END-- [ RunTime:0.001025s ]
SQL: SHOW COLUMNS FROM `qwb_system` [ RunTime:0.0073s ]
SQL: SELECT `value` FROM `qwb_system` WHERE `past_time` >= 1468077078 AND `name` = 'jsapi_ticket' LIMIT 1   [ RunTime:0.0070s ]
INFO: [ app_end ] --START--
INFO: Run Behavior\ShowPageTraceBehavior [ RunTime:0.001253s ]
INFO: [ app_end ] --END-- [ RunTime:0.002111s ]

[ 2016-07-09T23:11:18+08:00 ] ::1 /quwanba1/index.php/Wechat/Common/get_ticket.html
INFO: [ app_init ] --START--
INFO: Run Behavior\BuildLiteBehavior [ RunTime:0.000076s ]
INFO: [ app_init ] --END-- [ RunTime:0.000742s ]
INFO: [ app_begin ] --START--
INFO: Run Behavior\ReadHtmlCacheBehavior [ RunTime:0.000593s ]
INFO: [ app_begin ] --END-- [ RunTime:0.000926s ]
SQL: SHOW COLUMNS FROM `qwb_system` [ RunTime:0.0069s ]
SQL: SELECT `value` FROM `qwb_system` WHERE `past_time` >= 1468077078 AND `name` = 'jsapi_ticket' LIMIT 1   [ RunTime:0.0064s ]
INFO: [ app_end ] --START--
INFO: Run Behavior\ShowPageTraceBehavior [ RunTime:0.000996s ]
INFO: [ app_end ] --END-- [ RunTime:0.001577s ]

[ 2016-07-09T23:11:18+08:00 ] ::1 /quwanba1/index.php/Wechat/Common/get_ticket.html
INFO: [ app_init ] --START--
INFO: Run Behavior\BuildLiteBehavior [ RunTime:0.000077s ]
INFO: [ app_init ] --END-- [ RunTime:0.000707s ]
INFO: [ app_begin ] --START--
INFO: Run Behavior\ReadHtmlCacheBehavior [ RunTime:0.000568s ]
INFO: [ app_begin ] --END-- [ RunTime:0.000899s ]
SQL: SHOW COLUMNS FROM `qwb_system` [ RunTime:0.0066s ]
SQL: SELECT `value` FROM `qwb_system` WHERE `past_time` >= 1468077078 AND `name` = 'jsapi_ticket' LIMIT 1   [ RunTime:0.0059s ]
INFO: [ app_end ] --START--
INFO: Run Behavior\ShowPageTraceBehavior [ RunTime:0.001300s ]
INFO: [ app_end ] --END-- [ RunTime:0.001974s ]

[ 2016-07-09T23:11:18+08:00 ] ::1 /quwanba1/index.php/Wechat/Common/get_ticket.html
INFO: [ app_init ] --START--
INFO: Run Behavior\BuildLiteBehavior [ RunTime:0.000117s ]
INFO: [ app_init ] --END-- [ RunTime:0.001250s ]
INFO: [ app_begin ] --START--
INFO: Run Behavior\ReadHtmlCacheBehavior [ RunTime:0.000858s ]
INFO: [ app_begin ] --END-- [ RunTime:0.001332s ]
SQL: SHOW COLUMNS FROM `qwb_system` [ RunTime:0.0071s ]
SQL: SELECT `value` FROM `qwb_system` WHERE `past_time` >= 1468077078 AND `name` = 'jsapi_ticket' LIMIT 1   [ RunTime:0.0075s ]
INFO: [ app_end ] --START--
INFO: Run Behavior\ShowPageTraceBehavior [ RunTime:0.001008s ]
INFO: [ app_end ] --END-- [ RunTime:0.001527s ]

[ 2016-07-09T23:11:19+08:00 ] ::1 /quwanba1/index.php/Wechat/Common/get_ticket.html
INFO: [ app_init ] --START--
INFO: Run Behavior\BuildLiteBehavior [ RunTime:0.000078s ]
INFO: [ app_init ] --END-- [ RunTime:0.000712s ]
INFO: [ app_begin ] --START--
INFO: Run Behavior\ReadHtmlCacheBehavior [ RunTime:0.000608s ]
INFO: [ app_begin ] --END-- [ RunTime:0.000947s ]
SQL: SHOW COLUMNS FROM `qwb_system` [ RunTime:0.0078s ]
SQL: SELECT `value` FROM `qwb_system` WHERE `past_time` >= 1468077079 AND `name` = 'jsapi_ticket' LIMIT 1   [ RunTime:0.0066s ]
INFO: [ app_end ] --START--
INFO: Run Behavior\ShowPageTraceBehavior [ RunTime:0.001426s ]
INFO: [ app_end ] --END-- [ RunTime:0.002124s ]

[ 2016-07-09T23:13:52+08:00 ] ::1 /quwanba1/index.php/Wechat/Common/get_ticket.html
INFO: [ app_init ] --START--
INFO: Run Behavior\BuildLiteBehavior [ RunTime:0.000074s ]
INFO: [ app_init ] --END-- [ RunTime:0.000727s ]
INFO: [ app_begin ] --START--
INFO: Run Behavior\ReadHtmlCacheBehavior [ RunTime:0.000583s ]
INFO: [ app_begin ] --END-- [ RunTime:0.000937s ]
SQL: SHOW COLUMNS FROM `qwb_system` [ RunTime:0.0099s ]
SQL: SELECT `value` FROM `qwb_system` WHERE `past_time` >= 1468077232 AND `name` = 'jsapi_ticket' LIMIT 1   [ RunTime:0.0086s ]
INFO: [ app_end ] --START--
INFO: Run Behavior\ShowPageTraceBehavior [ RunTime:0.001181s ]
INFO: [ app_end ] --END-- [ RunTime:0.001724s ]

[ 2016-07-09T23:13:53+08:00 ] ::1 /quwanba1/index.php/Wechat/Common/get_ticket.html
INFO: [ app_init ] --START--
INFO: Run Behavior\BuildLiteBehavior [ RunTime:0.000078s ]
INFO: [ app_init ] --END-- [ RunTime:0.000734s ]
INFO: [ app_begin ] --START--
INFO: Run Behavior\ReadHtmlCacheBehavior [ RunTime:0.000785s ]
INFO: [ app_begin ] --END-- [ RunTime:0.001150s ]
SQL: SHOW COLUMNS FROM `qwb_system` [ RunTime:0.0069s ]
SQL: SELECT `value` FROM `qwb_system` WHERE `past_time` >= 1468077233 AND `name` = 'jsapi_ticket' LIMIT 1   [ RunTime:0.0071s ]
INFO: [ app_end ] --START--
INFO: Run Behavior\ShowPageTraceBehavior [ RunTime:0.001007s ]
INFO: [ app_end ] --END-- [ RunTime:0.001551s ]

[ 2016-07-09T23:13:53+08:00 ] ::1 /quwanba1/index.php/Wechat/Common/get_ticket.html
INFO: [ app_init ] --START--
INFO: Run Behavior\BuildLiteBehavior [ RunTime:0.000077s ]
INFO: [ app_init ] --END-- [ RunTime:0.000754s ]
INFO: [ app_begin ] --START--
INFO: Run Behavior\ReadHtmlCacheBehavior [ RunTime:0.000620s ]
INFO: [ app_begin ] --END-- [ RunTime:0.000977s ]
SQL: SHOW COLUMNS FROM `qwb_system` [ RunTime:0.0136s ]
SQL: SELECT `value` FROM `qwb_system` WHERE `past_time` >= 1468077233 AND `name` = 'jsapi_ticket' LIMIT 1   [ RunTime:0.0315s ]
INFO: [ app_end ] --START--
INFO: Run Behavior\ShowPageTraceBehavior [ RunTime:0.001005s ]
INFO: [ app_end ] --END-- [ RunTime:0.001541s ]

[ 2016-07-09T23:13:54+08:00 ] ::1 /quwanba1/index.php/Wechat/Common/get_ticket.html
INFO: [ app_init ] --START--
INFO: Run Behavior\BuildLiteBehavior [ RunTime:0.000081s ]
INFO: [ app_init ] --END-- [ RunTime:0.000733s ]
INFO: [ app_begin ] --START--
INFO: Run Behavior\ReadHtmlCacheBehavior [ RunTime:0.000655s ]
INFO: [ app_begin ] --END-- [ RunTime:0.001019s ]
SQL: SHOW COLUMNS FROM `qwb_system` [ RunTime:0.0102s ]
SQL: SELECT `value` FROM `qwb_system` WHERE `past_time` >= 1468077234 AND `name` = 'jsapi_ticket' LIMIT 1   [ RunTime:0.0092s ]
INFO: [ app_end ] --START--
INFO: Run Behavior\ShowPageTraceBehavior [ RunTime:0.001005s ]
INFO: [ app_end ] --END-- [ RunTime:0.001522s ]

[ 2016-07-09T23:13:54+08:00 ] ::1 /quwanba1/index.php/Wechat/Common/get_ticket.html
INFO: [ app_init ] --START--
INFO: Run Behavior\BuildLiteBehavior [ RunTime:0.000104s ]
INFO: [ app_init ] --END-- [ RunTime:0.000984s ]
INFO: [ app_begin ] --START--
INFO: Run Behavior\ReadHtmlCacheBehavior [ RunTime:0.000620s ]
INFO: [ app_begin ] --END-- [ RunTime:0.000973s ]
SQL: SHOW COLUMNS FROM `qwb_system` [ RunTime:0.0068s ]
SQL: SELECT `value` FROM `qwb_system` WHERE `past_time` >= 1468077234 AND `name` = 'jsapi_ticket' LIMIT 1   [ RunTime:0.0084s ]
INFO: [ app_end ] --START--
INFO: Run Behavior\ShowPageTraceBehavior [ RunTime:0.001014s ]
INFO: [ app_end ] --END-- [ RunTime:0.001506s ]

[ 2016-07-09T23:13:54+08:00 ] ::1 /quwanba1/index.php/Wechat/Common/get_ticket.html
INFO: [ app_init ] --START--
INFO: Run Behavior\BuildLiteBehavior [ RunTime:0.000111s ]
INFO: [ app_init ] --END-- [ RunTime:0.000868s ]
INFO: [ app_begin ] --START--
INFO: Run Behavior\ReadHtmlCacheBehavior [ RunTime:0.000633s ]
INFO: [ app_begin ] --END-- [ RunTime:0.000984s ]
SQL: SHOW COLUMNS FROM `qwb_system` [ RunTime:0.0182s ]
SQL: SELECT `value` FROM `qwb_system` WHERE `past_time` >= 1468077234 AND `name` = 'jsapi_ticket' LIMIT 1   [ RunTime:0.0128s ]
INFO: [ app_end ] --START--
INFO: Run Behavior\ShowPageTraceBehavior [ RunTime:0.001336s ]
INFO: [ app_end ] --END-- [ RunTime:0.002039s ]

[ 2016-07-09T23:13:54+08:00 ] ::1 /quwanba1/index.php/Wechat/Common/get_ticket.html
INFO: [ app_init ] --START--
INFO: Run Behavior\BuildLiteBehavior [ RunTime:0.000167s ]
INFO: [ app_init ] --END-- [ RunTime:0.001279s ]
INFO: [ app_begin ] --START--
INFO: Run Behavior\ReadHtmlCacheBehavior [ RunTime:0.000762s ]
INFO: [ app_begin ] --END-- [ RunTime:0.001217s ]
SQL: SHOW COLUMNS FROM `qwb_system` [ RunTime:0.0550s ]
SQL: SELECT `value` FROM `qwb_system` WHERE `past_time` >= 1468077234 AND `name` = 'jsapi_ticket' LIMIT 1   [ RunTime:0.0061s ]
INFO: [ app_end ] --START--
INFO: Run Behavior\ShowPageTraceBehavior [ RunTime:0.001301s ]
INFO: [ app_end ] --END-- [ RunTime:0.001968s ]

[ 2016-07-09T23:13:55+08:00 ] ::1 /quwanba1/index.php/Wechat/Common/get_ticket.html
INFO: [ app_init ] --START--
INFO: Run Behavior\BuildLiteBehavior [ RunTime:0.000101s ]
INFO: [ app_init ] --END-- [ RunTime:0.000911s ]
INFO: [ app_begin ] --START--
INFO: Run Behavior\ReadHtmlCacheBehavior [ RunTime:0.000626s ]
INFO: [ app_begin ] --END-- [ RunTime:0.001001s ]
SQL: SHOW COLUMNS FROM `qwb_system` [ RunTime:0.0061s ]
SQL: SELECT `value` FROM `qwb_system` WHERE `past_time` >= 1468077235 AND `name` = 'jsapi_ticket' LIMIT 1   [ RunTime:0.0055s ]
INFO: [ app_end ] --START--
INFO: Run Behavior\ShowPageTraceBehavior [ RunTime:0.001236s ]
INFO: [ app_end ] --END-- [ RunTime:0.001900s ]

[ 2016-07-09T23:14:46+08:00 ] ::1 /quwanba1/index.php/Wechat/Common/aa.html
INFO: [ app_init ] --START--
INFO: Run Behavior\BuildLiteBehavior [ RunTime:0.000085s ]
INFO: [ app_init ] --END-- [ RunTime:0.000770s ]
INFO: [ app_begin ] --START--
INFO: Run Behavior\ReadHtmlCacheBehavior [ RunTime:0.000670s ]
INFO: [ app_begin ] --END-- [ RunTime:0.001031s ]
INFO: [ app_end ] --START--
INFO: Run Behavior\ShowPageTraceBehavior [ RunTime:0.000602s ]
INFO: [ app_end ] --END-- [ RunTime:0.000951s ]

[ 2016-07-09T23:17:33+08:00 ] ::1 /quwanba1/index.php/Wechat/Common/get_ticket
INFO: [ app_init ] --START--
INFO: Run Behavior\BuildLiteBehavior [ RunTime:0.000083s ]
INFO: [ app_init ] --END-- [ RunTime:0.000765s ]
INFO: [ app_begin ] --START--
INFO: Run Behavior\ReadHtmlCacheBehavior [ RunTime:0.001029s ]
INFO: [ app_begin ] --END-- [ RunTime:0.001482s ]
SQL: SHOW COLUMNS FROM `qwb_system` [ RunTime:0.0068s ]
SQL: SELECT `value` FROM `qwb_system` WHERE `past_time` >= 1468077453 AND `name` = 'jsapi_ticket' LIMIT 1   [ RunTime:0.0062s ]
SQL: SELECT `value` FROM `qwb_system` WHERE `past_time` >= 1468077453 AND `name` = 'access_token' LIMIT 1   [ RunTime:0.0061s ]
NOTIC: [2] Missing argument 3 for request(), called in /Users/zhangxiang/PhpstormProjects/quwanba1/Application/Wechat/Controller/CommonController.class.php on line 158 and defined /Users/zhangxiang/PhpstormProjects/quwanba1/Application/Wechat/Common/function.php 第 17 行.
NOTIC: [8] Undefined variable: method /Users/zhangxiang/PhpstormProjects/quwanba1/Application/Wechat/Common/function.php 第 20 行.
SQL: UPDATE `qwb_system` SET `value`='sM4AOVdWfPE4DxkXGEs8VI1RC4DtLZ9oL5f0JTi3kJlDYFQTz5cNGBPF1nBQaEezNKaj4i3P3xbRHH6FhVNC2A',`past_time`='1468083953' WHERE `name` = 'jsapi_ticket' [ RunTime:0.0082s ]
INFO: [ app_end ] --START--
INFO: Run Behavior\ShowPageTraceBehavior [ RunTime:0.000819s ]
INFO: [ app_end ] --END-- [ RunTime:0.001248s ]

[ 2016-07-09T23:20:25+08:00 ] ::1 /quwanba1/index.php/Wechat/AllianceShop/shop_index.html
INFO: [ app_init ] --START--
INFO: Run Behavior\BuildLiteBehavior [ RunTime:0.000089s ]
INFO: [ app_init ] --END-- [ RunTime:0.000853s ]
INFO: [ app_begin ] --START--
INFO: Run Behavior\ReadHtmlCacheBehavior [ RunTime:0.000686s ]
INFO: [ app_begin ] --END-- [ RunTime:0.001040s ]
SQL: SHOW COLUMNS FROM `qwb_shop` [ RunTime:0.0278s ]
ERR: 非法操作:shop_index

