[ 2016-07-03T23:36:12+08:00 ] ::1 /quwanba1/index.php/Wechat/Index/aa
INFO: [ app_init ] --START--
INFO: Run Behavior\BuildLiteBehavior [ RunTime:0.000309s ]
INFO: [ app_init ] --END-- [ RunTime:0.001746s ]
INFO: [ app_begin ] --START--
INFO: Run Behavior\ReadHtmlCacheBehavior [ RunTime:0.000874s ]
INFO: [ app_begin ] --END-- [ RunTime:0.001330s ]
SQL: SHOW COLUMNS FROM `qwb_user` [ RunTime:0.0080s ]
SQL: SHOW COLUMNS FROM `qwb_user` [ RunTime:0.0079s ]
SQL: SELECT `id`,`qr_code` FROM `qwb_user` WHERE `openid` = 'oHvh3uN1_DFalc1Ar5ip-pabQxEs' LIMIT 1   [ RunTime:0.0078s ]
INFO: [ app_end ] --START--
INFO: Run Behavior\ShowPageTraceBehavior [ RunTime:0.000806s ]
INFO: [ app_end ] --END-- [ RunTime:0.001210s ]

[ 2016-07-03T23:36:54+08:00 ] ::1 /quwanba1/index.php/Wechat/Index/aa
INFO: [ app_init ] --START--
INFO: Run Behavior\BuildLiteBehavior [ RunTime:0.000086s ]
INFO: [ app_init ] --END-- [ RunTime:0.000852s ]
INFO: [ app_begin ] --START--
INFO: Run Behavior\ReadHtmlCacheBehavior [ RunTime:0.000694s ]
INFO: [ app_begin ] --END-- [ RunTime:0.001267s ]
SQL: SHOW COLUMNS FROM `qwb_user` [ RunTime:0.0088s ]
SQL: SHOW COLUMNS FROM `qwb_user` [ RunTime:0.0073s ]
SQL: SELECT `id`,`qr_code` FROM `qwb_user` WHERE `openid` = 'oHvh3uN1_DFalc1Ar5ip-pabQxEs' LIMIT 1   [ RunTime:0.0074s ]
INFO: [ app_end ] --START--
INFO: Run Behavior\ShowPageTraceBehavior [ RunTime:0.001055s ]
INFO: [ app_end ] --END-- [ RunTime:0.001633s ]

[ 2016-07-03T23:36:55+08:00 ] ::1 /quwanba1/index.php/Wechat/Index/aa
INFO: [ app_init ] --START--
INFO: Run Behavior\BuildLiteBehavior [ RunTime:0.000088s ]
INFO: [ app_init ] --END-- [ RunTime:0.000809s ]
INFO: [ app_begin ] --START--
INFO: Run Behavior\ReadHtmlCacheBehavior [ RunTime:0.000834s ]
INFO: [ app_begin ] --END-- [ RunTime:0.001339s ]
SQL: SHOW COLUMNS FROM `qwb_user` [ RunTime:0.0080s ]
SQL: SHOW COLUMNS FROM `qwb_user` [ RunTime:0.0079s ]
SQL: SELECT `id`,`qr_code` FROM `qwb_user` WHERE `openid` = 'oHvh3uN1_DFalc1Ar5ip-pabQxEs' LIMIT 1   [ RunTime:0.0094s ]
INFO: [ app_end ] --START--
INFO: Run Behavior\ShowPageTraceBehavior [ RunTime:0.000752s ]
INFO: [ app_end ] --END-- [ RunTime:0.001129s ]

[ 2016-07-03T23:36:56+08:00 ] ::1 /quwanba1/index.php/Wechat/Index/aa
INFO: [ app_init ] --START--
INFO: Run Behavior\BuildLiteBehavior [ RunTime:0.000085s ]
INFO: [ app_init ] --END-- [ RunTime:0.000768s ]
INFO: [ app_begin ] --START--
INFO: Run Behavior\ReadHtmlCacheBehavior [ RunTime:0.000945s ]
INFO: [ app_begin ] --END-- [ RunTime:0.001418s ]
SQL: SHOW COLUMNS FROM `qwb_user` [ RunTime:0.0115s ]
SQL: SHOW COLUMNS FROM `qwb_user` [ RunTime:0.0093s ]
SQL: SELECT `id`,`qr_code` FROM `qwb_user` WHERE `openid` = 'oHvh3uN1_DFalc1Ar5ip-pabQxEs' LIMIT 1   [ RunTime:0.0082s ]
INFO: [ app_end ] --START--
INFO: Run Behavior\ShowPageTraceBehavior [ RunTime:0.001224s ]
INFO: [ app_end ] --END-- [ RunTime:0.001889s ]

[ 2016-07-03T23:36:56+08:00 ] ::1 /quwanba1/index.php/Wechat/Index/aa
INFO: [ app_init ] --START--
INFO: Run Behavior\BuildLiteBehavior [ RunTime:0.000087s ]
INFO: [ app_init ] --END-- [ RunTime:0.000776s ]
INFO: [ app_begin ] --START--
INFO: Run Behavior\ReadHtmlCacheBehavior [ RunTime:0.000655s ]
INFO: [ app_begin ] --END-- [ RunTime:0.001005s ]
SQL: SHOW COLUMNS FROM `qwb_user` [ RunTime:0.0077s ]
SQL: SHOW COLUMNS FROM `qwb_user` [ RunTime:0.0075s ]
SQL: SELECT `id`,`qr_code` FROM `qwb_user` WHERE `openid` = 'oHvh3uN1_DFalc1Ar5ip-pabQxEs' LIMIT 1   [ RunTime:0.0070s ]
INFO: [ app_end ] --START--
INFO: Run Behavior\ShowPageTraceBehavior [ RunTime:0.000770s ]
INFO: [ app_end ] --END-- [ RunTime:0.001182s ]

[ 2016-07-03T23:37:29+08:00 ] ::1 /quwanba1/index.php/Wechat/Index/aa
INFO: [ app_init ] --START--
INFO: Run Behavior\BuildLiteBehavior [ RunTime:0.000082s ]
INFO: [ app_init ] --END-- [ RunTime:0.000809s ]
INFO: [ app_begin ] --START--
INFO: Run Behavior\ReadHtmlCacheBehavior [ RunTime:0.000641s ]
INFO: [ app_begin ] --END-- [ RunTime:0.000984s ]
SQL: SHOW COLUMNS FROM `qwb_user` [ RunTime:0.0085s ]
SQL: SHOW COLUMNS FROM `qwb_user` [ RunTime:0.0066s ]
SQL: SELECT `id`,`qr_code` FROM `qwb_user` WHERE `openid` = 'oHvh3uN1_DFalc1Ar5ip-pabQxEs' LIMIT 1   [ RunTime:0.0063s ]
INFO: [ app_end ] --START--
INFO: Run Behavior\ShowPageTraceBehavior [ RunTime:0.001172s ]
INFO: [ app_end ] --END-- [ RunTime:0.002091s ]

[ 2016-07-03T23:37:30+08:00 ] ::1 /quwanba1/index.php/Wechat/Index/aa
INFO: [ app_init ] --START--
INFO: Run Behavior\BuildLiteBehavior [ RunTime:0.000095s ]
INFO: [ app_init ] --END-- [ RunTime:0.000866s ]
INFO: [ app_begin ] --START--
INFO: Run Behavior\ReadHtmlCacheBehavior [ RunTime:0.000699s ]
INFO: [ app_begin ] --END-- [ RunTime:0.001068s ]
SQL: SHOW COLUMNS FROM `qwb_user` [ RunTime:0.0076s ]
SQL: SHOW COLUMNS FROM `qwb_user` [ RunTime:0.0079s ]
SQL: SELECT `id`,`qr_code` FROM `qwb_user` WHERE `openid` = 'oHvh3uN1_DFalc1Ar5ip-pabQxEs' LIMIT 1   [ RunTime:0.0072s ]
INFO: [ app_end ] --START--
INFO: Run Behavior\ShowPageTraceBehavior [ RunTime:0.001234s ]
INFO: [ app_end ] --END-- [ RunTime:0.001900s ]

[ 2016-07-03T23:37:30+08:00 ] ::1 /quwanba1/index.php/Wechat/Index/aa
INFO: [ app_init ] --START--
INFO: Run Behavior\BuildLiteBehavior [ RunTime:0.000095s ]
INFO: [ app_init ] --END-- [ RunTime:0.000943s ]
INFO: [ app_begin ] --START--
INFO: Run Behavior\ReadHtmlCacheBehavior [ RunTime:0.000603s ]
INFO: [ app_begin ] --END-- [ RunTime:0.000944s ]
SQL: SHOW COLUMNS FROM `qwb_user` [ RunTime:0.0075s ]
SQL: SHOW COLUMNS FROM `qwb_user` [ RunTime:0.0104s ]
SQL: SELECT `id`,`qr_code` FROM `qwb_user` WHERE `openid` = 'oHvh3uN1_DFalc1Ar5ip-pabQxEs' LIMIT 1   [ RunTime:0.0089s ]
INFO: [ app_end ] --START--
INFO: Run Behavior\ShowPageTraceBehavior [ RunTime:0.001449s ]
INFO: [ app_end ] --END-- [ RunTime:0.002195s ]

[ 2016-07-03T23:37:30+08:00 ] ::1 /quwanba1/index.php/Wechat/Index/aa
INFO: [ app_init ] --START--
INFO: Run Behavior\BuildLiteBehavior [ RunTime:0.000098s ]
INFO: [ app_init ] --END-- [ RunTime:0.001416s ]
INFO: [ app_begin ] --START--
INFO: Run Behavior\ReadHtmlCacheBehavior [ RunTime:0.000769s ]
INFO: [ app_begin ] --END-- [ RunTime:0.001122s ]
SQL: SHOW COLUMNS FROM `qwb_user` [ RunTime:0.0076s ]
SQL: SHOW COLUMNS FROM `qwb_user` [ RunTime:0.0071s ]
SQL: SELECT `id`,`qr_code` FROM `qwb_user` WHERE `openid` = 'oHvh3uN1_DFalc1Ar5ip-pabQxEs' LIMIT 1   [ RunTime:0.0095s ]
INFO: [ app_end ] --START--
INFO: Run Behavior\ShowPageTraceBehavior [ RunTime:0.000723s ]
INFO: [ app_end ] --END-- [ RunTime:0.001112s ]

[ 2016-07-03T23:37:31+08:00 ] ::1 /quwanba1/index.php/Wechat/Index/aa
INFO: [ app_init ] --START--
INFO: Run Behavior\BuildLiteBehavior [ RunTime:0.000085s ]
INFO: [ app_init ] --END-- [ RunTime:0.000777s ]
INFO: [ app_begin ] --START--
INFO: Run Behavior\ReadHtmlCacheBehavior [ RunTime:0.000596s ]
INFO: [ app_begin ] --END-- [ RunTime:0.000957s ]
SQL: SHOW COLUMNS FROM `qwb_user` [ RunTime:0.0080s ]
SQL: SHOW COLUMNS FROM `qwb_user` [ RunTime:0.0072s ]
SQL: SELECT `id`,`qr_code` FROM `qwb_user` WHERE `openid` = 'oHvh3uN1_DFalc1Ar5ip-pabQxEs' LIMIT 1   [ RunTime:0.0073s ]
INFO: [ app_end ] --START--
INFO: Run Behavior\ShowPageTraceBehavior [ RunTime:0.001284s ]
INFO: [ app_end ] --END-- [ RunTime:0.001967s ]

[ 2016-07-03T23:37:31+08:00 ] ::1 /quwanba1/index.php/Wechat/Index/aa
INFO: [ app_init ] --START--
INFO: Run Behavior\BuildLiteBehavior [ RunTime:0.000082s ]
INFO: [ app_init ] --END-- [ RunTime:0.000800s ]
INFO: [ app_begin ] --START--
INFO: Run Behavior\ReadHtmlCacheBehavior [ RunTime:0.001009s ]
INFO: [ app_begin ] --END-- [ RunTime:0.001516s ]
SQL: SHOW COLUMNS FROM `qwb_user` [ RunTime:0.0087s ]
SQL: SHOW COLUMNS FROM `qwb_user` [ RunTime:0.0069s ]
SQL: SELECT `id`,`qr_code` FROM `qwb_user` WHERE `openid` = 'oHvh3uN1_DFalc1Ar5ip-pabQxEs' LIMIT 1   [ RunTime:0.0067s ]
INFO: [ app_end ] --START--
INFO: Run Behavior\ShowPageTraceBehavior [ RunTime:0.001011s ]
INFO: [ app_end ] --END-- [ RunTime:0.001521s ]

[ 2016-07-03T23:37:31+08:00 ] ::1 /quwanba1/index.php/Wechat/Index/aa
INFO: [ app_init ] --START--
INFO: Run Behavior\BuildLiteBehavior [ RunTime:0.000084s ]
INFO: [ app_init ] --END-- [ RunTime:0.000861s ]
INFO: [ app_begin ] --START--
INFO: Run Behavior\ReadHtmlCacheBehavior [ RunTime:0.001038s ]
INFO: [ app_begin ] --END-- [ RunTime:0.001611s ]
SQL: SHOW COLUMNS FROM `qwb_user` [ RunTime:0.0084s ]
SQL: SHOW COLUMNS FROM `qwb_user` [ RunTime:0.0089s ]
SQL: SELECT `id`,`qr_code` FROM `qwb_user` WHERE `openid` = 'oHvh3uN1_DFalc1Ar5ip-pabQxEs' LIMIT 1   [ RunTime:0.0072s ]
INFO: [ app_end ] --START--
INFO: Run Behavior\ShowPageTraceBehavior [ RunTime:0.000769s ]
INFO: [ app_end ] --END-- [ RunTime:0.001251s ]

[ 2016-07-03T23:37:31+08:00 ] ::1 /quwanba1/index.php/Wechat/Index/aa
INFO: [ app_init ] --START--
INFO: Run Behavior\BuildLiteBehavior [ RunTime:0.000074s ]
INFO: [ app_init ] --END-- [ RunTime:0.000677s ]
INFO: [ app_begin ] --START--
INFO: Run Behavior\ReadHtmlCacheBehavior [ RunTime:0.000575s ]
INFO: [ app_begin ] --END-- [ RunTime:0.000920s ]
SQL: SHOW COLUMNS FROM `qwb_user` [ RunTime:0.0066s ]
SQL: SHOW COLUMNS FROM `qwb_user` [ RunTime:0.0080s ]
SQL: SELECT `id`,`qr_code` FROM `qwb_user` WHERE `openid` = 'oHvh3uN1_DFalc1Ar5ip-pabQxEs' LIMIT 1   [ RunTime:0.0065s ]
INFO: [ app_end ] --START--
INFO: Run Behavior\ShowPageTraceBehavior [ RunTime:0.001226s ]
INFO: [ app_end ] --END-- [ RunTime:0.001890s ]

[ 2016-07-03T23:37:32+08:00 ] ::1 /quwanba1/index.php/Wechat/Index/aa
INFO: [ app_init ] --START--
INFO: Run Behavior\BuildLiteBehavior [ RunTime:0.000139s ]
INFO: [ app_init ] --END-- [ RunTime:0.001121s ]
INFO: [ app_begin ] --START--
INFO: Run Behavior\ReadHtmlCacheBehavior [ RunTime:0.000720s ]
INFO: [ app_begin ] --END-- [ RunTime:0.001088s ]
SQL: SHOW COLUMNS FROM `qwb_user` [ RunTime:0.0075s ]
SQL: SHOW COLUMNS FROM `qwb_user` [ RunTime:0.0073s ]
SQL: SELECT `id`,`qr_code` FROM `qwb_user` WHERE `openid` = 'oHvh3uN1_DFalc1Ar5ip-pabQxEs' LIMIT 1   [ RunTime:0.0080s ]
INFO: [ app_end ] --START--
INFO: Run Behavior\ShowPageTraceBehavior [ RunTime:0.001285s ]
INFO: [ app_end ] --END-- [ RunTime:0.002071s ]

[ 2016-07-03T23:37:32+08:00 ] ::1 /quwanba1/index.php/Wechat/Index/aa
INFO: [ app_init ] --START--
INFO: Run Behavior\BuildLiteBehavior [ RunTime:0.000082s ]
INFO: [ app_init ] --END-- [ RunTime:0.000923s ]
INFO: [ app_begin ] --START--
INFO: Run Behavior\ReadHtmlCacheBehavior [ RunTime:0.000775s ]
INFO: [ app_begin ] --END-- [ RunTime:0.001151s ]
SQL: SHOW COLUMNS FROM `qwb_user` [ RunTime:0.0160s ]
SQL: SHOW COLUMNS FROM `qwb_user` [ RunTime:0.0077s ]
SQL: SELECT `id`,`qr_code` FROM `qwb_user` WHERE `openid` = 'oHvh3uN1_DFalc1Ar5ip-pabQxEs' LIMIT 1   [ RunTime:0.0074s ]
INFO: [ app_end ] --START--
INFO: Run Behavior\ShowPageTraceBehavior [ RunTime:0.000990s ]
INFO: [ app_end ] --END-- [ RunTime:0.001492s ]

[ 2016-07-03T23:38:50+08:00 ] ::1 /quwanba1/index.php/Wechat/Index/aa
INFO: [ app_init ] --START--
INFO: Run Behavior\BuildLiteBehavior [ RunTime:0.000079s ]
INFO: [ app_init ] --END-- [ RunTime:0.000781s ]
INFO: [ app_begin ] --START--
INFO: Run Behavior\ReadHtmlCacheBehavior [ RunTime:0.000797s ]
INFO: [ app_begin ] --END-- [ RunTime:0.001398s ]
SQL: SHOW COLUMNS FROM `qwb_user` [ RunTime:0.0075s ]
SQL: SHOW COLUMNS FROM `qwb_user` [ RunTime:0.0072s ]
SQL: SELECT `id`,`qr_code` FROM `qwb_user` WHERE `openid` = 'oHvh3uN1_DFalc1Ar5ip-pabQxEs' LIMIT 1   [ RunTime:0.0070s ]
INFO: [ app_end ] --START--
INFO: Run Behavior\ShowPageTraceBehavior [ RunTime:0.000753s ]
INFO: [ app_end ] --END-- [ RunTime:0.001114s ]

[ 2016-07-03T23:38:51+08:00 ] ::1 /quwanba1/index.php/Wechat/Index/aa
INFO: [ app_init ] --START--
INFO: Run Behavior\BuildLiteBehavior [ RunTime:0.000094s ]
INFO: [ app_init ] --END-- [ RunTime:0.000988s ]
INFO: [ app_begin ] --START--
INFO: Run Behavior\ReadHtmlCacheBehavior [ RunTime:0.000610s ]
INFO: [ app_begin ] --END-- [ RunTime:0.000952s ]
SQL: SHOW COLUMNS FROM `qwb_user` [ RunTime:0.0089s ]
SQL: SHOW COLUMNS FROM `qwb_user` [ RunTime:0.0090s ]
SQL: SELECT `id`,`qr_code` FROM `qwb_user` WHERE `openid` = 'oHvh3uN1_DFalc1Ar5ip-pabQxEs' LIMIT 1   [ RunTime:0.0077s ]
INFO: [ app_end ] --START--
INFO: Run Behavior\ShowPageTraceBehavior [ RunTime:0.000812s ]
INFO: [ app_end ] --END-- [ RunTime:0.001179s ]

[ 2016-07-03T23:38:51+08:00 ] ::1 /quwanba1/index.php/Wechat/Index/aa
INFO: [ app_init ] --START--
INFO: Run Behavior\BuildLiteBehavior [ RunTime:0.000079s ]
INFO: [ app_init ] --END-- [ RunTime:0.000766s ]
INFO: [ app_begin ] --START--
INFO: Run Behavior\ReadHtmlCacheBehavior [ RunTime:0.000684s ]
INFO: [ app_begin ] --END-- [ RunTime:0.001134s ]
SQL: SHOW COLUMNS FROM `qwb_user` [ RunTime:0.0073s ]
SQL: SHOW COLUMNS FROM `qwb_user` [ RunTime:0.0072s ]
SQL: SELECT `id`,`qr_code` FROM `qwb_user` WHERE `openid` = 'oHvh3uN1_DFalc1Ar5ip-pabQxEs' LIMIT 1   [ RunTime:0.0068s ]
INFO: [ app_end ] --START--
INFO: Run Behavior\ShowPageTraceBehavior [ RunTime:0.001058s ]
INFO: [ app_end ] --END-- [ RunTime:0.001576s ]

[ 2016-07-03T23:38:51+08:00 ] ::1 /quwanba1/index.php/Wechat/Index/aa
INFO: [ app_init ] --START--
INFO: Run Behavior\BuildLiteBehavior [ RunTime:0.000087s ]
INFO: [ app_init ] --END-- [ RunTime:0.000714s ]
INFO: [ app_begin ] --START--
INFO: Run Behavior\ReadHtmlCacheBehavior [ RunTime:0.000581s ]
INFO: [ app_begin ] --END-- [ RunTime:0.000914s ]
SQL: SHOW COLUMNS FROM `qwb_user` [ RunTime:0.0076s ]
SQL: SHOW COLUMNS FROM `qwb_user` [ RunTime:0.0077s ]
SQL: SELECT `id`,`qr_code` FROM `qwb_user` WHERE `openid` = 'oHvh3uN1_DFalc1Ar5ip-pabQxEs' LIMIT 1   [ RunTime:0.0068s ]
INFO: [ app_end ] --START--
INFO: Run Behavior\ShowPageTraceBehavior [ RunTime:0.000732s ]
INFO: [ app_end ] --END-- [ RunTime:0.001107s ]

[ 2016-07-03T23:38:52+08:00 ] ::1 /quwanba1/index.php/Wechat/Index/aa
INFO: [ app_init ] --START--
INFO: Run Behavior\BuildLiteBehavior [ RunTime:0.000157s ]
INFO: [ app_init ] --END-- [ RunTime:0.001209s ]
INFO: [ app_begin ] --START--
INFO: Run Behavior\ReadHtmlCacheBehavior [ RunTime:0.000658s ]
INFO: [ app_begin ] --END-- [ RunTime:0.001073s ]
SQL: SHOW COLUMNS FROM `qwb_user` [ RunTime:0.0082s ]
SQL: SHOW COLUMNS FROM `qwb_user` [ RunTime:0.0078s ]
SQL: SELECT `id`,`qr_code` FROM `qwb_user` WHERE `openid` = 'oHvh3uN1_DFalc1Ar5ip-pabQxEs' LIMIT 1   [ RunTime:0.0108s ]
INFO: [ app_end ] --START--
INFO: Run Behavior\ShowPageTraceBehavior [ RunTime:0.000721s ]
INFO: [ app_end ] --END-- [ RunTime:0.001080s ]

[ 2016-07-03T23:46:47+08:00 ] ::1 /quwanba1/index.php/Wechat/Index/get_QRcode
INFO: [ app_init ] --START--
INFO: Run Behavior\BuildLiteBehavior [ RunTime:0.000113s ]
INFO: [ app_init ] --END-- [ RunTime:0.001118s ]
INFO: [ app_begin ] --START--
INFO: Run Behavior\ReadHtmlCacheBehavior [ RunTime:0.000920s ]
INFO: [ app_begin ] --END-- [ RunTime:0.001400s ]
SQL: SHOW COLUMNS FROM `qwb_user` [ RunTime:0.0067s ]
SQL: SHOW COLUMNS FROM `qwb_system` [ RunTime:0.0063s ]
SQL: SELECT `access_token` FROM `qwb_system` WHERE `past_time` >= 1467560807 LIMIT 1   [ RunTime:0.0061s ]
INFO: [ app_end ] --START--
INFO: Run Behavior\ShowPageTraceBehavior [ RunTime:0.001099s ]
INFO: [ app_end ] --END-- [ RunTime:0.001716s ]

[ 2016-07-03T23:48:57+08:00 ] ::1 /quwanba1/index.php/Wechat/Index/aa
INFO: [ app_init ] --START--
INFO: Run Behavior\BuildLiteBehavior [ RunTime:0.000113s ]
INFO: [ app_init ] --END-- [ RunTime:0.001143s ]
INFO: [ app_begin ] --START--
INFO: Run Behavior\ReadHtmlCacheBehavior [ RunTime:0.000772s ]
INFO: [ app_begin ] --END-- [ RunTime:0.001130s ]
SQL: SHOW COLUMNS FROM `qwb_user` [ RunTime:0.0236s ]
SQL: SHOW COLUMNS FROM `qwb_user` [ RunTime:0.0117s ]
SQL: SELECT `id`,`qr_code` FROM `qwb_user` WHERE `openid` = 'oHvh3uN1_DFalc1Ar5ip-pabQxEs' LIMIT 1   [ RunTime:0.0062s ]
SQL: SHOW COLUMNS FROM `qwb_system` [ RunTime:0.0066s ]
SQL: SELECT `access_token` FROM `qwb_system` WHERE `past_time` >= 1467560937 LIMIT 1   [ RunTime:0.0074s ]
INFO: [ app_end ] --START--
INFO: Run Behavior\ShowPageTraceBehavior [ RunTime:0.001094s ]
INFO: [ app_end ] --END-- [ RunTime:0.001625s ]

